Copyright 1986-2019 Xilinx, Inc. All Rights Reserved.
---------------------------------------------------------------------------------------------------------------------------------------------------------------------------------------
| Tool Version      : Vivado v.2019.1 (win64) Build 2552052 Fri May 24 14:49:42 MDT 2019
| Date              : Thu Feb 27 22:45:23 2020
| Host              : eee-bumblebee running 64-bit major release  (build 9200)
| Command           : report_timing_summary -delay_type min_max -report_unconstrained -check_timing_verbose -max_paths 3 -nworst 3 -name timing_post_route -file timing_post_route.rpt
| Design            : Parallel_LHT
| Device            : xczu7ev-ffvc1156
| Speed File        : -2  PRODUCTION 1.25 05-09-2019
| Temperature Grade : E
---------------------------------------------------------------------------------------------------------------------------------------------------------------------------------------

Timing Summary Report

------------------------------------------------------------------------------------------------
| Timer Settings
| --------------
------------------------------------------------------------------------------------------------

  Enable Multi Corner Analysis               :  Yes
  Enable Pessimism Removal                   :  Yes
  Pessimism Removal Resolution               :  Nearest Common Node
  Enable Input Delay Default Clock           :  No
  Enable Preset / Clear Arcs                 :  No
  Disable Flight Delays                      :  No
  Ignore I/O Paths                           :  No
  Timing Early Launch at Borrowing Latches   :  No
  Borrow Time for Max Delay Exceptions       :  Yes

  Corner  Analyze    Analyze    
  Name    Max Paths  Min Paths  
  ------  ---------  ---------  
  Slow    Yes        Yes        
  Fast    Yes        Yes        



check_timing report

Table of Contents
-----------------
1. checking no_clock
2. checking constant_clock
3. checking pulse_width_clock
4. checking unconstrained_internal_endpoints
5. checking no_input_delay
6. checking no_output_delay
7. checking multiple_clock
8. checking generated_clocks
9. checking loops
10. checking partial_input_delay
11. checking partial_output_delay
12. checking latch_loops

1. checking no_clock
--------------------
 There are 0 register/latch pins with no clock.


2. checking constant_clock
--------------------------
 There are 0 register/latch pins with constant_clock.


3. checking pulse_width_clock
-----------------------------
 There are 0 register/latch pins which need pulse_width check


4. checking unconstrained_internal_endpoints
--------------------------------------------
 There are 0 pins that are not constrained for maximum delay.

 There are 0 pins that are not constrained for maximum delay due to constant clock.


5. checking no_input_delay
--------------------------
 There are 6 input ports with no input delay specified. (HIGH)

clk_enable
reset
s_axis_tdata
s_axis_tlast
s_axis_tuser
s_axis_tvalid

 There are 0 input ports with no input delay but user has a false path constraint.


6. checking no_output_delay
---------------------------
 There are 12 ports with no output delay specified. (HIGH)

m_axis_tdata[0]
m_axis_tdata[1]
m_axis_tdata[2]
m_axis_tdata[3]
m_axis_tdata[4]
m_axis_tdata[5]
m_axis_tdata[6]
m_axis_tdata[7]
m_axis_tdata[8]
m_axis_tlast
m_axis_tuser
m_axis_tvalid

 There are 0 ports with no output delay but user has a false path constraint

 There are 0 ports with no output delay but with a timing clock defined on it or propagating through it


7. checking multiple_clock
--------------------------
 There are 0 register/latch pins with multiple clocks.


8. checking generated_clocks
----------------------------
 There are 0 generated clocks that are not connected to a clock source.


9. checking loops
-----------------
 There are 0 combinational loops in the design.


10. checking partial_input_delay
--------------------------------
 There are 0 input ports with partial input delay specified.


11. checking partial_output_delay
---------------------------------
 There are 0 ports with partial output delay specified.


12. checking latch_loops
------------------------
 There are 0 combinational latch loops in the design through latch input



------------------------------------------------------------------------------------------------
| Design Timing Summary
| ---------------------
------------------------------------------------------------------------------------------------

    WNS(ns)      TNS(ns)  TNS Failing Endpoints  TNS Total Endpoints      WHS(ns)      THS(ns)  THS Failing Endpoints  THS Total Endpoints     WPWS(ns)     TPWS(ns)  TPWS Failing Endpoints  TPWS Total Endpoints  
    -------      -------  ---------------------  -------------------      -------      -------  ---------------------  -------------------     --------     --------  ----------------------  --------------------  
      0.238        0.000                      0                16615        0.042        0.000                      0                16615        2.791        0.000                       0                  6717  


All user specified timing constraints are met.


------------------------------------------------------------------------------------------------
| Clock Summary
| -------------
------------------------------------------------------------------------------------------------

Clock  Waveform(ns)         Period(ns)      Frequency(MHz)
-----  ------------         ----------      --------------
MWCLK  {0.000 3.333}        6.667           149.992         


------------------------------------------------------------------------------------------------
| Intra Clock Table
| -----------------
------------------------------------------------------------------------------------------------

Clock             WNS(ns)      TNS(ns)  TNS Failing Endpoints  TNS Total Endpoints      WHS(ns)      THS(ns)  THS Failing Endpoints  THS Total Endpoints     WPWS(ns)     TPWS(ns)  TPWS Failing Endpoints  TPWS Total Endpoints  
-----             -------      -------  ---------------------  -------------------      -------      -------  ---------------------  -------------------     --------     --------  ----------------------  --------------------  
MWCLK               0.238        0.000                      0                16615        0.042        0.000                      0                16615        2.791        0.000                       0                  6717  


------------------------------------------------------------------------------------------------
| Inter Clock Table
| -----------------
------------------------------------------------------------------------------------------------

From Clock    To Clock          WNS(ns)      TNS(ns)  TNS Failing Endpoints  TNS Total Endpoints      WHS(ns)      THS(ns)  THS Failing Endpoints  THS Total Endpoints  
----------    --------          -------      -------  ---------------------  -------------------      -------      -------  ---------------------  -------------------  


------------------------------------------------------------------------------------------------
| Other Path Groups Table
| -----------------------
------------------------------------------------------------------------------------------------

Path Group    From Clock    To Clock          WNS(ns)      TNS(ns)  TNS Failing Endpoints  TNS Total Endpoints      WHS(ns)      THS(ns)  THS Failing Endpoints  THS Total Endpoints  
----------    ----------    --------          -------      -------  ---------------------  -------------------      -------      -------  ---------------------  -------------------  


------------------------------------------------------------------------------------------------
| User Ignored Path Table
| -----------------------
------------------------------------------------------------------------------------------------

Path Group    From Clock    To Clock    
----------    ----------    --------    


------------------------------------------------------------------------------------------------
| Unconstrained Path Table
| ------------------------
------------------------------------------------------------------------------------------------

Path Group    From Clock    To Clock    
----------    ----------    --------    
(none)                                    
(none)        MWCLK                       
(none)                      MWCLK         


------------------------------------------------------------------------------------------------
| Timing Details
| --------------
------------------------------------------------------------------------------------------------


---------------------------------------------------------------------------------------------------
From Clock:  MWCLK
  To Clock:  MWCLK

Setup :            0  Failing Endpoints,  Worst Slack        0.238ns,  Total Violation        0.000ns
Hold  :            0  Failing Endpoints,  Worst Slack        0.042ns,  Total Violation        0.000ns
PW    :            0  Failing Endpoints,  Worst Slack        2.791ns,  Total Violation        0.000ns
---------------------------------------------------------------------------------------------------


Max Delay Paths
--------------------------------------------------------------------------------------
Slack (MET) :             0.238ns  (required time - arrival time)
  Source:                 u_Parallel_LHT_Kernel/u_Hough_Kernel/u_Hough_Kernel_Symmetric_Look_Ahead/u_Hough_Kernel_Symmetric/X_1_reg[5]/C
                            (rising edge-triggered cell FDCE clocked by MWCLK  {rise@0.000ns fall@3.333ns period=6.667ns})
  Destination:            u_Parallel_LHT_Kernel/u_Hough_Kernel/u_Hough_Kernel_Symmetric_Look_Ahead/u_Hough_Kernel_Symmetric/xcos_out1[5]/DSP_OUTPUT_INST/ALU_OUT[10]
                            (rising edge-triggered cell DSP_OUTPUT clocked by MWCLK  {rise@0.000ns fall@3.333ns period=6.667ns})
  Path Group:             MWCLK
  Path Type:              Setup (Max at Slow Process Corner)
  Requirement:            6.667ns  (MWCLK rise@6.667ns - MWCLK rise@0.000ns)
  Data Path Delay:        6.423ns  (logic 1.531ns (23.836%)  route 4.892ns (76.164%))
  Logic Levels:           5  (DSP_A_B_DATA=1 DSP_ALU=1 DSP_M_DATA=1 DSP_MULTIPLIER=1 DSP_PREADD_DATA=1)
  Clock Path Skew:        0.014ns (DCD - SCD + CPR)
    Destination Clock Delay (DCD):    0.043ns = ( 6.710 - 6.667 ) 
    Source Clock Delay      (SCD):    0.029ns
    Clock Pessimism Removal (CPR):    0.000ns
  Clock Uncertainty:      0.035ns  ((TSJ^2 + TIJ^2)^1/2 + DJ) / 2 + PE
    Total System Jitter     (TSJ):    0.071ns
    Total Input Jitter      (TIJ):    0.000ns
    Discrete Jitter          (DJ):    0.000ns
    Phase Error              (PE):    0.000ns

    Location             Delay type                Incr(ns)  Path(ns)    Netlist Resource(s)
  -------------------------------------------------------------------    -------------------
                         (clock MWCLK rise edge)      0.000     0.000 r  
                                                      0.000     0.000 r  clk (IN)
                         net (fo=7176, unset)         0.029     0.029    u_Parallel_LHT_Kernel/u_Hough_Kernel/u_Hough_Kernel_Symmetric_Look_Ahead/u_Hough_Kernel_Symmetric/clk
    SLICE_X92Y235        FDCE                                         r  u_Parallel_LHT_Kernel/u_Hough_Kernel/u_Hough_Kernel_Symmetric_Look_Ahead/u_Hough_Kernel_Symmetric/X_1_reg[5]/C
  -------------------------------------------------------------------    -------------------
    SLICE_X92Y235        FDCE (Prop_GFF2_SLICEL_C_Q)
                                                      0.081     0.110 f  u_Parallel_LHT_Kernel/u_Hough_Kernel/u_Hough_Kernel_Symmetric_Look_Ahead/u_Hough_Kernel_Symmetric/X_1_reg[5]/Q
                         net (fo=91, routed)          4.892     5.002    u_Parallel_LHT_Kernel/u_Hough_Kernel/u_Hough_Kernel_Symmetric_Look_Ahead/u_Hough_Kernel_Symmetric/xcos_out1[5]/B[5]
    DSP48E2_X12Y54       DSP_A_B_DATA (Prop_DSP_A_B_DATA_DSP48E2_B[5]_B2_DATA[5])
                                                      0.151     5.153 r  u_Parallel_LHT_Kernel/u_Hough_Kernel/u_Hough_Kernel_Symmetric_Look_Ahead/u_Hough_Kernel_Symmetric/xcos_out1[5]/DSP_A_B_DATA_INST/B2_DATA[5]
                         net (fo=1, routed)           0.000     5.153    u_Parallel_LHT_Kernel/u_Hough_Kernel/u_Hough_Kernel_Symmetric_Look_Ahead/u_Hough_Kernel_Symmetric/xcos_out1[5]/DSP_A_B_DATA.B2_DATA<5>
    DSP48E2_X12Y54       DSP_PREADD_DATA (Prop_DSP_PREADD_DATA_DSP48E2_B2_DATA[5]_B2B1[5])
                                                      0.073     5.226 r  u_Parallel_LHT_Kernel/u_Hough_Kernel/u_Hough_Kernel_Symmetric_Look_Ahead/u_Hough_Kernel_Symmetric/xcos_out1[5]/DSP_PREADD_DATA_INST/B2B1[5]
                         net (fo=1, routed)           0.000     5.226    u_Parallel_LHT_Kernel/u_Hough_Kernel/u_Hough_Kernel_Symmetric_Look_Ahead/u_Hough_Kernel_Symmetric/xcos_out1[5]/DSP_PREADD_DATA.B2B1<5>
    DSP48E2_X12Y54       DSP_MULTIPLIER (Prop_DSP_MULTIPLIER_DSP48E2_B2B1[5]_V[10])
                                                      0.609     5.835 f  u_Parallel_LHT_Kernel/u_Hough_Kernel/u_Hough_Kernel_Symmetric_Look_Ahead/u_Hough_Kernel_Symmetric/xcos_out1[5]/DSP_MULTIPLIER_INST/V[10]
                         net (fo=1, routed)           0.000     5.835    u_Parallel_LHT_Kernel/u_Hough_Kernel/u_Hough_Kernel_Symmetric_Look_Ahead/u_Hough_Kernel_Symmetric/xcos_out1[5]/DSP_MULTIPLIER.V<10>
    DSP48E2_X12Y54       DSP_M_DATA (Prop_DSP_M_DATA_DSP48E2_V[10]_V_DATA[10])
                                                      0.046     5.881 r  u_Parallel_LHT_Kernel/u_Hough_Kernel/u_Hough_Kernel_Symmetric_Look_Ahead/u_Hough_Kernel_Symmetric/xcos_out1[5]/DSP_M_DATA_INST/V_DATA[10]
                         net (fo=1, routed)           0.000     5.881    u_Parallel_LHT_Kernel/u_Hough_Kernel/u_Hough_Kernel_Symmetric_Look_Ahead/u_Hough_Kernel_Symmetric/xcos_out1[5]/DSP_M_DATA.V_DATA<10>
    DSP48E2_X12Y54       DSP_ALU (Prop_DSP_ALU_DSP48E2_V_DATA[10]_ALU_OUT[10])
                                                      0.571     6.452 r  u_Parallel_LHT_Kernel/u_Hough_Kernel/u_Hough_Kernel_Symmetric_Look_Ahead/u_Hough_Kernel_Symmetric/xcos_out1[5]/DSP_ALU_INST/ALU_OUT[10]
                         net (fo=1, routed)           0.000     6.452    u_Parallel_LHT_Kernel/u_Hough_Kernel/u_Hough_Kernel_Symmetric_Look_Ahead/u_Hough_Kernel_Symmetric/xcos_out1[5]/DSP_ALU.ALU_OUT<10>
    DSP48E2_X12Y54       DSP_OUTPUT                                   r  u_Parallel_LHT_Kernel/u_Hough_Kernel/u_Hough_Kernel_Symmetric_Look_Ahead/u_Hough_Kernel_Symmetric/xcos_out1[5]/DSP_OUTPUT_INST/ALU_OUT[10]
  -------------------------------------------------------------------    -------------------

                         (clock MWCLK rise edge)      6.667     6.667 r  
                                                      0.000     6.667 r  clk (IN)
                         net (fo=7176, unset)         0.043     6.710    u_Parallel_LHT_Kernel/u_Hough_Kernel/u_Hough_Kernel_Symmetric_Look_Ahead/u_Hough_Kernel_Symmetric/xcos_out1[5]/CLK
    DSP48E2_X12Y54       DSP_OUTPUT                                   r  u_Parallel_LHT_Kernel/u_Hough_Kernel/u_Hough_Kernel_Symmetric_Look_Ahead/u_Hough_Kernel_Symmetric/xcos_out1[5]/DSP_OUTPUT_INST/CLK
                         clock pessimism              0.000     6.710    
                         clock uncertainty           -0.035     6.675    
    DSP48E2_X12Y54       DSP_OUTPUT (Setup_DSP_OUTPUT_DSP48E2_CLK_ALU_OUT[10])
                                                      0.015     6.690    u_Parallel_LHT_Kernel/u_Hough_Kernel/u_Hough_Kernel_Symmetric_Look_Ahead/u_Hough_Kernel_Symmetric/xcos_out1[5]/DSP_OUTPUT_INST
  -------------------------------------------------------------------
                         required time                          6.690    
                         arrival time                          -6.452    
  -------------------------------------------------------------------
                         slack                                  0.238    

Slack (MET) :             0.238ns  (required time - arrival time)
  Source:                 u_Parallel_LHT_Kernel/u_Hough_Kernel/u_Hough_Kernel_Symmetric_Look_Ahead/u_Hough_Kernel_Symmetric/X_1_reg[5]/C
                            (rising edge-triggered cell FDCE clocked by MWCLK  {rise@0.000ns fall@3.333ns period=6.667ns})
  Destination:            u_Parallel_LHT_Kernel/u_Hough_Kernel/u_Hough_Kernel_Symmetric_Look_Ahead/u_Hough_Kernel_Symmetric/xcos_out1[5]/DSP_OUTPUT_INST/ALU_OUT[10]
                            (rising edge-triggered cell DSP_OUTPUT clocked by MWCLK  {rise@0.000ns fall@3.333ns period=6.667ns})
  Path Group:             MWCLK
  Path Type:              Setup (Max at Slow Process Corner)
  Requirement:            6.667ns  (MWCLK rise@6.667ns - MWCLK rise@0.000ns)
  Data Path Delay:        6.423ns  (logic 1.531ns (23.836%)  route 4.892ns (76.164%))
  Logic Levels:           5  (DSP_A_B_DATA=1 DSP_ALU=1 DSP_M_DATA=1 DSP_MULTIPLIER=1 DSP_PREADD_DATA=1)
  Clock Path Skew:        0.014ns (DCD - SCD + CPR)
    Destination Clock Delay (DCD):    0.043ns = ( 6.710 - 6.667 ) 
    Source Clock Delay      (SCD):    0.029ns
    Clock Pessimism Removal (CPR):    0.000ns
  Clock Uncertainty:      0.035ns  ((TSJ^2 + TIJ^2)^1/2 + DJ) / 2 + PE
    Total System Jitter     (TSJ):    0.071ns
    Total Input Jitter      (TIJ):    0.000ns
    Discrete Jitter          (DJ):    0.000ns
    Phase Error              (PE):    0.000ns

    Location             Delay type                Incr(ns)  Path(ns)    Netlist Resource(s)
  -------------------------------------------------------------------    -------------------
                         (clock MWCLK rise edge)      0.000     0.000 r  
                                                      0.000     0.000 r  clk (IN)
                         net (fo=7176, unset)         0.029     0.029    u_Parallel_LHT_Kernel/u_Hough_Kernel/u_Hough_Kernel_Symmetric_Look_Ahead/u_Hough_Kernel_Symmetric/clk
    SLICE_X92Y235        FDCE                                         r  u_Parallel_LHT_Kernel/u_Hough_Kernel/u_Hough_Kernel_Symmetric_Look_Ahead/u_Hough_Kernel_Symmetric/X_1_reg[5]/C
  -------------------------------------------------------------------    -------------------
    SLICE_X92Y235        FDCE (Prop_GFF2_SLICEL_C_Q)
                                                      0.081     0.110 r  u_Parallel_LHT_Kernel/u_Hough_Kernel/u_Hough_Kernel_Symmetric_Look_Ahead/u_Hough_Kernel_Symmetric/X_1_reg[5]/Q
                         net (fo=91, routed)          4.892     5.002    u_Parallel_LHT_Kernel/u_Hough_Kernel/u_Hough_Kernel_Symmetric_Look_Ahead/u_Hough_Kernel_Symmetric/xcos_out1[5]/B[5]
    DSP48E2_X12Y54       DSP_A_B_DATA (Prop_DSP_A_B_DATA_DSP48E2_B[5]_B2_DATA[5])
                                                      0.151     5.153 f  u_Parallel_LHT_Kernel/u_Hough_Kernel/u_Hough_Kernel_Symmetric_Look_Ahead/u_Hough_Kernel_Symmetric/xcos_out1[5]/DSP_A_B_DATA_INST/B2_DATA[5]
                         net (fo=1, routed)           0.000     5.153    u_Parallel_LHT_Kernel/u_Hough_Kernel/u_Hough_Kernel_Symmetric_Look_Ahead/u_Hough_Kernel_Symmetric/xcos_out1[5]/DSP_A_B_DATA.B2_DATA<5>
    DSP48E2_X12Y54       DSP_PREADD_DATA (Prop_DSP_PREADD_DATA_DSP48E2_B2_DATA[5]_B2B1[5])
                                                      0.073     5.226 f  u_Parallel_LHT_Kernel/u_Hough_Kernel/u_Hough_Kernel_Symmetric_Look_Ahead/u_Hough_Kernel_Symmetric/xcos_out1[5]/DSP_PREADD_DATA_INST/B2B1[5]
                         net (fo=1, routed)           0.000     5.226    u_Parallel_LHT_Kernel/u_Hough_Kernel/u_Hough_Kernel_Symmetric_Look_Ahead/u_Hough_Kernel_Symmetric/xcos_out1[5]/DSP_PREADD_DATA.B2B1<5>
    DSP48E2_X12Y54       DSP_MULTIPLIER (Prop_DSP_MULTIPLIER_DSP48E2_B2B1[5]_V[10])
                                                      0.609     5.835 f  u_Parallel_LHT_Kernel/u_Hough_Kernel/u_Hough_Kernel_Symmetric_Look_Ahead/u_Hough_Kernel_Symmetric/xcos_out1[5]/DSP_MULTIPLIER_INST/V[10]
                         net (fo=1, routed)           0.000     5.835    u_Parallel_LHT_Kernel/u_Hough_Kernel/u_Hough_Kernel_Symmetric_Look_Ahead/u_Hough_Kernel_Symmetric/xcos_out1[5]/DSP_MULTIPLIER.V<10>
    DSP48E2_X12Y54       DSP_M_DATA (Prop_DSP_M_DATA_DSP48E2_V[10]_V_DATA[10])
                                                      0.046     5.881 r  u_Parallel_LHT_Kernel/u_Hough_Kernel/u_Hough_Kernel_Symmetric_Look_Ahead/u_Hough_Kernel_Symmetric/xcos_out1[5]/DSP_M_DATA_INST/V_DATA[10]
                         net (fo=1, routed)           0.000     5.881    u_Parallel_LHT_Kernel/u_Hough_Kernel/u_Hough_Kernel_Symmetric_Look_Ahead/u_Hough_Kernel_Symmetric/xcos_out1[5]/DSP_M_DATA.V_DATA<10>
    DSP48E2_X12Y54       DSP_ALU (Prop_DSP_ALU_DSP48E2_V_DATA[10]_ALU_OUT[10])
                                                      0.571     6.452 r  u_Parallel_LHT_Kernel/u_Hough_Kernel/u_Hough_Kernel_Symmetric_Look_Ahead/u_Hough_Kernel_Symmetric/xcos_out1[5]/DSP_ALU_INST/ALU_OUT[10]
                         net (fo=1, routed)           0.000     6.452    u_Parallel_LHT_Kernel/u_Hough_Kernel/u_Hough_Kernel_Symmetric_Look_Ahead/u_Hough_Kernel_Symmetric/xcos_out1[5]/DSP_ALU.ALU_OUT<10>
    DSP48E2_X12Y54       DSP_OUTPUT                                   r  u_Parallel_LHT_Kernel/u_Hough_Kernel/u_Hough_Kernel_Symmetric_Look_Ahead/u_Hough_Kernel_Symmetric/xcos_out1[5]/DSP_OUTPUT_INST/ALU_OUT[10]
  -------------------------------------------------------------------    -------------------

                         (clock MWCLK rise edge)      6.667     6.667 r  
                                                      0.000     6.667 r  clk (IN)
                         net (fo=7176, unset)         0.043     6.710    u_Parallel_LHT_Kernel/u_Hough_Kernel/u_Hough_Kernel_Symmetric_Look_Ahead/u_Hough_Kernel_Symmetric/xcos_out1[5]/CLK
    DSP48E2_X12Y54       DSP_OUTPUT                                   r  u_Parallel_LHT_Kernel/u_Hough_Kernel/u_Hough_Kernel_Symmetric_Look_Ahead/u_Hough_Kernel_Symmetric/xcos_out1[5]/DSP_OUTPUT_INST/CLK
                         clock pessimism              0.000     6.710    
                         clock uncertainty           -0.035     6.675    
    DSP48E2_X12Y54       DSP_OUTPUT (Setup_DSP_OUTPUT_DSP48E2_CLK_ALU_OUT[10])
                                                      0.015     6.690    u_Parallel_LHT_Kernel/u_Hough_Kernel/u_Hough_Kernel_Symmetric_Look_Ahead/u_Hough_Kernel_Symmetric/xcos_out1[5]/DSP_OUTPUT_INST
  -------------------------------------------------------------------
                         required time                          6.690    
                         arrival time                          -6.452    
  -------------------------------------------------------------------
                         slack                                  0.238    

Slack (MET) :             0.238ns  (required time - arrival time)
  Source:                 u_Parallel_LHT_Kernel/u_Hough_Kernel/u_Hough_Kernel_Symmetric_Look_Ahead/u_Hough_Kernel_Symmetric/X_1_reg[5]/C
                            (rising edge-triggered cell FDCE clocked by MWCLK  {rise@0.000ns fall@3.333ns period=6.667ns})
  Destination:            u_Parallel_LHT_Kernel/u_Hough_Kernel/u_Hough_Kernel_Symmetric_Look_Ahead/u_Hough_Kernel_Symmetric/xcos_out1[5]/DSP_OUTPUT_INST/ALU_OUT[10]
                            (rising edge-triggered cell DSP_OUTPUT clocked by MWCLK  {rise@0.000ns fall@3.333ns period=6.667ns})
  Path Group:             MWCLK
  Path Type:              Setup (Max at Slow Process Corner)
  Requirement:            6.667ns  (MWCLK rise@6.667ns - MWCLK rise@0.000ns)
  Data Path Delay:        6.423ns  (logic 1.531ns (23.836%)  route 4.892ns (76.164%))
  Logic Levels:           5  (DSP_A_B_DATA=1 DSP_ALU=1 DSP_M_DATA=1 DSP_MULTIPLIER=1 DSP_PREADD_DATA=1)
  Clock Path Skew:        0.014ns (DCD - SCD + CPR)
    Destination Clock Delay (DCD):    0.043ns = ( 6.710 - 6.667 ) 
    Source Clock Delay      (SCD):    0.029ns
    Clock Pessimism Removal (CPR):    0.000ns
  Clock Uncertainty:      0.035ns  ((TSJ^2 + TIJ^2)^1/2 + DJ) / 2 + PE
    Total System Jitter     (TSJ):    0.071ns
    Total Input Jitter      (TIJ):    0.000ns
    Discrete Jitter          (DJ):    0.000ns
    Phase Error              (PE):    0.000ns

    Location             Delay type                Incr(ns)  Path(ns)    Netlist Resource(s)
  -------------------------------------------------------------------    -------------------
                         (clock MWCLK rise edge)      0.000     0.000 r  
                                                      0.000     0.000 r  clk (IN)
                         net (fo=7176, unset)         0.029     0.029    u_Parallel_LHT_Kernel/u_Hough_Kernel/u_Hough_Kernel_Symmetric_Look_Ahead/u_Hough_Kernel_Symmetric/clk
    SLICE_X92Y235        FDCE                                         r  u_Parallel_LHT_Kernel/u_Hough_Kernel/u_Hough_Kernel_Symmetric_Look_Ahead/u_Hough_Kernel_Symmetric/X_1_reg[5]/C
  -------------------------------------------------------------------    -------------------
    SLICE_X92Y235        FDCE (Prop_GFF2_SLICEL_C_Q)
                                                      0.081     0.110 f  u_Parallel_LHT_Kernel/u_Hough_Kernel/u_Hough_Kernel_Symmetric_Look_Ahead/u_Hough_Kernel_Symmetric/X_1_reg[5]/Q
                         net (fo=91, routed)          4.892     5.002    u_Parallel_LHT_Kernel/u_Hough_Kernel/u_Hough_Kernel_Symmetric_Look_Ahead/u_Hough_Kernel_Symmetric/xcos_out1[5]/B[5]
    DSP48E2_X12Y54       DSP_A_B_DATA (Prop_DSP_A_B_DATA_DSP48E2_B[5]_B2_DATA[5])
                                                      0.151     5.153 r  u_Parallel_LHT_Kernel/u_Hough_Kernel/u_Hough_Kernel_Symmetric_Look_Ahead/u_Hough_Kernel_Symmetric/xcos_out1[5]/DSP_A_B_DATA_INST/B2_DATA[5]
                         net (fo=1, routed)           0.000     5.153    u_Parallel_LHT_Kernel/u_Hough_Kernel/u_Hough_Kernel_Symmetric_Look_Ahead/u_Hough_Kernel_Symmetric/xcos_out1[5]/DSP_A_B_DATA.B2_DATA<5>
    DSP48E2_X12Y54       DSP_PREADD_DATA (Prop_DSP_PREADD_DATA_DSP48E2_B2_DATA[5]_B2B1[5])
                                                      0.073     5.226 r  u_Parallel_LHT_Kernel/u_Hough_Kernel/u_Hough_Kernel_Symmetric_Look_Ahead/u_Hough_Kernel_Symmetric/xcos_out1[5]/DSP_PREADD_DATA_INST/B2B1[5]
                         net (fo=1, routed)           0.000     5.226    u_Parallel_LHT_Kernel/u_Hough_Kernel/u_Hough_Kernel_Symmetric_Look_Ahead/u_Hough_Kernel_Symmetric/xcos_out1[5]/DSP_PREADD_DATA.B2B1<5>
    DSP48E2_X12Y54       DSP_MULTIPLIER (Prop_DSP_MULTIPLIER_DSP48E2_B2B1[5]_V[10])
                                                      0.609     5.835 r  u_Parallel_LHT_Kernel/u_Hough_Kernel/u_Hough_Kernel_Symmetric_Look_Ahead/u_Hough_Kernel_Symmetric/xcos_out1[5]/DSP_MULTIPLIER_INST/V[10]
                         net (fo=1, routed)           0.000     5.835    u_Parallel_LHT_Kernel/u_Hough_Kernel/u_Hough_Kernel_Symmetric_Look_Ahead/u_Hough_Kernel_Symmetric/xcos_out1[5]/DSP_MULTIPLIER.V<10>
    DSP48E2_X12Y54       DSP_M_DATA (Prop_DSP_M_DATA_DSP48E2_V[10]_V_DATA[10])
                                                      0.046     5.881 f  u_Parallel_LHT_Kernel/u_Hough_Kernel/u_Hough_Kernel_Symmetric_Look_Ahead/u_Hough_Kernel_Symmetric/xcos_out1[5]/DSP_M_DATA_INST/V_DATA[10]
                         net (fo=1, routed)           0.000     5.881    u_Parallel_LHT_Kernel/u_Hough_Kernel/u_Hough_Kernel_Symmetric_Look_Ahead/u_Hough_Kernel_Symmetric/xcos_out1[5]/DSP_M_DATA.V_DATA<10>
    DSP48E2_X12Y54       DSP_ALU (Prop_DSP_ALU_DSP48E2_V_DATA[10]_ALU_OUT[10])
                                                      0.571     6.452 r  u_Parallel_LHT_Kernel/u_Hough_Kernel/u_Hough_Kernel_Symmetric_Look_Ahead/u_Hough_Kernel_Symmetric/xcos_out1[5]/DSP_ALU_INST/ALU_OUT[10]
                         net (fo=1, routed)           0.000     6.452    u_Parallel_LHT_Kernel/u_Hough_Kernel/u_Hough_Kernel_Symmetric_Look_Ahead/u_Hough_Kernel_Symmetric/xcos_out1[5]/DSP_ALU.ALU_OUT<10>
    DSP48E2_X12Y54       DSP_OUTPUT                                   r  u_Parallel_LHT_Kernel/u_Hough_Kernel/u_Hough_Kernel_Symmetric_Look_Ahead/u_Hough_Kernel_Symmetric/xcos_out1[5]/DSP_OUTPUT_INST/ALU_OUT[10]
  -------------------------------------------------------------------    -------------------

                         (clock MWCLK rise edge)      6.667     6.667 r  
                                                      0.000     6.667 r  clk (IN)
                         net (fo=7176, unset)         0.043     6.710    u_Parallel_LHT_Kernel/u_Hough_Kernel/u_Hough_Kernel_Symmetric_Look_Ahead/u_Hough_Kernel_Symmetric/xcos_out1[5]/CLK
    DSP48E2_X12Y54       DSP_OUTPUT                                   r  u_Parallel_LHT_Kernel/u_Hough_Kernel/u_Hough_Kernel_Symmetric_Look_Ahead/u_Hough_Kernel_Symmetric/xcos_out1[5]/DSP_OUTPUT_INST/CLK
                         clock pessimism              0.000     6.710    
                         clock uncertainty           -0.035     6.675    
    DSP48E2_X12Y54       DSP_OUTPUT (Setup_DSP_OUTPUT_DSP48E2_CLK_ALU_OUT[10])
                                                      0.015     6.690    u_Parallel_LHT_Kernel/u_Hough_Kernel/u_Hough_Kernel_Symmetric_Look_Ahead/u_Hough_Kernel_Symmetric/xcos_out1[5]/DSP_OUTPUT_INST
  -------------------------------------------------------------------
                         required time                          6.690    
                         arrival time                          -6.452    
  -------------------------------------------------------------------
                         slack                                  0.238    





Min Delay Paths
--------------------------------------------------------------------------------------
Slack (MET) :             0.042ns  (arrival time - required time)
  Source:                 u_Parallel_LHT_Accumulator/u_Accumulator_with_Switches/GEN_LABEL[126].u_Accumulator/Delay3_out1_reg[3]/C
                            (rising edge-triggered cell FDCE clocked by MWCLK  {rise@0.000ns fall@3.333ns period=6.667ns})
  Destination:            u_Parallel_LHT_Accumulator/u_Accumulator_with_Switches/GEN_LABEL[126].u_Accumulator/Delay3_out1_reg[3]/D
                            (rising edge-triggered cell FDCE clocked by MWCLK  {rise@0.000ns fall@3.333ns period=6.667ns})
  Path Group:             MWCLK
  Path Type:              Hold (Min at Fast Process Corner)
  Requirement:            0.000ns  (MWCLK rise@0.000ns - MWCLK rise@0.000ns)
  Data Path Delay:        0.094ns  (logic 0.053ns (56.383%)  route 0.041ns (43.617%))
  Logic Levels:           1  (LUT5=1)
  Clock Path Skew:        0.006ns (DCD - SCD - CPR)
    Destination Clock Delay (DCD):    0.018ns
    Source Clock Delay      (SCD):    0.012ns
    Clock Pessimism Removal (CPR):    -0.000ns

    Location             Delay type                Incr(ns)  Path(ns)    Netlist Resource(s)
  -------------------------------------------------------------------    -------------------
                         (clock MWCLK rise edge)      0.000     0.000 r  
                                                      0.000     0.000 r  clk (IN)
                         net (fo=7176, unset)         0.012     0.012    u_Parallel_LHT_Accumulator/u_Accumulator_with_Switches/GEN_LABEL[126].u_Accumulator/clk
    SLICE_X102Y224       FDCE                                         r  u_Parallel_LHT_Accumulator/u_Accumulator_with_Switches/GEN_LABEL[126].u_Accumulator/Delay3_out1_reg[3]/C
  -------------------------------------------------------------------    -------------------
    SLICE_X102Y224       FDCE (Prop_DFF_SLICEL_C_Q)
                                                      0.039     0.051 r  u_Parallel_LHT_Accumulator/u_Accumulator_with_Switches/GEN_LABEL[126].u_Accumulator/Delay3_out1_reg[3]/Q
                         net (fo=5, routed)           0.025     0.076    u_Parallel_LHT_Accumulator/u_Accumulator_with_Switches/GEN_LABEL[126].u_Accumulator/u_Block_RAM/u_Simple_Dual_Port_RAM/u_Simple_Dual_Port_RAM/Delay3_out1_reg[3]
    SLICE_X102Y224       LUT5 (Prop_D6LUT_SLICEL_I4_O)
                                                      0.014     0.090 r  u_Parallel_LHT_Accumulator/u_Accumulator_with_Switches/GEN_LABEL[126].u_Accumulator/u_Block_RAM/u_Simple_Dual_Port_RAM/u_Simple_Dual_Port_RAM/Delay3_out1[3]_i_1__125/O
                         net (fo=1, routed)           0.016     0.106    u_Parallel_LHT_Accumulator/u_Accumulator_with_Switches/GEN_LABEL[126].u_Accumulator/u_Block_RAM_n_20
    SLICE_X102Y224       FDCE                                         r  u_Parallel_LHT_Accumulator/u_Accumulator_with_Switches/GEN_LABEL[126].u_Accumulator/Delay3_out1_reg[3]/D
  -------------------------------------------------------------------    -------------------

                         (clock MWCLK rise edge)      0.000     0.000 r  
                                                      0.000     0.000 r  clk (IN)
                         net (fo=7176, unset)         0.018     0.018    u_Parallel_LHT_Accumulator/u_Accumulator_with_Switches/GEN_LABEL[126].u_Accumulator/clk
    SLICE_X102Y224       FDCE                                         r  u_Parallel_LHT_Accumulator/u_Accumulator_with_Switches/GEN_LABEL[126].u_Accumulator/Delay3_out1_reg[3]/C
                         clock pessimism              0.000     0.018    
    SLICE_X102Y224       FDCE (Hold_DFF_SLICEL_C_D)
                                                      0.046     0.064    u_Parallel_LHT_Accumulator/u_Accumulator_with_Switches/GEN_LABEL[126].u_Accumulator/Delay3_out1_reg[3]
  -------------------------------------------------------------------
                         required time                         -0.064    
                         arrival time                           0.106    
  -------------------------------------------------------------------
                         slack                                  0.042    

Slack (MET) :             0.042ns  (arrival time - required time)
  Source:                 u_Parallel_LHT_Accumulator/u_Accumulator_with_Switches/GEN_LABEL[126].u_Accumulator/Delay3_out1_reg[3]/C
                            (rising edge-triggered cell FDCE clocked by MWCLK  {rise@0.000ns fall@3.333ns period=6.667ns})
  Destination:            u_Parallel_LHT_Accumulator/u_Accumulator_with_Switches/GEN_LABEL[126].u_Accumulator/Delay3_out1_reg[3]/D
                            (rising edge-triggered cell FDCE clocked by MWCLK  {rise@0.000ns fall@3.333ns period=6.667ns})
  Path Group:             MWCLK
  Path Type:              Hold (Min at Fast Process Corner)
  Requirement:            0.000ns  (MWCLK rise@0.000ns - MWCLK rise@0.000ns)
  Data Path Delay:        0.094ns  (logic 0.053ns (56.383%)  route 0.041ns (43.617%))
  Logic Levels:           1  (LUT5=1)
  Clock Path Skew:        0.006ns (DCD - SCD - CPR)
    Destination Clock Delay (DCD):    0.018ns
    Source Clock Delay      (SCD):    0.012ns
    Clock Pessimism Removal (CPR):    -0.000ns

    Location             Delay type                Incr(ns)  Path(ns)    Netlist Resource(s)
  -------------------------------------------------------------------    -------------------
                         (clock MWCLK rise edge)      0.000     0.000 r  
                                                      0.000     0.000 r  clk (IN)
                         net (fo=7176, unset)         0.012     0.012    u_Parallel_LHT_Accumulator/u_Accumulator_with_Switches/GEN_LABEL[126].u_Accumulator/clk
    SLICE_X102Y224       FDCE                                         r  u_Parallel_LHT_Accumulator/u_Accumulator_with_Switches/GEN_LABEL[126].u_Accumulator/Delay3_out1_reg[3]/C
  -------------------------------------------------------------------    -------------------
    SLICE_X102Y224       FDCE (Prop_DFF_SLICEL_C_Q)
                                                      0.039     0.051 f  u_Parallel_LHT_Accumulator/u_Accumulator_with_Switches/GEN_LABEL[126].u_Accumulator/Delay3_out1_reg[3]/Q
                         net (fo=5, routed)           0.025     0.076    u_Parallel_LHT_Accumulator/u_Accumulator_with_Switches/GEN_LABEL[126].u_Accumulator/u_Block_RAM/u_Simple_Dual_Port_RAM/u_Simple_Dual_Port_RAM/Delay3_out1_reg[3]
    SLICE_X102Y224       LUT5 (Prop_D6LUT_SLICEL_I4_O)
                                                      0.014     0.090 r  u_Parallel_LHT_Accumulator/u_Accumulator_with_Switches/GEN_LABEL[126].u_Accumulator/u_Block_RAM/u_Simple_Dual_Port_RAM/u_Simple_Dual_Port_RAM/Delay3_out1[3]_i_1__125/O
                         net (fo=1, routed)           0.016     0.106    u_Parallel_LHT_Accumulator/u_Accumulator_with_Switches/GEN_LABEL[126].u_Accumulator/u_Block_RAM_n_20
    SLICE_X102Y224       FDCE                                         r  u_Parallel_LHT_Accumulator/u_Accumulator_with_Switches/GEN_LABEL[126].u_Accumulator/Delay3_out1_reg[3]/D
  -------------------------------------------------------------------    -------------------

                         (clock MWCLK rise edge)      0.000     0.000 r  
                                                      0.000     0.000 r  clk (IN)
                         net (fo=7176, unset)         0.018     0.018    u_Parallel_LHT_Accumulator/u_Accumulator_with_Switches/GEN_LABEL[126].u_Accumulator/clk
    SLICE_X102Y224       FDCE                                         r  u_Parallel_LHT_Accumulator/u_Accumulator_with_Switches/GEN_LABEL[126].u_Accumulator/Delay3_out1_reg[3]/C
                         clock pessimism              0.000     0.018    
    SLICE_X102Y224       FDCE (Hold_DFF_SLICEL_C_D)
                                                      0.046     0.064    u_Parallel_LHT_Accumulator/u_Accumulator_with_Switches/GEN_LABEL[126].u_Accumulator/Delay3_out1_reg[3]
  -------------------------------------------------------------------
                         required time                         -0.064    
                         arrival time                           0.106    
  -------------------------------------------------------------------
                         slack                                  0.042    

Slack (MET) :             0.042ns  (arrival time - required time)
  Source:                 u_Parallel_LHT_Accumulator/u_Accumulator_with_Switches/GEN_LABEL[126].u_Accumulator/Delay3_out1_reg[3]/C
                            (rising edge-triggered cell FDCE clocked by MWCLK  {rise@0.000ns fall@3.333ns period=6.667ns})
  Destination:            u_Parallel_LHT_Accumulator/u_Accumulator_with_Switches/GEN_LABEL[126].u_Accumulator/Delay3_out1_reg[3]/D
                            (rising edge-triggered cell FDCE clocked by MWCLK  {rise@0.000ns fall@3.333ns period=6.667ns})
  Path Group:             MWCLK
  Path Type:              Hold (Min at Fast Process Corner)
  Requirement:            0.000ns  (MWCLK rise@0.000ns - MWCLK rise@0.000ns)
  Data Path Delay:        0.094ns  (logic 0.053ns (56.383%)  route 0.041ns (43.617%))
  Logic Levels:           1  (LUT5=1)
  Clock Path Skew:        0.006ns (DCD - SCD - CPR)
    Destination Clock Delay (DCD):    0.018ns
    Source Clock Delay      (SCD):    0.012ns
    Clock Pessimism Removal (CPR):    -0.000ns

    Location             Delay type                Incr(ns)  Path(ns)    Netlist Resource(s)
  -------------------------------------------------------------------    -------------------
                         (clock MWCLK rise edge)      0.000     0.000 r  
                                                      0.000     0.000 r  clk (IN)
                         net (fo=7176, unset)         0.012     0.012    u_Parallel_LHT_Accumulator/u_Accumulator_with_Switches/GEN_LABEL[126].u_Accumulator/clk
    SLICE_X102Y224       FDCE                                         r  u_Parallel_LHT_Accumulator/u_Accumulator_with_Switches/GEN_LABEL[126].u_Accumulator/Delay3_out1_reg[3]/C
  -------------------------------------------------------------------    -------------------
    SLICE_X102Y224       FDCE (Prop_DFF_SLICEL_C_Q)
                                                      0.039     0.051 r  u_Parallel_LHT_Accumulator/u_Accumulator_with_Switches/GEN_LABEL[126].u_Accumulator/Delay3_out1_reg[3]/Q
                         net (fo=5, routed)           0.025     0.076    u_Parallel_LHT_Accumulator/u_Accumulator_with_Switches/GEN_LABEL[126].u_Accumulator/u_Block_RAM/u_Simple_Dual_Port_RAM/u_Simple_Dual_Port_RAM/Delay3_out1_reg[3]
    SLICE_X102Y224       LUT5 (Prop_D6LUT_SLICEL_I4_O)
                                                      0.014     0.090 f  u_Parallel_LHT_Accumulator/u_Accumulator_with_Switches/GEN_LABEL[126].u_Accumulator/u_Block_RAM/u_Simple_Dual_Port_RAM/u_Simple_Dual_Port_RAM/Delay3_out1[3]_i_1__125/O
                         net (fo=1, routed)           0.016     0.106    u_Parallel_LHT_Accumulator/u_Accumulator_with_Switches/GEN_LABEL[126].u_Accumulator/u_Block_RAM_n_20
    SLICE_X102Y224       FDCE                                         f  u_Parallel_LHT_Accumulator/u_Accumulator_with_Switches/GEN_LABEL[126].u_Accumulator/Delay3_out1_reg[3]/D
  -------------------------------------------------------------------    -------------------

                         (clock MWCLK rise edge)      0.000     0.000 r  
                                                      0.000     0.000 r  clk (IN)
                         net (fo=7176, unset)         0.018     0.018    u_Parallel_LHT_Accumulator/u_Accumulator_with_Switches/GEN_LABEL[126].u_Accumulator/clk
    SLICE_X102Y224       FDCE                                         r  u_Parallel_LHT_Accumulator/u_Accumulator_with_Switches/GEN_LABEL[126].u_Accumulator/Delay3_out1_reg[3]/C
                         clock pessimism              0.000     0.018    
    SLICE_X102Y224       FDCE (Hold_DFF_SLICEL_C_D)
                                                      0.046     0.064    u_Parallel_LHT_Accumulator/u_Accumulator_with_Switches/GEN_LABEL[126].u_Accumulator/Delay3_out1_reg[3]
  -------------------------------------------------------------------
                         required time                         -0.064    
                         arrival time                           0.106    
  -------------------------------------------------------------------
                         slack                                  0.042    





Pulse Width Checks
--------------------------------------------------------------------------------------
Clock Name:         MWCLK
Waveform(ns):       { 0.000 3.333 }
Period(ns):         6.667
Sources:            { clk }

Check Type        Corner  Lib Pin             Reference Pin  Required(ns)  Actual(ns)  Slack(ns)  Location      Pin
Min Period        n/a     RAMB18E2/CLKARDCLK  n/a            1.569         6.667       5.098      RAMB18_X1Y74  u_Parallel_LHT_Accumulator/u_Accumulator_with_Switches/GEN_LABEL[45].u_Accumulator/u_Block_RAM/u_Simple_Dual_Port_RAM/u_Simple_Dual_Port_RAM/ram_reg_bram_0/CLKARDCLK
Min Period        n/a     RAMB18E2/CLKARDCLK  n/a            1.569         6.667       5.098      RAMB18_X2Y76  u_Parallel_LHT_Accumulator/u_Accumulator_with_Switches/GEN_LABEL[46].u_Accumulator/u_Block_RAM/u_Simple_Dual_Port_RAM/u_Simple_Dual_Port_RAM/ram_reg_bram_0/CLKARDCLK
Min Period        n/a     RAMB18E2/CLKARDCLK  n/a            1.569         6.667       5.098      RAMB18_X2Y77  u_Parallel_LHT_Accumulator/u_Accumulator_with_Switches/GEN_LABEL[47].u_Accumulator/u_Block_RAM/u_Simple_Dual_Port_RAM/u_Simple_Dual_Port_RAM/ram_reg_bram_0/CLKARDCLK
Low Pulse Width   Slow    RAMB18E2/CLKARDCLK  n/a            0.542         3.333       2.791      RAMB18_X1Y74  u_Parallel_LHT_Accumulator/u_Accumulator_with_Switches/GEN_LABEL[45].u_Accumulator/u_Block_RAM/u_Simple_Dual_Port_RAM/u_Simple_Dual_Port_RAM/ram_reg_bram_0/CLKARDCLK
Low Pulse Width   Fast    RAMB18E2/CLKARDCLK  n/a            0.542         3.333       2.791      RAMB18_X1Y74  u_Parallel_LHT_Accumulator/u_Accumulator_with_Switches/GEN_LABEL[45].u_Accumulator/u_Block_RAM/u_Simple_Dual_Port_RAM/u_Simple_Dual_Port_RAM/ram_reg_bram_0/CLKARDCLK
Low Pulse Width   Slow    RAMB18E2/CLKARDCLK  n/a            0.542         3.333       2.791      RAMB18_X2Y76  u_Parallel_LHT_Accumulator/u_Accumulator_with_Switches/GEN_LABEL[46].u_Accumulator/u_Block_RAM/u_Simple_Dual_Port_RAM/u_Simple_Dual_Port_RAM/ram_reg_bram_0/CLKARDCLK
High Pulse Width  Slow    RAMB18E2/CLKARDCLK  n/a            0.542         3.333       2.792      RAMB18_X1Y74  u_Parallel_LHT_Accumulator/u_Accumulator_with_Switches/GEN_LABEL[45].u_Accumulator/u_Block_RAM/u_Simple_Dual_Port_RAM/u_Simple_Dual_Port_RAM/ram_reg_bram_0/CLKARDCLK
High Pulse Width  Fast    RAMB18E2/CLKARDCLK  n/a            0.542         3.333       2.792      RAMB18_X1Y74  u_Parallel_LHT_Accumulator/u_Accumulator_with_Switches/GEN_LABEL[45].u_Accumulator/u_Block_RAM/u_Simple_Dual_Port_RAM/u_Simple_Dual_Port_RAM/ram_reg_bram_0/CLKARDCLK
High Pulse Width  Slow    RAMB18E2/CLKBWRCLK  n/a            0.542         3.333       2.792      RAMB18_X1Y74  u_Parallel_LHT_Accumulator/u_Accumulator_with_Switches/GEN_LABEL[45].u_Accumulator/u_Block_RAM/u_Simple_Dual_Port_RAM/u_Simple_Dual_Port_RAM/ram_reg_bram_0/CLKBWRCLK



--------------------------------------------------------------------------------------
Path Group:  (none)
From Clock:  
  To Clock:  

Max Delay             1 Endpoint
Min Delay             1 Endpoint
--------------------------------------------------------------------------------------


Max Delay Paths
--------------------------------------------------------------------------------------
Slack:                    inf
  Source:                 clk_enable
                            (input port)
  Destination:            ce_out
                            (output port)
  Path Group:             (none)
  Path Type:              Max at Slow Process Corner
  Data Path Delay:        0.000ns  (logic 0.000ns (0.000%)  route 0.000ns (0.000%))
  Logic Levels:           0  

    Location             Delay type                Incr(ns)  Path(ns)    Netlist Resource(s)
  -------------------------------------------------------------------    -------------------
                                                      0.000     0.000 r  clk_enable (IN)
                         net (fo=5491, unset)         0.000     0.000    clk_enable
                                                                      r  ce_out (OUT)
  -------------------------------------------------------------------    -------------------

Slack:                    inf
  Source:                 clk_enable
                            (input port)
  Destination:            ce_out
                            (output port)
  Path Group:             (none)
  Path Type:              Max at Fast Process Corner
  Data Path Delay:        0.000ns  (logic 0.000ns (0.000%)  route 0.000ns (0.000%))
  Logic Levels:           0  

    Location             Delay type                Incr(ns)  Path(ns)    Netlist Resource(s)
  -------------------------------------------------------------------    -------------------
                                                      0.000     0.000 r  clk_enable (IN)
                         net (fo=5491, unset)         0.000     0.000    clk_enable
                                                                      r  ce_out (OUT)
  -------------------------------------------------------------------    -------------------

Slack:                    inf
  Source:                 clk_enable
                            (input port)
  Destination:            ce_out
                            (output port)
  Path Group:             (none)
  Path Type:              Max at Slow Process Corner
  Data Path Delay:        0.000ns  (logic 0.000ns (0.000%)  route 0.000ns (0.000%))
  Logic Levels:           0  

    Location             Delay type                Incr(ns)  Path(ns)    Netlist Resource(s)
  -------------------------------------------------------------------    -------------------
                                                      0.000     0.000 f  clk_enable (IN)
                         net (fo=5491, unset)         0.000     0.000    clk_enable
                                                                      f  ce_out (OUT)
  -------------------------------------------------------------------    -------------------





Min Delay Paths
--------------------------------------------------------------------------------------
Slack:                    inf
  Source:                 clk_enable
                            (input port)
  Destination:            ce_out
                            (output port)
  Path Group:             (none)
  Path Type:              Min at Slow Process Corner
  Data Path Delay:        0.000ns  (logic 0.000ns (0.000%)  route 0.000ns (0.000%))
  Logic Levels:           0  

    Location             Delay type                Incr(ns)  Path(ns)    Netlist Resource(s)
  -------------------------------------------------------------------    -------------------
                                                      0.000     0.000 r  clk_enable (IN)
                         net (fo=5491, unset)         0.000     0.000    clk_enable
                                                                      r  ce_out (OUT)
  -------------------------------------------------------------------    -------------------

Slack:                    inf
  Source:                 clk_enable
                            (input port)
  Destination:            ce_out
                            (output port)
  Path Group:             (none)
  Path Type:              Min at Fast Process Corner
  Data Path Delay:        0.000ns  (logic 0.000ns (0.000%)  route 0.000ns (0.000%))
  Logic Levels:           0  

    Location             Delay type                Incr(ns)  Path(ns)    Netlist Resource(s)
  -------------------------------------------------------------------    -------------------
                                                      0.000     0.000 r  clk_enable (IN)
                         net (fo=5491, unset)         0.000     0.000    clk_enable
                                                                      r  ce_out (OUT)
  -------------------------------------------------------------------    -------------------

Slack:                    inf
  Source:                 clk_enable
                            (input port)
  Destination:            ce_out
                            (output port)
  Path Group:             (none)
  Path Type:              Min at Slow Process Corner
  Data Path Delay:        0.000ns  (logic 0.000ns (0.000%)  route 0.000ns (0.000%))
  Logic Levels:           0  

    Location             Delay type                Incr(ns)  Path(ns)    Netlist Resource(s)
  -------------------------------------------------------------------    -------------------
                                                      0.000     0.000 f  clk_enable (IN)
                         net (fo=5491, unset)         0.000     0.000    clk_enable
                                                                      f  ce_out (OUT)
  -------------------------------------------------------------------    -------------------





--------------------------------------------------------------------------------------
Path Group:  (none)
From Clock:  MWCLK
  To Clock:  

Max Delay            12 Endpoints
Min Delay            12 Endpoints
--------------------------------------------------------------------------------------


Max Delay Paths
--------------------------------------------------------------------------------------
Slack:                    inf
  Source:                 u_Parallel_LHT_Accumulator/u_Accumulator_with_Switches/delayMatch362_reg_reg[1][2]/C
                            (rising edge-triggered cell FDCE clocked by MWCLK  {rise@0.000ns fall@3.333ns period=6.667ns})
  Destination:            m_axis_tdata[7]
                            (output port)
  Path Group:             (none)
  Path Type:              Max at Slow Process Corner
  Data Path Delay:        5.458ns  (logic 0.419ns (7.677%)  route 5.039ns (92.323%))
  Logic Levels:           5  (LUT6=2 MUXF7=2 MUXF8=1)
  Clock Uncertainty:      0.025ns  ((TSJ^2 + TIJ^2)^1/2 + DJ) / 2 + PE
    Total System Jitter     (TSJ):    0.050ns
    Total Input Jitter      (TIJ):    0.000ns
    Discrete Jitter          (DJ):    0.000ns
    Phase Error              (PE):    0.000ns

    Location             Delay type                Incr(ns)  Path(ns)    Netlist Resource(s)
  -------------------------------------------------------------------    -------------------
                         (clock MWCLK rise edge)      0.000     0.000 r  
                                                      0.000     0.000 r  clk (IN)
                         net (fo=7176, unset)         0.030     0.030    u_Parallel_LHT_Accumulator/u_Accumulator_with_Switches/clk
    SLICE_X78Y168        FDCE                                         r  u_Parallel_LHT_Accumulator/u_Accumulator_with_Switches/delayMatch362_reg_reg[1][2]/C
  -------------------------------------------------------------------    -------------------
    SLICE_X78Y168        FDCE (Prop_HFF2_SLICEM_C_Q)
                                                      0.078     0.108 r  u_Parallel_LHT_Accumulator/u_Accumulator_with_Switches/delayMatch362_reg_reg[1][2]/Q
                         net (fo=199, routed)         2.529     2.637    u_Parallel_LHT_Accumulator/u_Accumulator_with_Switches/GEN_LABEL[91].u_Accumulator/u_Block_RAM/u_Simple_Dual_Port_RAM/u_Simple_Dual_Port_RAM/m_axis_tdata[0]_INST_0_i_13[2]
    SLICE_X69Y279        MUXF7 (Prop_F7MUX_AB_SLICEL_S_O)
                                                      0.065     2.702 r  u_Parallel_LHT_Accumulator/u_Accumulator_with_Switches/GEN_LABEL[91].u_Accumulator/u_Block_RAM/u_Simple_Dual_Port_RAM/u_Simple_Dual_Port_RAM/m_axis_tdata[7]_INST_0_i_34/O
                         net (fo=1, routed)           0.000     2.702    u_Parallel_LHT_Accumulator/u_Accumulator_with_Switches/GEN_LABEL[83].u_Accumulator/u_Block_RAM/u_Simple_Dual_Port_RAM/u_Simple_Dual_Port_RAM/m_axis_tdata[7]_INST_0_i_4
    SLICE_X69Y279        MUXF8 (Prop_F8MUX_BOT_SLICEL_I1_O)
                                                      0.026     2.728 r  u_Parallel_LHT_Accumulator/u_Accumulator_with_Switches/GEN_LABEL[83].u_Accumulator/u_Block_RAM/u_Simple_Dual_Port_RAM/u_Simple_Dual_Port_RAM/m_axis_tdata[7]_INST_0_i_13/O
                         net (fo=1, routed)           0.838     3.566    u_Parallel_LHT_Accumulator/u_Accumulator_with_Switches/GEN_LABEL[115].u_Accumulator/u_Block_RAM/u_Simple_Dual_Port_RAM/u_Simple_Dual_Port_RAM/m_axis_tdata[7]_INST_0_i_1_0
    SLICE_X68Y208        LUT6 (Prop_G6LUT_SLICEL_I3_O)
                                                      0.097     3.663 r  u_Parallel_LHT_Accumulator/u_Accumulator_with_Switches/GEN_LABEL[115].u_Accumulator/u_Block_RAM/u_Simple_Dual_Port_RAM/u_Simple_Dual_Port_RAM/m_axis_tdata[7]_INST_0_i_4/O
                         net (fo=1, routed)           0.008     3.671    u_Parallel_LHT_Accumulator/u_Accumulator_with_Switches/GEN_LABEL[51].u_Accumulator/u_Block_RAM/u_Simple_Dual_Port_RAM/u_Simple_Dual_Port_RAM/m_axis_tdata[7]
    SLICE_X68Y208        MUXF7 (Prop_F7MUX_GH_SLICEL_I1_O)
                                                      0.063     3.734 r  u_Parallel_LHT_Accumulator/u_Accumulator_with_Switches/GEN_LABEL[51].u_Accumulator/u_Block_RAM/u_Simple_Dual_Port_RAM/u_Simple_Dual_Port_RAM/m_axis_tdata[7]_INST_0_i_1/O
                         net (fo=1, routed)           1.664     5.398    u_Parallel_LHT_Accumulator/u_Accumulator_with_Switches_n_27
    SLICE_X76Y160        LUT6 (Prop_B6LUT_SLICEL_I1_O)
                                                      0.090     5.488 r  u_Parallel_LHT_Accumulator/m_axis_tdata[7]_INST_0/O
                         net (fo=0)                   0.000     5.488    m_axis_tdata[7]
                                                                      r  m_axis_tdata[7] (OUT)
  -------------------------------------------------------------------    -------------------

Slack:                    inf
  Source:                 u_Parallel_LHT_Accumulator/u_Accumulator_with_Switches/delayMatch362_reg_reg[1][2]/C
                            (rising edge-triggered cell FDCE clocked by MWCLK  {rise@0.000ns fall@3.333ns period=6.667ns})
  Destination:            m_axis_tdata[7]
                            (output port)
  Path Group:             (none)
  Path Type:              Max at Slow Process Corner
  Data Path Delay:        5.458ns  (logic 0.419ns (7.677%)  route 5.039ns (92.323%))
  Logic Levels:           5  (LUT6=2 MUXF7=2 MUXF8=1)
  Clock Uncertainty:      0.025ns  ((TSJ^2 + TIJ^2)^1/2 + DJ) / 2 + PE
    Total System Jitter     (TSJ):    0.050ns
    Total Input Jitter      (TIJ):    0.000ns
    Discrete Jitter          (DJ):    0.000ns
    Phase Error              (PE):    0.000ns

    Location             Delay type                Incr(ns)  Path(ns)    Netlist Resource(s)
  -------------------------------------------------------------------    -------------------
                         (clock MWCLK rise edge)      0.000     0.000 r  
                                                      0.000     0.000 r  clk (IN)
                         net (fo=7176, unset)         0.030     0.030    u_Parallel_LHT_Accumulator/u_Accumulator_with_Switches/clk
    SLICE_X78Y168        FDCE                                         r  u_Parallel_LHT_Accumulator/u_Accumulator_with_Switches/delayMatch362_reg_reg[1][2]/C
  -------------------------------------------------------------------    -------------------
    SLICE_X78Y168        FDCE (Prop_HFF2_SLICEM_C_Q)
                                                      0.078     0.108 f  u_Parallel_LHT_Accumulator/u_Accumulator_with_Switches/delayMatch362_reg_reg[1][2]/Q
                         net (fo=199, routed)         2.529     2.637    u_Parallel_LHT_Accumulator/u_Accumulator_with_Switches/GEN_LABEL[91].u_Accumulator/u_Block_RAM/u_Simple_Dual_Port_RAM/u_Simple_Dual_Port_RAM/m_axis_tdata[0]_INST_0_i_13[2]
    SLICE_X69Y279        MUXF7 (Prop_F7MUX_AB_SLICEL_S_O)
                                                      0.065     2.702 r  u_Parallel_LHT_Accumulator/u_Accumulator_with_Switches/GEN_LABEL[91].u_Accumulator/u_Block_RAM/u_Simple_Dual_Port_RAM/u_Simple_Dual_Port_RAM/m_axis_tdata[7]_INST_0_i_34/O
                         net (fo=1, routed)           0.000     2.702    u_Parallel_LHT_Accumulator/u_Accumulator_with_Switches/GEN_LABEL[83].u_Accumulator/u_Block_RAM/u_Simple_Dual_Port_RAM/u_Simple_Dual_Port_RAM/m_axis_tdata[7]_INST_0_i_4
    SLICE_X69Y279        MUXF8 (Prop_F8MUX_BOT_SLICEL_I1_O)
                                                      0.026     2.728 r  u_Parallel_LHT_Accumulator/u_Accumulator_with_Switches/GEN_LABEL[83].u_Accumulator/u_Block_RAM/u_Simple_Dual_Port_RAM/u_Simple_Dual_Port_RAM/m_axis_tdata[7]_INST_0_i_13/O
                         net (fo=1, routed)           0.838     3.566    u_Parallel_LHT_Accumulator/u_Accumulator_with_Switches/GEN_LABEL[115].u_Accumulator/u_Block_RAM/u_Simple_Dual_Port_RAM/u_Simple_Dual_Port_RAM/m_axis_tdata[7]_INST_0_i_1_0
    SLICE_X68Y208        LUT6 (Prop_G6LUT_SLICEL_I3_O)
                                                      0.097     3.663 r  u_Parallel_LHT_Accumulator/u_Accumulator_with_Switches/GEN_LABEL[115].u_Accumulator/u_Block_RAM/u_Simple_Dual_Port_RAM/u_Simple_Dual_Port_RAM/m_axis_tdata[7]_INST_0_i_4/O
                         net (fo=1, routed)           0.008     3.671    u_Parallel_LHT_Accumulator/u_Accumulator_with_Switches/GEN_LABEL[51].u_Accumulator/u_Block_RAM/u_Simple_Dual_Port_RAM/u_Simple_Dual_Port_RAM/m_axis_tdata[7]
    SLICE_X68Y208        MUXF7 (Prop_F7MUX_GH_SLICEL_I1_O)
                                                      0.063     3.734 r  u_Parallel_LHT_Accumulator/u_Accumulator_with_Switches/GEN_LABEL[51].u_Accumulator/u_Block_RAM/u_Simple_Dual_Port_RAM/u_Simple_Dual_Port_RAM/m_axis_tdata[7]_INST_0_i_1/O
                         net (fo=1, routed)           1.664     5.398    u_Parallel_LHT_Accumulator/u_Accumulator_with_Switches_n_27
    SLICE_X76Y160        LUT6 (Prop_B6LUT_SLICEL_I1_O)
                                                      0.090     5.488 r  u_Parallel_LHT_Accumulator/m_axis_tdata[7]_INST_0/O
                         net (fo=0)                   0.000     5.488    m_axis_tdata[7]
                                                                      r  m_axis_tdata[7] (OUT)
  -------------------------------------------------------------------    -------------------

Slack:                    inf
  Source:                 u_Parallel_LHT_Accumulator/u_Accumulator_with_Switches/delayMatch362_reg_reg[1][2]/C
                            (rising edge-triggered cell FDCE clocked by MWCLK  {rise@0.000ns fall@3.333ns period=6.667ns})
  Destination:            m_axis_tdata[7]
                            (output port)
  Path Group:             (none)
  Path Type:              Max at Slow Process Corner
  Data Path Delay:        5.458ns  (logic 0.419ns (7.677%)  route 5.039ns (92.323%))
  Logic Levels:           5  (LUT6=2 MUXF7=2 MUXF8=1)
  Clock Uncertainty:      0.025ns  ((TSJ^2 + TIJ^2)^1/2 + DJ) / 2 + PE
    Total System Jitter     (TSJ):    0.050ns
    Total Input Jitter      (TIJ):    0.000ns
    Discrete Jitter          (DJ):    0.000ns
    Phase Error              (PE):    0.000ns

    Location             Delay type                Incr(ns)  Path(ns)    Netlist Resource(s)
  -------------------------------------------------------------------    -------------------
                         (clock MWCLK rise edge)      0.000     0.000 r  
                                                      0.000     0.000 r  clk (IN)
                         net (fo=7176, unset)         0.030     0.030    u_Parallel_LHT_Accumulator/u_Accumulator_with_Switches/clk
    SLICE_X78Y168        FDCE                                         r  u_Parallel_LHT_Accumulator/u_Accumulator_with_Switches/delayMatch362_reg_reg[1][2]/C
  -------------------------------------------------------------------    -------------------
    SLICE_X78Y168        FDCE (Prop_HFF2_SLICEM_C_Q)
                                                      0.078     0.108 r  u_Parallel_LHT_Accumulator/u_Accumulator_with_Switches/delayMatch362_reg_reg[1][2]/Q
                         net (fo=199, routed)         2.529     2.637    u_Parallel_LHT_Accumulator/u_Accumulator_with_Switches/GEN_LABEL[91].u_Accumulator/u_Block_RAM/u_Simple_Dual_Port_RAM/u_Simple_Dual_Port_RAM/m_axis_tdata[0]_INST_0_i_13[2]
    SLICE_X69Y279        MUXF7 (Prop_F7MUX_AB_SLICEL_S_O)
                                                      0.065     2.702 f  u_Parallel_LHT_Accumulator/u_Accumulator_with_Switches/GEN_LABEL[91].u_Accumulator/u_Block_RAM/u_Simple_Dual_Port_RAM/u_Simple_Dual_Port_RAM/m_axis_tdata[7]_INST_0_i_34/O
                         net (fo=1, routed)           0.000     2.702    u_Parallel_LHT_Accumulator/u_Accumulator_with_Switches/GEN_LABEL[83].u_Accumulator/u_Block_RAM/u_Simple_Dual_Port_RAM/u_Simple_Dual_Port_RAM/m_axis_tdata[7]_INST_0_i_4
    SLICE_X69Y279        MUXF8 (Prop_F8MUX_BOT_SLICEL_I1_O)
                                                      0.026     2.728 f  u_Parallel_LHT_Accumulator/u_Accumulator_with_Switches/GEN_LABEL[83].u_Accumulator/u_Block_RAM/u_Simple_Dual_Port_RAM/u_Simple_Dual_Port_RAM/m_axis_tdata[7]_INST_0_i_13/O
                         net (fo=1, routed)           0.838     3.566    u_Parallel_LHT_Accumulator/u_Accumulator_with_Switches/GEN_LABEL[115].u_Accumulator/u_Block_RAM/u_Simple_Dual_Port_RAM/u_Simple_Dual_Port_RAM/m_axis_tdata[7]_INST_0_i_1_0
    SLICE_X68Y208        LUT6 (Prop_G6LUT_SLICEL_I3_O)
                                                      0.097     3.663 f  u_Parallel_LHT_Accumulator/u_Accumulator_with_Switches/GEN_LABEL[115].u_Accumulator/u_Block_RAM/u_Simple_Dual_Port_RAM/u_Simple_Dual_Port_RAM/m_axis_tdata[7]_INST_0_i_4/O
                         net (fo=1, routed)           0.008     3.671    u_Parallel_LHT_Accumulator/u_Accumulator_with_Switches/GEN_LABEL[51].u_Accumulator/u_Block_RAM/u_Simple_Dual_Port_RAM/u_Simple_Dual_Port_RAM/m_axis_tdata[7]
    SLICE_X68Y208        MUXF7 (Prop_F7MUX_GH_SLICEL_I1_O)
                                                      0.063     3.734 f  u_Parallel_LHT_Accumulator/u_Accumulator_with_Switches/GEN_LABEL[51].u_Accumulator/u_Block_RAM/u_Simple_Dual_Port_RAM/u_Simple_Dual_Port_RAM/m_axis_tdata[7]_INST_0_i_1/O
                         net (fo=1, routed)           1.664     5.398    u_Parallel_LHT_Accumulator/u_Accumulator_with_Switches_n_27
    SLICE_X76Y160        LUT6 (Prop_B6LUT_SLICEL_I1_O)
                                                      0.090     5.488 f  u_Parallel_LHT_Accumulator/m_axis_tdata[7]_INST_0/O
                         net (fo=0)                   0.000     5.488    m_axis_tdata[7]
                                                                      f  m_axis_tdata[7] (OUT)
  -------------------------------------------------------------------    -------------------





Min Delay Paths
--------------------------------------------------------------------------------------
Slack:                    inf
  Source:                 delayMatch2_reg_reg[1]/C
                            (rising edge-triggered cell FDCE clocked by MWCLK  {rise@0.000ns fall@3.333ns period=6.667ns})
  Destination:            m_axis_tlast
                            (output port)
  Path Group:             (none)
  Path Type:              Min at Fast Process Corner
  Data Path Delay:        0.039ns  (logic 0.039ns (100.000%)  route 0.000ns (0.000%))
  Logic Levels:           0  
  Clock Uncertainty:      0.025ns  ((TSJ^2 + TIJ^2)^1/2 + DJ) / 2 + PE
    Total System Jitter     (TSJ):    0.050ns
    Total Input Jitter      (TIJ):    0.000ns
    Discrete Jitter          (DJ):    0.000ns
    Phase Error              (PE):    0.000ns

    Location             Delay type                Incr(ns)  Path(ns)    Netlist Resource(s)
  -------------------------------------------------------------------    -------------------
                         (clock MWCLK rise edge)      0.000     0.000 r  
                                                      0.000     0.000 r  clk (IN)
                         net (fo=7176, unset)         0.013     0.013    clk
    SLICE_X74Y167        FDCE                                         r  delayMatch2_reg_reg[1]/C
  -------------------------------------------------------------------    -------------------
    SLICE_X74Y167        FDCE (Prop_EFF2_SLICEM_C_Q)
                                                      0.039     0.052 r  delayMatch2_reg_reg[1]/Q
                         net (fo=0)                   0.000     0.052    m_axis_tlast
                                                                      r  m_axis_tlast (OUT)
  -------------------------------------------------------------------    -------------------

Slack:                    inf
  Source:                 delayMatch2_reg_reg[1]/C
                            (rising edge-triggered cell FDCE clocked by MWCLK  {rise@0.000ns fall@3.333ns period=6.667ns})
  Destination:            m_axis_tlast
                            (output port)
  Path Group:             (none)
  Path Type:              Min at Fast Process Corner
  Data Path Delay:        0.039ns  (logic 0.039ns (100.000%)  route 0.000ns (0.000%))
  Logic Levels:           0  
  Clock Uncertainty:      0.025ns  ((TSJ^2 + TIJ^2)^1/2 + DJ) / 2 + PE
    Total System Jitter     (TSJ):    0.050ns
    Total Input Jitter      (TIJ):    0.000ns
    Discrete Jitter          (DJ):    0.000ns
    Phase Error              (PE):    0.000ns

    Location             Delay type                Incr(ns)  Path(ns)    Netlist Resource(s)
  -------------------------------------------------------------------    -------------------
                         (clock MWCLK rise edge)      0.000     0.000 r  
                                                      0.000     0.000 r  clk (IN)
                         net (fo=7176, unset)         0.013     0.013    clk
    SLICE_X74Y167        FDCE                                         r  delayMatch2_reg_reg[1]/C
  -------------------------------------------------------------------    -------------------
    SLICE_X74Y167        FDCE (Prop_EFF2_SLICEM_C_Q)
                                                      0.039     0.052 f  delayMatch2_reg_reg[1]/Q
                         net (fo=0)                   0.000     0.052    m_axis_tlast
                                                                      f  m_axis_tlast (OUT)
  -------------------------------------------------------------------    -------------------

Slack:                    inf
  Source:                 delayMatch1_reg_reg[1]/C
                            (rising edge-triggered cell FDCE clocked by MWCLK  {rise@0.000ns fall@3.333ns period=6.667ns})
  Destination:            m_axis_tuser
                            (output port)
  Path Group:             (none)
  Path Type:              Min at Fast Process Corner
  Data Path Delay:        0.039ns  (logic 0.039ns (100.000%)  route 0.000ns (0.000%))
  Logic Levels:           0  
  Clock Uncertainty:      0.025ns  ((TSJ^2 + TIJ^2)^1/2 + DJ) / 2 + PE
    Total System Jitter     (TSJ):    0.050ns
    Total Input Jitter      (TIJ):    0.000ns
    Discrete Jitter          (DJ):    0.000ns
    Phase Error              (PE):    0.000ns

    Location             Delay type                Incr(ns)  Path(ns)    Netlist Resource(s)
  -------------------------------------------------------------------    -------------------
                         (clock MWCLK rise edge)      0.000     0.000 r  
                                                      0.000     0.000 r  clk (IN)
                         net (fo=7176, unset)         0.013     0.013    clk
    SLICE_X75Y167        FDCE                                         r  delayMatch1_reg_reg[1]/C
  -------------------------------------------------------------------    -------------------
    SLICE_X75Y167        FDCE (Prop_EFF_SLICEL_C_Q)
                                                      0.039     0.052 r  delayMatch1_reg_reg[1]/Q
                         net (fo=0)                   0.000     0.052    m_axis_tuser
                                                                      r  m_axis_tuser (OUT)
  -------------------------------------------------------------------    -------------------





--------------------------------------------------------------------------------------
Path Group:  (none)
From Clock:  
  To Clock:  MWCLK

Max Delay         13262 Endpoints
Min Delay         13262 Endpoints
--------------------------------------------------------------------------------------


Max Delay Paths
--------------------------------------------------------------------------------------
Slack:                    inf
  Source:                 clk_enable
                            (input port)
  Destination:            u_Parallel_LHT_Kernel/u_Hough_Kernel/u_Hough_Kernel_Symmetric_Look_Ahead/u_Look_Ahead_Hough/Unit_Delay_Enabled_Synchronous_out1_reg[85][2]/CE
                            (rising edge-triggered cell FDCE clocked by MWCLK  {rise@0.000ns fall@3.333ns period=6.667ns})
  Path Group:             (none)
  Path Type:              Setup (Max at Slow Process Corner)
  Data Path Delay:        3.912ns  (logic 0.052ns (1.329%)  route 3.860ns (98.671%))
  Logic Levels:           1  (LUT2=1)
  Clock Path Skew:        0.021ns (DCD - SCD + CPR)
    Destination Clock Delay (DCD):    0.021ns
    Source Clock Delay      (SCD):    0.000ns
    Clock Pessimism Removal (CPR):    0.000ns

    Location             Delay type                Incr(ns)  Path(ns)    Netlist Resource(s)
  -------------------------------------------------------------------    -------------------
                                                      0.000     0.000 r  clk_enable (IN)
                         net (fo=5491, unset)         0.000     0.000    u_Parallel_LHT_Kernel/u_Hough_Kernel/u_Hough_Kernel_Symmetric_Look_Ahead/u_Look_Ahead_Hough/clk_enable
    SLICE_X89Y235        LUT2 (Prop_G6LUT_SLICEM_I0_O)
                                                      0.052     0.052 r  u_Parallel_LHT_Kernel/u_Hough_Kernel/u_Hough_Kernel_Symmetric_Look_Ahead/u_Look_Ahead_Hough/Unit_Delay_Enabled_Synchronous_out1[0][8]_i_1/O
                         net (fo=819, routed)         3.860     3.912    u_Parallel_LHT_Kernel/u_Hough_Kernel/u_Hough_Kernel_Symmetric_Look_Ahead/u_Look_Ahead_Hough/Unit_Delay_Enabled_Synchronous_out1[0]__0
    SLICE_X64Y283        FDCE                                         r  u_Parallel_LHT_Kernel/u_Hough_Kernel/u_Hough_Kernel_Symmetric_Look_Ahead/u_Look_Ahead_Hough/Unit_Delay_Enabled_Synchronous_out1_reg[85][2]/CE
  -------------------------------------------------------------------    -------------------

                         (clock MWCLK rise edge)      0.000     0.000 r  
                                                      0.000     0.000 r  clk (IN)
                         net (fo=7176, unset)         0.021     0.021    u_Parallel_LHT_Kernel/u_Hough_Kernel/u_Hough_Kernel_Symmetric_Look_Ahead/u_Look_Ahead_Hough/clk
    SLICE_X64Y283        FDCE                                         r  u_Parallel_LHT_Kernel/u_Hough_Kernel/u_Hough_Kernel_Symmetric_Look_Ahead/u_Look_Ahead_Hough/Unit_Delay_Enabled_Synchronous_out1_reg[85][2]/C

Slack:                    inf
  Source:                 clk_enable
                            (input port)
  Destination:            u_Parallel_LHT_Kernel/u_Hough_Kernel/u_Hough_Kernel_Symmetric_Look_Ahead/u_Look_Ahead_Hough/Unit_Delay_Enabled_Synchronous_out1_reg[85][2]/CE
                            (rising edge-triggered cell FDCE clocked by MWCLK  {rise@0.000ns fall@3.333ns period=6.667ns})
  Path Group:             (none)
  Path Type:              Setup (Max at Slow Process Corner)
  Data Path Delay:        3.912ns  (logic 0.052ns (1.329%)  route 3.860ns (98.671%))
  Logic Levels:           1  (LUT2=1)
  Clock Path Skew:        0.021ns (DCD - SCD + CPR)
    Destination Clock Delay (DCD):    0.021ns
    Source Clock Delay      (SCD):    0.000ns
    Clock Pessimism Removal (CPR):    0.000ns

    Location             Delay type                Incr(ns)  Path(ns)    Netlist Resource(s)
  -------------------------------------------------------------------    -------------------
                                                      0.000     0.000 r  clk_enable (IN)
                         net (fo=5491, unset)         0.000     0.000    u_Parallel_LHT_Kernel/u_Hough_Kernel/u_Hough_Kernel_Symmetric_Look_Ahead/u_Look_Ahead_Hough/clk_enable
    SLICE_X89Y235        LUT2 (Prop_G6LUT_SLICEM_I0_O)
                                                      0.052     0.052 r  u_Parallel_LHT_Kernel/u_Hough_Kernel/u_Hough_Kernel_Symmetric_Look_Ahead/u_Look_Ahead_Hough/Unit_Delay_Enabled_Synchronous_out1[0][8]_i_1/O
                         net (fo=819, routed)         3.860     3.912    u_Parallel_LHT_Kernel/u_Hough_Kernel/u_Hough_Kernel_Symmetric_Look_Ahead/u_Look_Ahead_Hough/Unit_Delay_Enabled_Synchronous_out1[0]__0
    SLICE_X64Y283        FDCE                                         r  u_Parallel_LHT_Kernel/u_Hough_Kernel/u_Hough_Kernel_Symmetric_Look_Ahead/u_Look_Ahead_Hough/Unit_Delay_Enabled_Synchronous_out1_reg[85][2]/CE
  -------------------------------------------------------------------    -------------------

                         (clock MWCLK rise edge)      0.000     0.000 r  
                                                      0.000     0.000 r  clk (IN)
                         net (fo=7176, unset)         0.021     0.021    u_Parallel_LHT_Kernel/u_Hough_Kernel/u_Hough_Kernel_Symmetric_Look_Ahead/u_Look_Ahead_Hough/clk
    SLICE_X64Y283        FDCE                                         r  u_Parallel_LHT_Kernel/u_Hough_Kernel/u_Hough_Kernel_Symmetric_Look_Ahead/u_Look_Ahead_Hough/Unit_Delay_Enabled_Synchronous_out1_reg[85][2]/C

Slack:                    inf
  Source:                 clk_enable
                            (input port)
  Destination:            u_Parallel_LHT_Kernel/u_Hough_Kernel/u_Hough_Kernel_Symmetric_Look_Ahead/u_Look_Ahead_Hough/Unit_Delay_Enabled_Synchronous_out1_reg[85][2]/CE
                            (rising edge-triggered cell FDCE clocked by MWCLK  {rise@0.000ns fall@3.333ns period=6.667ns})
  Path Group:             (none)
  Path Type:              Setup (Max at Slow Process Corner)
  Data Path Delay:        3.912ns  (logic 0.052ns (1.329%)  route 3.860ns (98.671%))
  Logic Levels:           1  (LUT2=1)
  Clock Path Skew:        0.021ns (DCD - SCD + CPR)
    Destination Clock Delay (DCD):    0.021ns
    Source Clock Delay      (SCD):    0.000ns
    Clock Pessimism Removal (CPR):    0.000ns

    Location             Delay type                Incr(ns)  Path(ns)    Netlist Resource(s)
  -------------------------------------------------------------------    -------------------
                                                      0.000     0.000 f  clk_enable (IN)
                         net (fo=5491, unset)         0.000     0.000    u_Parallel_LHT_Kernel/u_Hough_Kernel/u_Hough_Kernel_Symmetric_Look_Ahead/u_Look_Ahead_Hough/clk_enable
    SLICE_X89Y235        LUT2 (Prop_G6LUT_SLICEM_I0_O)
                                                      0.052     0.052 f  u_Parallel_LHT_Kernel/u_Hough_Kernel/u_Hough_Kernel_Symmetric_Look_Ahead/u_Look_Ahead_Hough/Unit_Delay_Enabled_Synchronous_out1[0][8]_i_1/O
                         net (fo=819, routed)         3.860     3.912    u_Parallel_LHT_Kernel/u_Hough_Kernel/u_Hough_Kernel_Symmetric_Look_Ahead/u_Look_Ahead_Hough/Unit_Delay_Enabled_Synchronous_out1[0]__0
    SLICE_X64Y283        FDCE                                         f  u_Parallel_LHT_Kernel/u_Hough_Kernel/u_Hough_Kernel_Symmetric_Look_Ahead/u_Look_Ahead_Hough/Unit_Delay_Enabled_Synchronous_out1_reg[85][2]/CE
  -------------------------------------------------------------------    -------------------

                         (clock MWCLK rise edge)      0.000     0.000 r  
                                                      0.000     0.000 r  clk (IN)
                         net (fo=7176, unset)         0.021     0.021    u_Parallel_LHT_Kernel/u_Hough_Kernel/u_Hough_Kernel_Symmetric_Look_Ahead/u_Look_Ahead_Hough/clk
    SLICE_X64Y283        FDCE                                         r  u_Parallel_LHT_Kernel/u_Hough_Kernel/u_Hough_Kernel_Symmetric_Look_Ahead/u_Look_Ahead_Hough/Unit_Delay_Enabled_Synchronous_out1_reg[85][2]/C





Min Delay Paths
--------------------------------------------------------------------------------------
Slack:                    inf
  Source:                 clk_enable
                            (input port)
  Destination:            Unit_Delay_Enabled_Synchronous_out1_reg[8]_i_5/CE
                            (rising edge-triggered cell FDCE clocked by MWCLK  {rise@0.000ns fall@3.333ns period=6.667ns})
  Path Group:             (none)
  Path Type:              Hold (Min at Slow Process Corner)
  Data Path Delay:        0.000ns  (logic 0.000ns (0.000%)  route 0.000ns (0.000%))
  Logic Levels:           0  
  Clock Path Skew:        0.030ns (DCD - SCD - CPR)
    Destination Clock Delay (DCD):    0.030ns
    Source Clock Delay      (SCD):    0.000ns
    Clock Pessimism Removal (CPR):    -0.000ns

    Location             Delay type                Incr(ns)  Path(ns)    Netlist Resource(s)
  -------------------------------------------------------------------    -------------------
                                                      0.000     0.000 r  clk_enable (IN)
                         net (fo=5491, unset)         0.000     0.000    clk_enable
    SLICE_X104Y236       FDCE                                         r  Unit_Delay_Enabled_Synchronous_out1_reg[8]_i_5/CE
  -------------------------------------------------------------------    -------------------

                         (clock MWCLK rise edge)      0.000     0.000 r  
                                                      0.000     0.000 r  clk (IN)
                         net (fo=7176, unset)         0.030     0.030    clk
    SLICE_X104Y236       FDCE                                         r  Unit_Delay_Enabled_Synchronous_out1_reg[8]_i_5/C

Slack:                    inf
  Source:                 clk_enable
                            (input port)
  Destination:            Unit_Delay_Enabled_Synchronous_out1_reg[8]_i_5/CE
                            (rising edge-triggered cell FDCE clocked by MWCLK  {rise@0.000ns fall@3.333ns period=6.667ns})
  Path Group:             (none)
  Path Type:              Hold (Min at Slow Process Corner)
  Data Path Delay:        0.000ns  (logic 0.000ns (0.000%)  route 0.000ns (0.000%))
  Logic Levels:           0  
  Clock Path Skew:        0.030ns (DCD - SCD - CPR)
    Destination Clock Delay (DCD):    0.030ns
    Source Clock Delay      (SCD):    0.000ns
    Clock Pessimism Removal (CPR):    -0.000ns

    Location             Delay type                Incr(ns)  Path(ns)    Netlist Resource(s)
  -------------------------------------------------------------------    -------------------
                                                      0.000     0.000 r  clk_enable (IN)
                         net (fo=5491, unset)         0.000     0.000    clk_enable
    SLICE_X104Y236       FDCE                                         r  Unit_Delay_Enabled_Synchronous_out1_reg[8]_i_5/CE
  -------------------------------------------------------------------    -------------------

                         (clock MWCLK rise edge)      0.000     0.000 r  
                                                      0.000     0.000 r  clk (IN)
                         net (fo=7176, unset)         0.030     0.030    clk
    SLICE_X104Y236       FDCE                                         r  Unit_Delay_Enabled_Synchronous_out1_reg[8]_i_5/C

Slack:                    inf
  Source:                 clk_enable
                            (input port)
  Destination:            Unit_Delay_Enabled_Synchronous_out1_reg[8]_i_5/CE
                            (rising edge-triggered cell FDCE clocked by MWCLK  {rise@0.000ns fall@3.333ns period=6.667ns})
  Path Group:             (none)
  Path Type:              Hold (Min at Fast Process Corner)
  Data Path Delay:        0.000ns  (logic 0.000ns (0.000%)  route 0.000ns (0.000%))
  Logic Levels:           0  
  Clock Path Skew:        0.019ns (DCD - SCD - CPR)
    Destination Clock Delay (DCD):    0.019ns
    Source Clock Delay      (SCD):    0.000ns
    Clock Pessimism Removal (CPR):    -0.000ns

    Location             Delay type                Incr(ns)  Path(ns)    Netlist Resource(s)
  -------------------------------------------------------------------    -------------------
                                                      0.000     0.000 r  clk_enable (IN)
                         net (fo=5491, unset)         0.000     0.000    clk_enable
    SLICE_X104Y236       FDCE                                         r  Unit_Delay_Enabled_Synchronous_out1_reg[8]_i_5/CE
  -------------------------------------------------------------------    -------------------

                         (clock MWCLK rise edge)      0.000     0.000 r  
                                                      0.000     0.000 r  clk (IN)
                         net (fo=7176, unset)         0.019     0.019    clk
    SLICE_X104Y236       FDCE                                         r  Unit_Delay_Enabled_Synchronous_out1_reg[8]_i_5/C





