Copyright 1986-2019 Xilinx, Inc. All Rights Reserved.
---------------------------------------------------------------------------------------------------------------------
| Tool Version : Vivado v.2019.1 (win64) Build 2552052 Fri May 24 14:49:42 MDT 2019
| Date         : Thu Feb 27 22:52:45 2020
| Host         : eee-bumblebee running 64-bit major release  (build 9200)
| Command      : report_utilization -file Parallel_LHT_utilization_placed.rpt -pb Parallel_LHT_utilization_placed.pb
| Design       : Parallel_LHT
| Device       : xczu7evffvc1156-2
| Design State : Fully Placed
---------------------------------------------------------------------------------------------------------------------

Utilization Design Information

Table of Contents
-----------------
1. CLB Logic
1.1 Summary of Registers by Type
2. CLB Logic Distribution
3. BLOCKRAM
4. ARITHMETIC
5. I/O
6. CLOCK
7. ADVANCED
8. CONFIGURATION
9. Primitives
10. Black Boxes
11. Instantiated Netlists

1. CLB Logic
------------

+-------------------------+-------+-------+-----------+-------+
|        Site Type        |  Used | Fixed | Available | Util% |
+-------------------------+-------+-------+-----------+-------+
| CLB LUTs                | 10681 |     0 |    230400 |  4.64 |
|   LUT as Logic          | 10681 |     0 |    230400 |  4.64 |
|   LUT as Memory         |     0 |     0 |    101760 |  0.00 |
| CLB Registers           |  6083 |     0 |    460800 |  1.32 |
|   Register as Flip Flop |  6083 |     0 |    460800 |  1.32 |
|   Register as Latch     |     0 |     0 |    460800 |  0.00 |
| CARRY8                  |   360 |     0 |     28800 |  1.25 |
| F7 Muxes                |   216 |     0 |    115200 |  0.19 |
| F8 Muxes                |    81 |     0 |     57600 |  0.14 |
| F9 Muxes                |     0 |     0 |     28800 |  0.00 |
+-------------------------+-------+-------+-----------+-------+


1.1 Summary of Registers by Type
--------------------------------

+-------+--------------+-------------+--------------+
| Total | Clock Enable | Synchronous | Asynchronous |
+-------+--------------+-------------+--------------+
| 0     |            _ |           - |            - |
| 0     |            _ |           - |          Set |
| 0     |            _ |           - |        Reset |
| 0     |            _ |         Set |            - |
| 0     |            _ |       Reset |            - |
| 0     |          Yes |           - |            - |
| 6     |          Yes |           - |          Set |
| 6077  |          Yes |           - |        Reset |
| 0     |          Yes |         Set |            - |
| 0     |          Yes |       Reset |            - |
+-------+--------------+-------------+--------------+


2. CLB Logic Distribution
-------------------------

+--------------------------------------------+-------+-------+-----------+-------+
|                  Site Type                 |  Used | Fixed | Available | Util% |
+--------------------------------------------+-------+-------+-----------+-------+
| CLB                                        |  2344 |     0 |     28800 |  8.14 |
|   CLBL                                     |  1365 |     0 |           |       |
|   CLBM                                     |   979 |     0 |           |       |
| LUT as Logic                               | 10681 |     0 |    230400 |  4.64 |
|   using O5 output only                     |    10 |       |           |       |
|   using O6 output only                     |  8311 |       |           |       |
|   using O5 and O6                          |  2360 |       |           |       |
| LUT as Memory                              |     0 |     0 |    101760 |  0.00 |
|   LUT as Distributed RAM                   |     0 |     0 |           |       |
|   LUT as Shift Register                    |     0 |     0 |           |       |
| CLB Registers                              |  6083 |     0 |    460800 |  1.32 |
|   Register driven from within the CLB      |  2385 |       |           |       |
|   Register driven from outside the CLB     |  3698 |       |           |       |
|     LUT in front of the register is unused |  2184 |       |           |       |
|     LUT in front of the register is used   |  1514 |       |           |       |
| Unique Control Sets                        |    98 |       |     57600 |  0.17 |
+--------------------------------------------+-------+-------+-----------+-------+
* Note: Available Control Sets calculated as CLB Registers / 8, Review the Control Sets Report for more information regarding control sets.


3. BLOCKRAM
-----------

+-------------------+------+-------+-----------+-------+
|     Site Type     | Used | Fixed | Available | Util% |
+-------------------+------+-------+-----------+-------+
| Block RAM Tile    |   90 |     0 |       312 | 28.85 |
|   RAMB36/FIFO*    |    0 |     0 |       312 |  0.00 |
|   RAMB18          |  180 |     0 |       624 | 28.85 |
|     RAMB18E2 only |  180 |       |           |       |
| URAM              |    0 |     0 |        96 |  0.00 |
+-------------------+------+-------+-----------+-------+
* Note: Each Block RAM Tile only has one FIFO logic available and therefore can accommodate only one FIFO36E2 or one FIFO18E2. However, if a FIFO18E2 occupies a Block RAM Tile, that tile can still accommodate a RAMB18E2


4. ARITHMETIC
-------------

+----------------+------+-------+-----------+-------+
|    Site Type   | Used | Fixed | Available | Util% |
+----------------+------+-------+-----------+-------+
| DSPs           |   92 |     0 |      1728 |  5.32 |
|   DSP48E2 only |   92 |       |           |       |
+----------------+------+-------+-----------+-------+


5. I/O
------

+------------------+------+-------+-----------+-------+
|     Site Type    | Used | Fixed | Available | Util% |
+------------------+------+-------+-----------+-------+
| Bonded IOB       |    0 |     0 |       360 |  0.00 |
| HPIOB_M          |    0 |     0 |       144 |  0.00 |
| HPIOB_S          |    0 |     0 |       144 |  0.00 |
| HDIOB_M          |    0 |     0 |        24 |  0.00 |
| HDIOB_S          |    0 |     0 |        24 |  0.00 |
| HPIOB_SNGL       |    0 |     0 |        24 |  0.00 |
| HPIOBDIFFINBUF   |    0 |     0 |       192 |  0.00 |
| HPIOBDIFFOUTBUF  |    0 |     0 |       192 |  0.00 |
| HDIOBDIFFINBUF   |    0 |     0 |        48 |  0.00 |
| BITSLICE_CONTROL |    0 |     0 |        64 |  0.00 |
| BITSLICE_RX_TX   |    0 |     0 |       416 |  0.00 |
| BITSLICE_TX      |    0 |     0 |        64 |  0.00 |
| RIU_OR           |    0 |     0 |        32 |  0.00 |
+------------------+------+-------+-----------+-------+


6. CLOCK
--------

+----------------------+------+-------+-----------+-------+
|       Site Type      | Used | Fixed | Available | Util% |
+----------------------+------+-------+-----------+-------+
| GLOBAL CLOCK BUFFERs |    0 |     0 |       544 |  0.00 |
|   BUFGCE             |    0 |     0 |       208 |  0.00 |
|   BUFGCE_DIV         |    0 |     0 |        32 |  0.00 |
|   BUFG_GT            |    0 |     0 |       144 |  0.00 |
|   BUFG_PS            |    0 |     0 |        96 |  0.00 |
|   BUFGCTRL*          |    0 |     0 |        64 |  0.00 |
| PLL                  |    0 |     0 |        16 |  0.00 |
| MMCM                 |    0 |     0 |         8 |  0.00 |
+----------------------+------+-------+-----------+-------+
* Note: Each used BUFGCTRL counts as two GLOBAL CLOCK BUFFERs. This table does not include global clocking resources, only buffer cell usage. See the Clock Utilization Report (report_clock_utilization) for detailed accounting of global clocking resource availability.


7. ADVANCED
-----------

+-----------------+------+-------+-----------+-------+
|    Site Type    | Used | Fixed | Available | Util% |
+-----------------+------+-------+-----------+-------+
| GTHE4_CHANNEL   |    0 |     0 |        20 |  0.00 |
| GTHE4_COMMON    |    0 |     0 |         5 |  0.00 |
| OBUFDS_GTE4     |    0 |     0 |        10 |  0.00 |
| OBUFDS_GTE4_ADV |    0 |     0 |        10 |  0.00 |
| PCIE40E4        |    0 |     0 |         2 |  0.00 |
| PS8             |    0 |     0 |         1 |  0.00 |
| SYSMONE4        |    0 |     0 |         1 |  0.00 |
| VCU             |    0 |     0 |         1 |  0.00 |
+-----------------+------+-------+-----------+-------+


8. CONFIGURATION
----------------

+-------------+------+-------+-----------+-------+
|  Site Type  | Used | Fixed | Available | Util% |
+-------------+------+-------+-----------+-------+
| BSCANE2     |    0 |     0 |         4 |  0.00 |
| DNA_PORTE2  |    0 |     0 |         1 |  0.00 |
| EFUSE_USR   |    0 |     0 |         1 |  0.00 |
| FRAME_ECCE4 |    0 |     0 |         1 |  0.00 |
| ICAPE3      |    0 |     0 |         2 |  0.00 |
| MASTER_JTAG |    0 |     0 |         1 |  0.00 |
| STARTUPE3   |    0 |     0 |         1 |  0.00 |
+-------------+------+-------+-----------+-------+


9. Primitives
-------------

+----------+------+---------------------+
| Ref Name | Used | Functional Category |
+----------+------+---------------------+
| FDCE     | 6077 |            Register |
| LUT6     | 4757 |                 CLB |
| LUT4     | 2563 |                 CLB |
| LUT5     | 2315 |                 CLB |
| LUT2     | 1934 |                 CLB |
| LUT3     | 1471 |                 CLB |
| CARRY8   |  360 |                 CLB |
| MUXF7    |  216 |                 CLB |
| RAMB18E2 |  180 |           Block Ram |
| DSP48E2  |   92 |          Arithmetic |
| MUXF8    |   81 |                 CLB |
| FDPE     |    6 |            Register |
| LUT1     |    1 |                 CLB |
+----------+------+---------------------+


10. Black Boxes
---------------

+----------+------+
| Ref Name | Used |
+----------+------+


11. Instantiated Netlists
-------------------------

+----------+------+
| Ref Name | Used |
+----------+------+


