Copyright 1986-2019 Xilinx, Inc. All Rights Reserved.
---------------------------------------------------------------------------------------------------------------------------------------------------------------------------------------
| Tool Version      : Vivado v.2019.1 (win64) Build 2552052 Fri May 24 14:49:42 MDT 2019
| Date              : Thu Feb 27 22:24:13 2020
| Host              : eee-bumblebee running 64-bit major release  (build 9200)
| Command           : report_timing_summary -delay_type min_max -report_unconstrained -check_timing_verbose -max_paths 3 -nworst 3 -name timing_post_route -file timing_post_route.rpt
| Design            : Parallel_LHT
| Device            : xczu7ev-ffvc1156
| Speed File        : -2  PRODUCTION 1.25 05-09-2019
| Temperature Grade : E
---------------------------------------------------------------------------------------------------------------------------------------------------------------------------------------

Timing Summary Report

------------------------------------------------------------------------------------------------
| Timer Settings
| --------------
------------------------------------------------------------------------------------------------

  Enable Multi Corner Analysis               :  Yes
  Enable Pessimism Removal                   :  Yes
  Pessimism Removal Resolution               :  Nearest Common Node
  Enable Input Delay Default Clock           :  No
  Enable Preset / Clear Arcs                 :  No
  Disable Flight Delays                      :  No
  Ignore I/O Paths                           :  No
  Timing Early Launch at Borrowing Latches   :  No
  Borrow Time for Max Delay Exceptions       :  Yes

  Corner  Analyze    Analyze    
  Name    Max Paths  Min Paths  
  ------  ---------  ---------  
  Slow    Yes        Yes        
  Fast    Yes        Yes        



check_timing report

Table of Contents
-----------------
1. checking no_clock
2. checking constant_clock
3. checking pulse_width_clock
4. checking unconstrained_internal_endpoints
5. checking no_input_delay
6. checking no_output_delay
7. checking multiple_clock
8. checking generated_clocks
9. checking loops
10. checking partial_input_delay
11. checking partial_output_delay
12. checking latch_loops

1. checking no_clock
--------------------
 There are 0 register/latch pins with no clock.


2. checking constant_clock
--------------------------
 There are 0 register/latch pins with constant_clock.


3. checking pulse_width_clock
-----------------------------
 There are 0 register/latch pins which need pulse_width check


4. checking unconstrained_internal_endpoints
--------------------------------------------
 There are 0 pins that are not constrained for maximum delay.

 There are 0 pins that are not constrained for maximum delay due to constant clock.


5. checking no_input_delay
--------------------------
 There are 6 input ports with no input delay specified. (HIGH)

clk_enable
reset
s_axis_tdata
s_axis_tlast
s_axis_tuser
s_axis_tvalid

 There are 0 input ports with no input delay but user has a false path constraint.


6. checking no_output_delay
---------------------------
 There are 13 ports with no output delay specified. (HIGH)

m_axis_tdata[0]
m_axis_tdata[1]
m_axis_tdata[2]
m_axis_tdata[3]
m_axis_tdata[4]
m_axis_tdata[5]
m_axis_tdata[6]
m_axis_tdata[7]
m_axis_tdata[8]
m_axis_tdata[9]
m_axis_tlast
m_axis_tuser
m_axis_tvalid

 There are 0 ports with no output delay but user has a false path constraint

 There are 0 ports with no output delay but with a timing clock defined on it or propagating through it


7. checking multiple_clock
--------------------------
 There are 0 register/latch pins with multiple clocks.


8. checking generated_clocks
----------------------------
 There are 0 generated clocks that are not connected to a clock source.


9. checking loops
-----------------
 There are 0 combinational loops in the design.


10. checking partial_input_delay
--------------------------------
 There are 0 input ports with partial input delay specified.


11. checking partial_output_delay
---------------------------------
 There are 0 ports with partial output delay specified.


12. checking latch_loops
------------------------
 There are 0 combinational latch loops in the design through latch input



------------------------------------------------------------------------------------------------
| Design Timing Summary
| ---------------------
------------------------------------------------------------------------------------------------

    WNS(ns)      TNS(ns)  TNS Failing Endpoints  TNS Total Endpoints      WHS(ns)      THS(ns)  THS Failing Endpoints  THS Total Endpoints     WPWS(ns)     TPWS(ns)  TPWS Failing Endpoints  TPWS Total Endpoints  
    -------      -------  ---------------------  -------------------      -------      -------  ---------------------  -------------------     --------     --------  ----------------------  --------------------  
      0.404        0.000                      0                17524        0.026        0.000                      0                17524        2.791        0.000                       0                  7086  


All user specified timing constraints are met.


------------------------------------------------------------------------------------------------
| Clock Summary
| -------------
------------------------------------------------------------------------------------------------

Clock  Waveform(ns)         Period(ns)      Frequency(MHz)
-----  ------------         ----------      --------------
MWCLK  {0.000 3.333}        6.667           149.992         


------------------------------------------------------------------------------------------------
| Intra Clock Table
| -----------------
------------------------------------------------------------------------------------------------

Clock             WNS(ns)      TNS(ns)  TNS Failing Endpoints  TNS Total Endpoints      WHS(ns)      THS(ns)  THS Failing Endpoints  THS Total Endpoints     WPWS(ns)     TPWS(ns)  TPWS Failing Endpoints  TPWS Total Endpoints  
-----             -------      -------  ---------------------  -------------------      -------      -------  ---------------------  -------------------     --------     --------  ----------------------  --------------------  
MWCLK               0.404        0.000                      0                17524        0.026        0.000                      0                17524        2.791        0.000                       0                  7086  


------------------------------------------------------------------------------------------------
| Inter Clock Table
| -----------------
------------------------------------------------------------------------------------------------

From Clock    To Clock          WNS(ns)      TNS(ns)  TNS Failing Endpoints  TNS Total Endpoints      WHS(ns)      THS(ns)  THS Failing Endpoints  THS Total Endpoints  
----------    --------          -------      -------  ---------------------  -------------------      -------      -------  ---------------------  -------------------  


------------------------------------------------------------------------------------------------
| Other Path Groups Table
| -----------------------
------------------------------------------------------------------------------------------------

Path Group    From Clock    To Clock          WNS(ns)      TNS(ns)  TNS Failing Endpoints  TNS Total Endpoints      WHS(ns)      THS(ns)  THS Failing Endpoints  THS Total Endpoints  
----------    ----------    --------          -------      -------  ---------------------  -------------------      -------      -------  ---------------------  -------------------  


------------------------------------------------------------------------------------------------
| User Ignored Path Table
| -----------------------
------------------------------------------------------------------------------------------------

Path Group    From Clock    To Clock    
----------    ----------    --------    


------------------------------------------------------------------------------------------------
| Unconstrained Path Table
| ------------------------
------------------------------------------------------------------------------------------------

Path Group    From Clock    To Clock    
----------    ----------    --------    
(none)                                    
(none)        MWCLK                       
(none)                      MWCLK         


------------------------------------------------------------------------------------------------
| Timing Details
| --------------
------------------------------------------------------------------------------------------------


---------------------------------------------------------------------------------------------------
From Clock:  MWCLK
  To Clock:  MWCLK

Setup :            0  Failing Endpoints,  Worst Slack        0.404ns,  Total Violation        0.000ns
Hold  :            0  Failing Endpoints,  Worst Slack        0.026ns,  Total Violation        0.000ns
PW    :            0  Failing Endpoints,  Worst Slack        2.791ns,  Total Violation        0.000ns
---------------------------------------------------------------------------------------------------


Max Delay Paths
--------------------------------------------------------------------------------------
Slack (MET) :             0.404ns  (required time - arrival time)
  Source:                 u_Parallel_LHT_Kernel/u_Hough_Kernel/u_Hough_Kernel_Symmetric_Look_Ahead/u_Hough_Kernel_Symmetric/X_1_reg[2]/C
                            (rising edge-triggered cell FDCE clocked by MWCLK  {rise@0.000ns fall@3.333ns period=6.667ns})
  Destination:            u_Parallel_LHT_Kernel/u_Hough_Kernel/u_Hough_Kernel_Symmetric_Look_Ahead/u_Hough_Kernel_Symmetric/xcos_out1[26]/DSP_OUTPUT_INST/ALU_OUT[10]
                            (rising edge-triggered cell DSP_OUTPUT clocked by MWCLK  {rise@0.000ns fall@3.333ns period=6.667ns})
  Path Group:             MWCLK
  Path Type:              Setup (Max at Slow Process Corner)
  Requirement:            6.667ns  (MWCLK rise@6.667ns - MWCLK rise@0.000ns)
  Data Path Delay:        6.256ns  (logic 1.526ns (24.393%)  route 4.730ns (75.607%))
  Logic Levels:           5  (DSP_A_B_DATA=1 DSP_ALU=1 DSP_M_DATA=1 DSP_MULTIPLIER=1 DSP_PREADD_DATA=1)
  Clock Path Skew:        0.013ns (DCD - SCD + CPR)
    Destination Clock Delay (DCD):    0.043ns = ( 6.710 - 6.667 ) 
    Source Clock Delay      (SCD):    0.030ns
    Clock Pessimism Removal (CPR):    0.000ns
  Clock Uncertainty:      0.035ns  ((TSJ^2 + TIJ^2)^1/2 + DJ) / 2 + PE
    Total System Jitter     (TSJ):    0.071ns
    Total Input Jitter      (TIJ):    0.000ns
    Discrete Jitter          (DJ):    0.000ns
    Phase Error              (PE):    0.000ns

    Location             Delay type                Incr(ns)  Path(ns)    Netlist Resource(s)
  -------------------------------------------------------------------    -------------------
                         (clock MWCLK rise edge)      0.000     0.000 r  
                                                      0.000     0.000 r  clk (IN)
                         net (fo=7545, unset)         0.030     0.030    u_Parallel_LHT_Kernel/u_Hough_Kernel/u_Hough_Kernel_Symmetric_Look_Ahead/u_Hough_Kernel_Symmetric/clk
    SLICE_X78Y209        FDCE                                         r  u_Parallel_LHT_Kernel/u_Hough_Kernel/u_Hough_Kernel_Symmetric_Look_Ahead/u_Hough_Kernel_Symmetric/X_1_reg[2]/C
  -------------------------------------------------------------------    -------------------
    SLICE_X78Y209        FDCE (Prop_FFF_SLICEM_C_Q)
                                                      0.076     0.106 f  u_Parallel_LHT_Kernel/u_Hough_Kernel/u_Hough_Kernel_Symmetric_Look_Ahead/u_Hough_Kernel_Symmetric/X_1_reg[2]/Q
                         net (fo=91, routed)          4.730     4.836    u_Parallel_LHT_Kernel/u_Hough_Kernel/u_Hough_Kernel_Symmetric_Look_Ahead/u_Hough_Kernel_Symmetric/xcos_out1[26]/B[2]
    DSP48E2_X9Y40        DSP_A_B_DATA (Prop_DSP_A_B_DATA_DSP48E2_B[2]_B2_DATA[2])
                                                      0.151     4.987 r  u_Parallel_LHT_Kernel/u_Hough_Kernel/u_Hough_Kernel_Symmetric_Look_Ahead/u_Hough_Kernel_Symmetric/xcos_out1[26]/DSP_A_B_DATA_INST/B2_DATA[2]
                         net (fo=1, routed)           0.000     4.987    u_Parallel_LHT_Kernel/u_Hough_Kernel/u_Hough_Kernel_Symmetric_Look_Ahead/u_Hough_Kernel_Symmetric/xcos_out1[26]/DSP_A_B_DATA.B2_DATA<2>
    DSP48E2_X9Y40        DSP_PREADD_DATA (Prop_DSP_PREADD_DATA_DSP48E2_B2_DATA[2]_B2B1[2])
                                                      0.073     5.060 r  u_Parallel_LHT_Kernel/u_Hough_Kernel/u_Hough_Kernel_Symmetric_Look_Ahead/u_Hough_Kernel_Symmetric/xcos_out1[26]/DSP_PREADD_DATA_INST/B2B1[2]
                         net (fo=1, routed)           0.000     5.060    u_Parallel_LHT_Kernel/u_Hough_Kernel/u_Hough_Kernel_Symmetric_Look_Ahead/u_Hough_Kernel_Symmetric/xcos_out1[26]/DSP_PREADD_DATA.B2B1<2>
    DSP48E2_X9Y40        DSP_MULTIPLIER (Prop_DSP_MULTIPLIER_DSP48E2_B2B1[2]_V[10])
                                                      0.609     5.669 f  u_Parallel_LHT_Kernel/u_Hough_Kernel/u_Hough_Kernel_Symmetric_Look_Ahead/u_Hough_Kernel_Symmetric/xcos_out1[26]/DSP_MULTIPLIER_INST/V[10]
                         net (fo=1, routed)           0.000     5.669    u_Parallel_LHT_Kernel/u_Hough_Kernel/u_Hough_Kernel_Symmetric_Look_Ahead/u_Hough_Kernel_Symmetric/xcos_out1[26]/DSP_MULTIPLIER.V<10>
    DSP48E2_X9Y40        DSP_M_DATA (Prop_DSP_M_DATA_DSP48E2_V[10]_V_DATA[10])
                                                      0.046     5.715 r  u_Parallel_LHT_Kernel/u_Hough_Kernel/u_Hough_Kernel_Symmetric_Look_Ahead/u_Hough_Kernel_Symmetric/xcos_out1[26]/DSP_M_DATA_INST/V_DATA[10]
                         net (fo=1, routed)           0.000     5.715    u_Parallel_LHT_Kernel/u_Hough_Kernel/u_Hough_Kernel_Symmetric_Look_Ahead/u_Hough_Kernel_Symmetric/xcos_out1[26]/DSP_M_DATA.V_DATA<10>
    DSP48E2_X9Y40        DSP_ALU (Prop_DSP_ALU_DSP48E2_V_DATA[10]_ALU_OUT[10])
                                                      0.571     6.286 r  u_Parallel_LHT_Kernel/u_Hough_Kernel/u_Hough_Kernel_Symmetric_Look_Ahead/u_Hough_Kernel_Symmetric/xcos_out1[26]/DSP_ALU_INST/ALU_OUT[10]
                         net (fo=1, routed)           0.000     6.286    u_Parallel_LHT_Kernel/u_Hough_Kernel/u_Hough_Kernel_Symmetric_Look_Ahead/u_Hough_Kernel_Symmetric/xcos_out1[26]/DSP_ALU.ALU_OUT<10>
    DSP48E2_X9Y40        DSP_OUTPUT                                   r  u_Parallel_LHT_Kernel/u_Hough_Kernel/u_Hough_Kernel_Symmetric_Look_Ahead/u_Hough_Kernel_Symmetric/xcos_out1[26]/DSP_OUTPUT_INST/ALU_OUT[10]
  -------------------------------------------------------------------    -------------------

                         (clock MWCLK rise edge)      6.667     6.667 r  
                                                      0.000     6.667 r  clk (IN)
                         net (fo=7545, unset)         0.043     6.710    u_Parallel_LHT_Kernel/u_Hough_Kernel/u_Hough_Kernel_Symmetric_Look_Ahead/u_Hough_Kernel_Symmetric/xcos_out1[26]/CLK
    DSP48E2_X9Y40        DSP_OUTPUT                                   r  u_Parallel_LHT_Kernel/u_Hough_Kernel/u_Hough_Kernel_Symmetric_Look_Ahead/u_Hough_Kernel_Symmetric/xcos_out1[26]/DSP_OUTPUT_INST/CLK
                         clock pessimism              0.000     6.710    
                         clock uncertainty           -0.035     6.675    
    DSP48E2_X9Y40        DSP_OUTPUT (Setup_DSP_OUTPUT_DSP48E2_CLK_ALU_OUT[10])
                                                      0.015     6.690    u_Parallel_LHT_Kernel/u_Hough_Kernel/u_Hough_Kernel_Symmetric_Look_Ahead/u_Hough_Kernel_Symmetric/xcos_out1[26]/DSP_OUTPUT_INST
  -------------------------------------------------------------------
                         required time                          6.690    
                         arrival time                          -6.286    
  -------------------------------------------------------------------
                         slack                                  0.404    

Slack (MET) :             0.404ns  (required time - arrival time)
  Source:                 u_Parallel_LHT_Kernel/u_Hough_Kernel/u_Hough_Kernel_Symmetric_Look_Ahead/u_Hough_Kernel_Symmetric/X_1_reg[2]/C
                            (rising edge-triggered cell FDCE clocked by MWCLK  {rise@0.000ns fall@3.333ns period=6.667ns})
  Destination:            u_Parallel_LHT_Kernel/u_Hough_Kernel/u_Hough_Kernel_Symmetric_Look_Ahead/u_Hough_Kernel_Symmetric/xcos_out1[26]/DSP_OUTPUT_INST/ALU_OUT[10]
                            (rising edge-triggered cell DSP_OUTPUT clocked by MWCLK  {rise@0.000ns fall@3.333ns period=6.667ns})
  Path Group:             MWCLK
  Path Type:              Setup (Max at Slow Process Corner)
  Requirement:            6.667ns  (MWCLK rise@6.667ns - MWCLK rise@0.000ns)
  Data Path Delay:        6.256ns  (logic 1.526ns (24.393%)  route 4.730ns (75.607%))
  Logic Levels:           5  (DSP_A_B_DATA=1 DSP_ALU=1 DSP_M_DATA=1 DSP_MULTIPLIER=1 DSP_PREADD_DATA=1)
  Clock Path Skew:        0.013ns (DCD - SCD + CPR)
    Destination Clock Delay (DCD):    0.043ns = ( 6.710 - 6.667 ) 
    Source Clock Delay      (SCD):    0.030ns
    Clock Pessimism Removal (CPR):    0.000ns
  Clock Uncertainty:      0.035ns  ((TSJ^2 + TIJ^2)^1/2 + DJ) / 2 + PE
    Total System Jitter     (TSJ):    0.071ns
    Total Input Jitter      (TIJ):    0.000ns
    Discrete Jitter          (DJ):    0.000ns
    Phase Error              (PE):    0.000ns

    Location             Delay type                Incr(ns)  Path(ns)    Netlist Resource(s)
  -------------------------------------------------------------------    -------------------
                         (clock MWCLK rise edge)      0.000     0.000 r  
                                                      0.000     0.000 r  clk (IN)
                         net (fo=7545, unset)         0.030     0.030    u_Parallel_LHT_Kernel/u_Hough_Kernel/u_Hough_Kernel_Symmetric_Look_Ahead/u_Hough_Kernel_Symmetric/clk
    SLICE_X78Y209        FDCE                                         r  u_Parallel_LHT_Kernel/u_Hough_Kernel/u_Hough_Kernel_Symmetric_Look_Ahead/u_Hough_Kernel_Symmetric/X_1_reg[2]/C
  -------------------------------------------------------------------    -------------------
    SLICE_X78Y209        FDCE (Prop_FFF_SLICEM_C_Q)
                                                      0.076     0.106 f  u_Parallel_LHT_Kernel/u_Hough_Kernel/u_Hough_Kernel_Symmetric_Look_Ahead/u_Hough_Kernel_Symmetric/X_1_reg[2]/Q
                         net (fo=91, routed)          4.730     4.836    u_Parallel_LHT_Kernel/u_Hough_Kernel/u_Hough_Kernel_Symmetric_Look_Ahead/u_Hough_Kernel_Symmetric/xcos_out1[26]/B[2]
    DSP48E2_X9Y40        DSP_A_B_DATA (Prop_DSP_A_B_DATA_DSP48E2_B[2]_B2_DATA[2])
                                                      0.151     4.987 r  u_Parallel_LHT_Kernel/u_Hough_Kernel/u_Hough_Kernel_Symmetric_Look_Ahead/u_Hough_Kernel_Symmetric/xcos_out1[26]/DSP_A_B_DATA_INST/B2_DATA[2]
                         net (fo=1, routed)           0.000     4.987    u_Parallel_LHT_Kernel/u_Hough_Kernel/u_Hough_Kernel_Symmetric_Look_Ahead/u_Hough_Kernel_Symmetric/xcos_out1[26]/DSP_A_B_DATA.B2_DATA<2>
    DSP48E2_X9Y40        DSP_PREADD_DATA (Prop_DSP_PREADD_DATA_DSP48E2_B2_DATA[2]_B2B1[2])
                                                      0.073     5.060 r  u_Parallel_LHT_Kernel/u_Hough_Kernel/u_Hough_Kernel_Symmetric_Look_Ahead/u_Hough_Kernel_Symmetric/xcos_out1[26]/DSP_PREADD_DATA_INST/B2B1[2]
                         net (fo=1, routed)           0.000     5.060    u_Parallel_LHT_Kernel/u_Hough_Kernel/u_Hough_Kernel_Symmetric_Look_Ahead/u_Hough_Kernel_Symmetric/xcos_out1[26]/DSP_PREADD_DATA.B2B1<2>
    DSP48E2_X9Y40        DSP_MULTIPLIER (Prop_DSP_MULTIPLIER_DSP48E2_B2B1[2]_V[10])
                                                      0.609     5.669 r  u_Parallel_LHT_Kernel/u_Hough_Kernel/u_Hough_Kernel_Symmetric_Look_Ahead/u_Hough_Kernel_Symmetric/xcos_out1[26]/DSP_MULTIPLIER_INST/V[10]
                         net (fo=1, routed)           0.000     5.669    u_Parallel_LHT_Kernel/u_Hough_Kernel/u_Hough_Kernel_Symmetric_Look_Ahead/u_Hough_Kernel_Symmetric/xcos_out1[26]/DSP_MULTIPLIER.V<10>
    DSP48E2_X9Y40        DSP_M_DATA (Prop_DSP_M_DATA_DSP48E2_V[10]_V_DATA[10])
                                                      0.046     5.715 f  u_Parallel_LHT_Kernel/u_Hough_Kernel/u_Hough_Kernel_Symmetric_Look_Ahead/u_Hough_Kernel_Symmetric/xcos_out1[26]/DSP_M_DATA_INST/V_DATA[10]
                         net (fo=1, routed)           0.000     5.715    u_Parallel_LHT_Kernel/u_Hough_Kernel/u_Hough_Kernel_Symmetric_Look_Ahead/u_Hough_Kernel_Symmetric/xcos_out1[26]/DSP_M_DATA.V_DATA<10>
    DSP48E2_X9Y40        DSP_ALU (Prop_DSP_ALU_DSP48E2_V_DATA[10]_ALU_OUT[10])
                                                      0.571     6.286 r  u_Parallel_LHT_Kernel/u_Hough_Kernel/u_Hough_Kernel_Symmetric_Look_Ahead/u_Hough_Kernel_Symmetric/xcos_out1[26]/DSP_ALU_INST/ALU_OUT[10]
                         net (fo=1, routed)           0.000     6.286    u_Parallel_LHT_Kernel/u_Hough_Kernel/u_Hough_Kernel_Symmetric_Look_Ahead/u_Hough_Kernel_Symmetric/xcos_out1[26]/DSP_ALU.ALU_OUT<10>
    DSP48E2_X9Y40        DSP_OUTPUT                                   r  u_Parallel_LHT_Kernel/u_Hough_Kernel/u_Hough_Kernel_Symmetric_Look_Ahead/u_Hough_Kernel_Symmetric/xcos_out1[26]/DSP_OUTPUT_INST/ALU_OUT[10]
  -------------------------------------------------------------------    -------------------

                         (clock MWCLK rise edge)      6.667     6.667 r  
                                                      0.000     6.667 r  clk (IN)
                         net (fo=7545, unset)         0.043     6.710    u_Parallel_LHT_Kernel/u_Hough_Kernel/u_Hough_Kernel_Symmetric_Look_Ahead/u_Hough_Kernel_Symmetric/xcos_out1[26]/CLK
    DSP48E2_X9Y40        DSP_OUTPUT                                   r  u_Parallel_LHT_Kernel/u_Hough_Kernel/u_Hough_Kernel_Symmetric_Look_Ahead/u_Hough_Kernel_Symmetric/xcos_out1[26]/DSP_OUTPUT_INST/CLK
                         clock pessimism              0.000     6.710    
                         clock uncertainty           -0.035     6.675    
    DSP48E2_X9Y40        DSP_OUTPUT (Setup_DSP_OUTPUT_DSP48E2_CLK_ALU_OUT[10])
                                                      0.015     6.690    u_Parallel_LHT_Kernel/u_Hough_Kernel/u_Hough_Kernel_Symmetric_Look_Ahead/u_Hough_Kernel_Symmetric/xcos_out1[26]/DSP_OUTPUT_INST
  -------------------------------------------------------------------
                         required time                          6.690    
                         arrival time                          -6.286    
  -------------------------------------------------------------------
                         slack                                  0.404    

Slack (MET) :             0.404ns  (required time - arrival time)
  Source:                 u_Parallel_LHT_Kernel/u_Hough_Kernel/u_Hough_Kernel_Symmetric_Look_Ahead/u_Hough_Kernel_Symmetric/X_1_reg[2]/C
                            (rising edge-triggered cell FDCE clocked by MWCLK  {rise@0.000ns fall@3.333ns period=6.667ns})
  Destination:            u_Parallel_LHT_Kernel/u_Hough_Kernel/u_Hough_Kernel_Symmetric_Look_Ahead/u_Hough_Kernel_Symmetric/xcos_out1[26]/DSP_OUTPUT_INST/ALU_OUT[10]
                            (rising edge-triggered cell DSP_OUTPUT clocked by MWCLK  {rise@0.000ns fall@3.333ns period=6.667ns})
  Path Group:             MWCLK
  Path Type:              Setup (Max at Slow Process Corner)
  Requirement:            6.667ns  (MWCLK rise@6.667ns - MWCLK rise@0.000ns)
  Data Path Delay:        6.256ns  (logic 1.526ns (24.393%)  route 4.730ns (75.607%))
  Logic Levels:           5  (DSP_A_B_DATA=1 DSP_ALU=1 DSP_M_DATA=1 DSP_MULTIPLIER=1 DSP_PREADD_DATA=1)
  Clock Path Skew:        0.013ns (DCD - SCD + CPR)
    Destination Clock Delay (DCD):    0.043ns = ( 6.710 - 6.667 ) 
    Source Clock Delay      (SCD):    0.030ns
    Clock Pessimism Removal (CPR):    0.000ns
  Clock Uncertainty:      0.035ns  ((TSJ^2 + TIJ^2)^1/2 + DJ) / 2 + PE
    Total System Jitter     (TSJ):    0.071ns
    Total Input Jitter      (TIJ):    0.000ns
    Discrete Jitter          (DJ):    0.000ns
    Phase Error              (PE):    0.000ns

    Location             Delay type                Incr(ns)  Path(ns)    Netlist Resource(s)
  -------------------------------------------------------------------    -------------------
                         (clock MWCLK rise edge)      0.000     0.000 r  
                                                      0.000     0.000 r  clk (IN)
                         net (fo=7545, unset)         0.030     0.030    u_Parallel_LHT_Kernel/u_Hough_Kernel/u_Hough_Kernel_Symmetric_Look_Ahead/u_Hough_Kernel_Symmetric/clk
    SLICE_X78Y209        FDCE                                         r  u_Parallel_LHT_Kernel/u_Hough_Kernel/u_Hough_Kernel_Symmetric_Look_Ahead/u_Hough_Kernel_Symmetric/X_1_reg[2]/C
  -------------------------------------------------------------------    -------------------
    SLICE_X78Y209        FDCE (Prop_FFF_SLICEM_C_Q)
                                                      0.076     0.106 f  u_Parallel_LHT_Kernel/u_Hough_Kernel/u_Hough_Kernel_Symmetric_Look_Ahead/u_Hough_Kernel_Symmetric/X_1_reg[2]/Q
                         net (fo=91, routed)          4.730     4.836    u_Parallel_LHT_Kernel/u_Hough_Kernel/u_Hough_Kernel_Symmetric_Look_Ahead/u_Hough_Kernel_Symmetric/xcos_out1[26]/B[2]
    DSP48E2_X9Y40        DSP_A_B_DATA (Prop_DSP_A_B_DATA_DSP48E2_B[2]_B2_DATA[2])
                                                      0.151     4.987 r  u_Parallel_LHT_Kernel/u_Hough_Kernel/u_Hough_Kernel_Symmetric_Look_Ahead/u_Hough_Kernel_Symmetric/xcos_out1[26]/DSP_A_B_DATA_INST/B2_DATA[2]
                         net (fo=1, routed)           0.000     4.987    u_Parallel_LHT_Kernel/u_Hough_Kernel/u_Hough_Kernel_Symmetric_Look_Ahead/u_Hough_Kernel_Symmetric/xcos_out1[26]/DSP_A_B_DATA.B2_DATA<2>
    DSP48E2_X9Y40        DSP_PREADD_DATA (Prop_DSP_PREADD_DATA_DSP48E2_B2_DATA[2]_B2B1[2])
                                                      0.073     5.060 r  u_Parallel_LHT_Kernel/u_Hough_Kernel/u_Hough_Kernel_Symmetric_Look_Ahead/u_Hough_Kernel_Symmetric/xcos_out1[26]/DSP_PREADD_DATA_INST/B2B1[2]
                         net (fo=1, routed)           0.000     5.060    u_Parallel_LHT_Kernel/u_Hough_Kernel/u_Hough_Kernel_Symmetric_Look_Ahead/u_Hough_Kernel_Symmetric/xcos_out1[26]/DSP_PREADD_DATA.B2B1<2>
    DSP48E2_X9Y40        DSP_MULTIPLIER (Prop_DSP_MULTIPLIER_DSP48E2_B2B1[2]_V[9])
                                                      0.609     5.669 f  u_Parallel_LHT_Kernel/u_Hough_Kernel/u_Hough_Kernel_Symmetric_Look_Ahead/u_Hough_Kernel_Symmetric/xcos_out1[26]/DSP_MULTIPLIER_INST/V[9]
                         net (fo=1, routed)           0.000     5.669    u_Parallel_LHT_Kernel/u_Hough_Kernel/u_Hough_Kernel_Symmetric_Look_Ahead/u_Hough_Kernel_Symmetric/xcos_out1[26]/DSP_MULTIPLIER.V<9>
    DSP48E2_X9Y40        DSP_M_DATA (Prop_DSP_M_DATA_DSP48E2_V[9]_V_DATA[9])
                                                      0.046     5.715 r  u_Parallel_LHT_Kernel/u_Hough_Kernel/u_Hough_Kernel_Symmetric_Look_Ahead/u_Hough_Kernel_Symmetric/xcos_out1[26]/DSP_M_DATA_INST/V_DATA[9]
                         net (fo=1, routed)           0.000     5.715    u_Parallel_LHT_Kernel/u_Hough_Kernel/u_Hough_Kernel_Symmetric_Look_Ahead/u_Hough_Kernel_Symmetric/xcos_out1[26]/DSP_M_DATA.V_DATA<9>
    DSP48E2_X9Y40        DSP_ALU (Prop_DSP_ALU_DSP48E2_V_DATA[9]_ALU_OUT[10])
                                                      0.571     6.286 r  u_Parallel_LHT_Kernel/u_Hough_Kernel/u_Hough_Kernel_Symmetric_Look_Ahead/u_Hough_Kernel_Symmetric/xcos_out1[26]/DSP_ALU_INST/ALU_OUT[10]
                         net (fo=1, routed)           0.000     6.286    u_Parallel_LHT_Kernel/u_Hough_Kernel/u_Hough_Kernel_Symmetric_Look_Ahead/u_Hough_Kernel_Symmetric/xcos_out1[26]/DSP_ALU.ALU_OUT<10>
    DSP48E2_X9Y40        DSP_OUTPUT                                   r  u_Parallel_LHT_Kernel/u_Hough_Kernel/u_Hough_Kernel_Symmetric_Look_Ahead/u_Hough_Kernel_Symmetric/xcos_out1[26]/DSP_OUTPUT_INST/ALU_OUT[10]
  -------------------------------------------------------------------    -------------------

                         (clock MWCLK rise edge)      6.667     6.667 r  
                                                      0.000     6.667 r  clk (IN)
                         net (fo=7545, unset)         0.043     6.710    u_Parallel_LHT_Kernel/u_Hough_Kernel/u_Hough_Kernel_Symmetric_Look_Ahead/u_Hough_Kernel_Symmetric/xcos_out1[26]/CLK
    DSP48E2_X9Y40        DSP_OUTPUT                                   r  u_Parallel_LHT_Kernel/u_Hough_Kernel/u_Hough_Kernel_Symmetric_Look_Ahead/u_Hough_Kernel_Symmetric/xcos_out1[26]/DSP_OUTPUT_INST/CLK
                         clock pessimism              0.000     6.710    
                         clock uncertainty           -0.035     6.675    
    DSP48E2_X9Y40        DSP_OUTPUT (Setup_DSP_OUTPUT_DSP48E2_CLK_ALU_OUT[10])
                                                      0.015     6.690    u_Parallel_LHT_Kernel/u_Hough_Kernel/u_Hough_Kernel_Symmetric_Look_Ahead/u_Hough_Kernel_Symmetric/xcos_out1[26]/DSP_OUTPUT_INST
  -------------------------------------------------------------------
                         required time                          6.690    
                         arrival time                          -6.286    
  -------------------------------------------------------------------
                         slack                                  0.404    





Min Delay Paths
--------------------------------------------------------------------------------------
Slack (MET) :             0.026ns  (arrival time - required time)
  Source:                 u_Parallel_LHT_Accumulator/u_Accumulator_with_Switches/delayMatch362_reg_reg[0][1]/C
                            (rising edge-triggered cell FDCE clocked by MWCLK  {rise@0.000ns fall@3.333ns period=6.667ns})
  Destination:            u_Parallel_LHT_Accumulator/u_Accumulator_with_Switches/delayMatch362_reg_reg[1][1]_rep__0/D
                            (rising edge-triggered cell FDCE clocked by MWCLK  {rise@0.000ns fall@3.333ns period=6.667ns})
  Path Group:             MWCLK
  Path Type:              Hold (Min at Fast Process Corner)
  Requirement:            0.000ns  (MWCLK rise@0.000ns - MWCLK rise@0.000ns)
  Data Path Delay:        0.079ns  (logic 0.038ns (48.101%)  route 0.041ns (51.899%))
  Logic Levels:           0  
  Clock Path Skew:        0.006ns (DCD - SCD - CPR)
    Destination Clock Delay (DCD):    0.019ns
    Source Clock Delay      (SCD):    0.013ns
    Clock Pessimism Removal (CPR):    -0.000ns

    Location             Delay type                Incr(ns)  Path(ns)    Netlist Resource(s)
  -------------------------------------------------------------------    -------------------
                         (clock MWCLK rise edge)      0.000     0.000 r  
                                                      0.000     0.000 r  clk (IN)
                         net (fo=7545, unset)         0.013     0.013    u_Parallel_LHT_Accumulator/u_Accumulator_with_Switches/clk
    SLICE_X67Y174        FDCE                                         r  u_Parallel_LHT_Accumulator/u_Accumulator_with_Switches/delayMatch362_reg_reg[0][1]/C
  -------------------------------------------------------------------    -------------------
    SLICE_X67Y174        FDCE (Prop_AFF_SLICEM_C_Q)
                                                      0.038     0.051 r  u_Parallel_LHT_Accumulator/u_Accumulator_with_Switches/delayMatch362_reg_reg[0][1]/Q
                         net (fo=4, routed)           0.041     0.092    u_Parallel_LHT_Accumulator/u_Accumulator_with_Switches/delayMatch362_reg_reg[0]_2[1]
    SLICE_X67Y174        FDCE                                         r  u_Parallel_LHT_Accumulator/u_Accumulator_with_Switches/delayMatch362_reg_reg[1][1]_rep__0/D
  -------------------------------------------------------------------    -------------------

                         (clock MWCLK rise edge)      0.000     0.000 r  
                                                      0.000     0.000 r  clk (IN)
                         net (fo=7545, unset)         0.019     0.019    u_Parallel_LHT_Accumulator/u_Accumulator_with_Switches/clk
    SLICE_X67Y174        FDCE                                         r  u_Parallel_LHT_Accumulator/u_Accumulator_with_Switches/delayMatch362_reg_reg[1][1]_rep__0/C
                         clock pessimism              0.000     0.019    
    SLICE_X67Y174        FDCE (Hold_BFF2_SLICEM_C_D)
                                                      0.047     0.066    u_Parallel_LHT_Accumulator/u_Accumulator_with_Switches/delayMatch362_reg_reg[1][1]_rep__0
  -------------------------------------------------------------------
                         required time                         -0.066    
                         arrival time                           0.092    
  -------------------------------------------------------------------
                         slack                                  0.026    

Slack (MET) :             0.026ns  (arrival time - required time)
  Source:                 u_Parallel_LHT_Accumulator/u_Accumulator_with_Switches/delayMatch362_reg_reg[0][1]/C
                            (rising edge-triggered cell FDCE clocked by MWCLK  {rise@0.000ns fall@3.333ns period=6.667ns})
  Destination:            u_Parallel_LHT_Accumulator/u_Accumulator_with_Switches/delayMatch362_reg_reg[1][1]_rep__0/D
                            (rising edge-triggered cell FDCE clocked by MWCLK  {rise@0.000ns fall@3.333ns period=6.667ns})
  Path Group:             MWCLK
  Path Type:              Hold (Min at Fast Process Corner)
  Requirement:            0.000ns  (MWCLK rise@0.000ns - MWCLK rise@0.000ns)
  Data Path Delay:        0.079ns  (logic 0.038ns (48.101%)  route 0.041ns (51.899%))
  Logic Levels:           0  
  Clock Path Skew:        0.006ns (DCD - SCD - CPR)
    Destination Clock Delay (DCD):    0.019ns
    Source Clock Delay      (SCD):    0.013ns
    Clock Pessimism Removal (CPR):    -0.000ns

    Location             Delay type                Incr(ns)  Path(ns)    Netlist Resource(s)
  -------------------------------------------------------------------    -------------------
                         (clock MWCLK rise edge)      0.000     0.000 r  
                                                      0.000     0.000 r  clk (IN)
                         net (fo=7545, unset)         0.013     0.013    u_Parallel_LHT_Accumulator/u_Accumulator_with_Switches/clk
    SLICE_X67Y174        FDCE                                         r  u_Parallel_LHT_Accumulator/u_Accumulator_with_Switches/delayMatch362_reg_reg[0][1]/C
  -------------------------------------------------------------------    -------------------
    SLICE_X67Y174        FDCE (Prop_AFF_SLICEM_C_Q)
                                                      0.038     0.051 f  u_Parallel_LHT_Accumulator/u_Accumulator_with_Switches/delayMatch362_reg_reg[0][1]/Q
                         net (fo=4, routed)           0.041     0.092    u_Parallel_LHT_Accumulator/u_Accumulator_with_Switches/delayMatch362_reg_reg[0]_2[1]
    SLICE_X67Y174        FDCE                                         f  u_Parallel_LHT_Accumulator/u_Accumulator_with_Switches/delayMatch362_reg_reg[1][1]_rep__0/D
  -------------------------------------------------------------------    -------------------

                         (clock MWCLK rise edge)      0.000     0.000 r  
                                                      0.000     0.000 r  clk (IN)
                         net (fo=7545, unset)         0.019     0.019    u_Parallel_LHT_Accumulator/u_Accumulator_with_Switches/clk
    SLICE_X67Y174        FDCE                                         r  u_Parallel_LHT_Accumulator/u_Accumulator_with_Switches/delayMatch362_reg_reg[1][1]_rep__0/C
                         clock pessimism              0.000     0.019    
    SLICE_X67Y174        FDCE (Hold_BFF2_SLICEM_C_D)
                                                      0.047     0.066    u_Parallel_LHT_Accumulator/u_Accumulator_with_Switches/delayMatch362_reg_reg[1][1]_rep__0
  -------------------------------------------------------------------
                         required time                         -0.066    
                         arrival time                           0.092    
  -------------------------------------------------------------------
                         slack                                  0.026    

Slack (MET) :             0.040ns  (arrival time - required time)
  Source:                 u_Parallel_LHT_Accumulator/u_Accumulator_with_Switches/delayMatch362_reg_reg[0][1]/C
                            (rising edge-triggered cell FDCE clocked by MWCLK  {rise@0.000ns fall@3.333ns period=6.667ns})
  Destination:            u_Parallel_LHT_Accumulator/u_Accumulator_with_Switches/delayMatch362_reg_reg[1][1]_rep__0/D
                            (rising edge-triggered cell FDCE clocked by MWCLK  {rise@0.000ns fall@3.333ns period=6.667ns})
  Path Group:             MWCLK
  Path Type:              Hold (Min at Slow Process Corner)
  Requirement:            0.000ns  (MWCLK rise@0.000ns - MWCLK rise@0.000ns)
  Data Path Delay:        0.111ns  (logic 0.058ns (52.252%)  route 0.053ns (47.748%))
  Logic Levels:           0  
  Clock Path Skew:        0.009ns (DCD - SCD - CPR)
    Destination Clock Delay (DCD):    0.030ns
    Source Clock Delay      (SCD):    0.021ns
    Clock Pessimism Removal (CPR):    -0.000ns

    Location             Delay type                Incr(ns)  Path(ns)    Netlist Resource(s)
  -------------------------------------------------------------------    -------------------
                         (clock MWCLK rise edge)      0.000     0.000 r  
                                                      0.000     0.000 r  clk (IN)
                         net (fo=7545, unset)         0.021     0.021    u_Parallel_LHT_Accumulator/u_Accumulator_with_Switches/clk
    SLICE_X67Y174        FDCE                                         r  u_Parallel_LHT_Accumulator/u_Accumulator_with_Switches/delayMatch362_reg_reg[0][1]/C
  -------------------------------------------------------------------    -------------------
    SLICE_X67Y174        FDCE (Prop_AFF_SLICEM_C_Q)
                                                      0.058     0.079 r  u_Parallel_LHT_Accumulator/u_Accumulator_with_Switches/delayMatch362_reg_reg[0][1]/Q
                         net (fo=4, routed)           0.053     0.132    u_Parallel_LHT_Accumulator/u_Accumulator_with_Switches/delayMatch362_reg_reg[0]_2[1]
    SLICE_X67Y174        FDCE                                         r  u_Parallel_LHT_Accumulator/u_Accumulator_with_Switches/delayMatch362_reg_reg[1][1]_rep__0/D
  -------------------------------------------------------------------    -------------------

                         (clock MWCLK rise edge)      0.000     0.000 r  
                                                      0.000     0.000 r  clk (IN)
                         net (fo=7545, unset)         0.030     0.030    u_Parallel_LHT_Accumulator/u_Accumulator_with_Switches/clk
    SLICE_X67Y174        FDCE                                         r  u_Parallel_LHT_Accumulator/u_Accumulator_with_Switches/delayMatch362_reg_reg[1][1]_rep__0/C
                         clock pessimism              0.000     0.030    
    SLICE_X67Y174        FDCE (Hold_BFF2_SLICEM_C_D)
                                                      0.062     0.092    u_Parallel_LHT_Accumulator/u_Accumulator_with_Switches/delayMatch362_reg_reg[1][1]_rep__0
  -------------------------------------------------------------------
                         required time                         -0.092    
                         arrival time                           0.132    
  -------------------------------------------------------------------
                         slack                                  0.040    





Pulse Width Checks
--------------------------------------------------------------------------------------
Clock Name:         MWCLK
Waveform(ns):       { 0.000 3.333 }
Period(ns):         6.667
Sources:            { clk }

Check Type        Corner  Lib Pin             Reference Pin  Required(ns)  Actual(ns)  Slack(ns)  Location      Pin
Min Period        n/a     RAMB18E2/CLKARDCLK  n/a            1.569         6.667       5.098      RAMB18_X3Y69  u_Parallel_LHT_Accumulator/u_Accumulator_with_Switches/GEN_LABEL[40].u_Accumulator/u_Block_RAM/u_Simple_Dual_Port_RAM/u_Simple_Dual_Port_RAM/ram_reg_bram_0/CLKARDCLK
Min Period        n/a     RAMB18E2/CLKARDCLK  n/a            1.569         6.667       5.098      RAMB18_X2Y66  u_Parallel_LHT_Accumulator/u_Accumulator_with_Switches/GEN_LABEL[41].u_Accumulator/u_Block_RAM/u_Simple_Dual_Port_RAM/u_Simple_Dual_Port_RAM/ram_reg_bram_0/CLKARDCLK
Min Period        n/a     RAMB18E2/CLKARDCLK  n/a            1.569         6.667       5.098      RAMB18_X3Y66  u_Parallel_LHT_Accumulator/u_Accumulator_with_Switches/GEN_LABEL[42].u_Accumulator/u_Block_RAM/u_Simple_Dual_Port_RAM/u_Simple_Dual_Port_RAM/ram_reg_bram_0/CLKARDCLK
Low Pulse Width   Slow    RAMB18E2/CLKARDCLK  n/a            0.542         3.333       2.791      RAMB18_X2Y66  u_Parallel_LHT_Accumulator/u_Accumulator_with_Switches/GEN_LABEL[41].u_Accumulator/u_Block_RAM/u_Simple_Dual_Port_RAM/u_Simple_Dual_Port_RAM/ram_reg_bram_0/CLKARDCLK
Low Pulse Width   Fast    RAMB18E2/CLKARDCLK  n/a            0.542         3.333       2.791      RAMB18_X2Y66  u_Parallel_LHT_Accumulator/u_Accumulator_with_Switches/GEN_LABEL[41].u_Accumulator/u_Block_RAM/u_Simple_Dual_Port_RAM/u_Simple_Dual_Port_RAM/ram_reg_bram_0/CLKARDCLK
Low Pulse Width   Slow    RAMB18E2/CLKARDCLK  n/a            0.542         3.333       2.791      RAMB18_X3Y66  u_Parallel_LHT_Accumulator/u_Accumulator_with_Switches/GEN_LABEL[42].u_Accumulator/u_Block_RAM/u_Simple_Dual_Port_RAM/u_Simple_Dual_Port_RAM/ram_reg_bram_0/CLKARDCLK
High Pulse Width  Slow    RAMB18E2/CLKARDCLK  n/a            0.542         3.333       2.792      RAMB18_X3Y69  u_Parallel_LHT_Accumulator/u_Accumulator_with_Switches/GEN_LABEL[40].u_Accumulator/u_Block_RAM/u_Simple_Dual_Port_RAM/u_Simple_Dual_Port_RAM/ram_reg_bram_0/CLKARDCLK
High Pulse Width  Fast    RAMB18E2/CLKARDCLK  n/a            0.542         3.333       2.792      RAMB18_X3Y69  u_Parallel_LHT_Accumulator/u_Accumulator_with_Switches/GEN_LABEL[40].u_Accumulator/u_Block_RAM/u_Simple_Dual_Port_RAM/u_Simple_Dual_Port_RAM/ram_reg_bram_0/CLKARDCLK
High Pulse Width  Slow    RAMB18E2/CLKBWRCLK  n/a            0.542         3.333       2.792      RAMB18_X3Y69  u_Parallel_LHT_Accumulator/u_Accumulator_with_Switches/GEN_LABEL[40].u_Accumulator/u_Block_RAM/u_Simple_Dual_Port_RAM/u_Simple_Dual_Port_RAM/ram_reg_bram_0/CLKBWRCLK



--------------------------------------------------------------------------------------
Path Group:  (none)
From Clock:  
  To Clock:  

Max Delay             1 Endpoint
Min Delay             1 Endpoint
--------------------------------------------------------------------------------------


Max Delay Paths
--------------------------------------------------------------------------------------
Slack:                    inf
  Source:                 clk_enable
                            (input port)
  Destination:            ce_out
                            (output port)
  Path Group:             (none)
  Path Type:              Max at Slow Process Corner
  Data Path Delay:        0.000ns  (logic 0.000ns (0.000%)  route 0.000ns (0.000%))
  Logic Levels:           0  

    Location             Delay type                Incr(ns)  Path(ns)    Netlist Resource(s)
  -------------------------------------------------------------------    -------------------
                                                      0.000     0.000 r  clk_enable (IN)
                         net (fo=5859, unset)         0.000     0.000    clk_enable
                                                                      r  ce_out (OUT)
  -------------------------------------------------------------------    -------------------

Slack:                    inf
  Source:                 clk_enable
                            (input port)
  Destination:            ce_out
                            (output port)
  Path Group:             (none)
  Path Type:              Max at Fast Process Corner
  Data Path Delay:        0.000ns  (logic 0.000ns (0.000%)  route 0.000ns (0.000%))
  Logic Levels:           0  

    Location             Delay type                Incr(ns)  Path(ns)    Netlist Resource(s)
  -------------------------------------------------------------------    -------------------
                                                      0.000     0.000 r  clk_enable (IN)
                         net (fo=5859, unset)         0.000     0.000    clk_enable
                                                                      r  ce_out (OUT)
  -------------------------------------------------------------------    -------------------

Slack:                    inf
  Source:                 clk_enable
                            (input port)
  Destination:            ce_out
                            (output port)
  Path Group:             (none)
  Path Type:              Max at Slow Process Corner
  Data Path Delay:        0.000ns  (logic 0.000ns (0.000%)  route 0.000ns (0.000%))
  Logic Levels:           0  

    Location             Delay type                Incr(ns)  Path(ns)    Netlist Resource(s)
  -------------------------------------------------------------------    -------------------
                                                      0.000     0.000 f  clk_enable (IN)
                         net (fo=5859, unset)         0.000     0.000    clk_enable
                                                                      f  ce_out (OUT)
  -------------------------------------------------------------------    -------------------





Min Delay Paths
--------------------------------------------------------------------------------------
Slack:                    inf
  Source:                 clk_enable
                            (input port)
  Destination:            ce_out
                            (output port)
  Path Group:             (none)
  Path Type:              Min at Slow Process Corner
  Data Path Delay:        0.000ns  (logic 0.000ns (0.000%)  route 0.000ns (0.000%))
  Logic Levels:           0  

    Location             Delay type                Incr(ns)  Path(ns)    Netlist Resource(s)
  -------------------------------------------------------------------    -------------------
                                                      0.000     0.000 r  clk_enable (IN)
                         net (fo=5859, unset)         0.000     0.000    clk_enable
                                                                      r  ce_out (OUT)
  -------------------------------------------------------------------    -------------------

Slack:                    inf
  Source:                 clk_enable
                            (input port)
  Destination:            ce_out
                            (output port)
  Path Group:             (none)
  Path Type:              Min at Fast Process Corner
  Data Path Delay:        0.000ns  (logic 0.000ns (0.000%)  route 0.000ns (0.000%))
  Logic Levels:           0  

    Location             Delay type                Incr(ns)  Path(ns)    Netlist Resource(s)
  -------------------------------------------------------------------    -------------------
                                                      0.000     0.000 r  clk_enable (IN)
                         net (fo=5859, unset)         0.000     0.000    clk_enable
                                                                      r  ce_out (OUT)
  -------------------------------------------------------------------    -------------------

Slack:                    inf
  Source:                 clk_enable
                            (input port)
  Destination:            ce_out
                            (output port)
  Path Group:             (none)
  Path Type:              Min at Slow Process Corner
  Data Path Delay:        0.000ns  (logic 0.000ns (0.000%)  route 0.000ns (0.000%))
  Logic Levels:           0  

    Location             Delay type                Incr(ns)  Path(ns)    Netlist Resource(s)
  -------------------------------------------------------------------    -------------------
                                                      0.000     0.000 f  clk_enable (IN)
                         net (fo=5859, unset)         0.000     0.000    clk_enable
                                                                      f  ce_out (OUT)
  -------------------------------------------------------------------    -------------------





--------------------------------------------------------------------------------------
Path Group:  (none)
From Clock:  MWCLK
  To Clock:  

Max Delay            13 Endpoints
Min Delay            13 Endpoints
--------------------------------------------------------------------------------------


Max Delay Paths
--------------------------------------------------------------------------------------
Slack:                    inf
  Source:                 u_Parallel_LHT_Accumulator/u_Accumulator_with_Switches/delayMatch362_reg_reg[1][0]/C
                            (rising edge-triggered cell FDCE clocked by MWCLK  {rise@0.000ns fall@3.333ns period=6.667ns})
  Destination:            m_axis_tdata[9]
                            (output port)
  Path Group:             (none)
  Path Type:              Max at Slow Process Corner
  Data Path Delay:        7.190ns  (logic 0.574ns (7.983%)  route 6.616ns (92.017%))
  Logic Levels:           6  (LUT6=3 MUXF7=2 MUXF8=1)
  Clock Uncertainty:      0.025ns  ((TSJ^2 + TIJ^2)^1/2 + DJ) / 2 + PE
    Total System Jitter     (TSJ):    0.050ns
    Total Input Jitter      (TIJ):    0.000ns
    Discrete Jitter          (DJ):    0.000ns
    Phase Error              (PE):    0.000ns

    Location             Delay type                Incr(ns)  Path(ns)    Netlist Resource(s)
  -------------------------------------------------------------------    -------------------
                         (clock MWCLK rise edge)      0.000     0.000 r  
                                                      0.000     0.000 r  clk (IN)
                         net (fo=7545, unset)         0.030     0.030    u_Parallel_LHT_Accumulator/u_Accumulator_with_Switches/clk
    SLICE_X70Y178        FDCE                                         r  u_Parallel_LHT_Accumulator/u_Accumulator_with_Switches/delayMatch362_reg_reg[1][0]/C
  -------------------------------------------------------------------    -------------------
    SLICE_X70Y178        FDCE (Prop_EFF2_SLICEM_C_Q)
                                                      0.079     0.109 r  u_Parallel_LHT_Accumulator/u_Accumulator_with_Switches/delayMatch362_reg_reg[1][0]/Q
                         net (fo=135, routed)         3.700     3.809    u_Parallel_LHT_Accumulator/u_Accumulator_with_Switches/GEN_LABEL[31].u_Accumulator/u_Block_RAM/u_Simple_Dual_Port_RAM/u_Simple_Dual_Port_RAM/m_axis_tdata[7]_INST_0_i_36[0]
    SLICE_X98Y84         LUT6 (Prop_A6LUT_SLICEL_I4_O)
                                                      0.149     3.958 r  u_Parallel_LHT_Accumulator/u_Accumulator_with_Switches/GEN_LABEL[31].u_Accumulator/u_Block_RAM/u_Simple_Dual_Port_RAM/u_Simple_Dual_Port_RAM/m_axis_tdata[9]_INST_0_i_68/O
                         net (fo=1, routed)           0.009     3.967    u_Parallel_LHT_Accumulator/u_Accumulator_with_Switches/GEN_LABEL[27].u_Accumulator/u_Block_RAM/u_Simple_Dual_Port_RAM/u_Simple_Dual_Port_RAM/m_axis_tdata[9]_INST_0_i_21
    SLICE_X98Y84         MUXF7 (Prop_F7MUX_AB_SLICEL_I1_O)
                                                      0.057     4.024 r  u_Parallel_LHT_Accumulator/u_Accumulator_with_Switches/GEN_LABEL[27].u_Accumulator/u_Block_RAM/u_Simple_Dual_Port_RAM/u_Simple_Dual_Port_RAM/m_axis_tdata[9]_INST_0_i_42/O
                         net (fo=1, routed)           0.000     4.024    u_Parallel_LHT_Accumulator/u_Accumulator_with_Switches/GEN_LABEL[19].u_Accumulator/u_Block_RAM/u_Simple_Dual_Port_RAM/u_Simple_Dual_Port_RAM/m_axis_tdata[9]_INST_0_i_7_0
    SLICE_X98Y84         MUXF8 (Prop_F8MUX_BOT_SLICEL_I1_O)
                                                      0.026     4.050 r  u_Parallel_LHT_Accumulator/u_Accumulator_with_Switches/GEN_LABEL[19].u_Accumulator/u_Block_RAM/u_Simple_Dual_Port_RAM/u_Simple_Dual_Port_RAM/m_axis_tdata[9]_INST_0_i_21/O
                         net (fo=1, routed)           1.424     5.474    u_Parallel_LHT_Accumulator/u_Accumulator_with_Switches/GEN_LABEL[51].u_Accumulator/u_Block_RAM/u_Simple_Dual_Port_RAM/u_Simple_Dual_Port_RAM/m_axis_tdata[9]_INST_0_i_2_1
    SLICE_X69Y197        LUT6 (Prop_H6LUT_SLICEL_I3_O)
                                                      0.051     5.525 r  u_Parallel_LHT_Accumulator/u_Accumulator_with_Switches/GEN_LABEL[51].u_Accumulator/u_Block_RAM/u_Simple_Dual_Port_RAM/u_Simple_Dual_Port_RAM/m_axis_tdata[9]_INST_0_i_7/O
                         net (fo=1, routed)           0.010     5.535    u_Parallel_LHT_Accumulator/u_Accumulator_with_Switches/GEN_LABEL[51].u_Accumulator/u_Block_RAM/u_Simple_Dual_Port_RAM/u_Simple_Dual_Port_RAM/m_axis_tdata[9]_INST_0_i_7_n_0
    SLICE_X69Y197        MUXF7 (Prop_F7MUX_GH_SLICEL_I0_O)
                                                      0.064     5.599 r  u_Parallel_LHT_Accumulator/u_Accumulator_with_Switches/GEN_LABEL[51].u_Accumulator/u_Block_RAM/u_Simple_Dual_Port_RAM/u_Simple_Dual_Port_RAM/m_axis_tdata[9]_INST_0_i_2/O
                         net (fo=1, routed)           1.473     7.072    u_Parallel_LHT_Accumulator/u_Accumulator_with_Switches/GEN_LABEL[179].u_Accumulator/u_Block_RAM/u_Simple_Dual_Port_RAM/u_Simple_Dual_Port_RAM/m_axis_tdata[9]_0
    SLICE_X66Y157        LUT6 (Prop_F6LUT_SLICEL_I3_O)
                                                      0.148     7.220 r  u_Parallel_LHT_Accumulator/u_Accumulator_with_Switches/GEN_LABEL[179].u_Accumulator/u_Block_RAM/u_Simple_Dual_Port_RAM/u_Simple_Dual_Port_RAM/m_axis_tdata[9]_INST_0/O
                         net (fo=0)                   0.000     7.220    m_axis_tdata[9]
                                                                      r  m_axis_tdata[9] (OUT)
  -------------------------------------------------------------------    -------------------

Slack:                    inf
  Source:                 u_Parallel_LHT_Accumulator/u_Accumulator_with_Switches/delayMatch362_reg_reg[1][0]/C
                            (rising edge-triggered cell FDCE clocked by MWCLK  {rise@0.000ns fall@3.333ns period=6.667ns})
  Destination:            m_axis_tdata[9]
                            (output port)
  Path Group:             (none)
  Path Type:              Max at Slow Process Corner
  Data Path Delay:        7.190ns  (logic 0.574ns (7.983%)  route 6.616ns (92.017%))
  Logic Levels:           6  (LUT6=3 MUXF7=2 MUXF8=1)
  Clock Uncertainty:      0.025ns  ((TSJ^2 + TIJ^2)^1/2 + DJ) / 2 + PE
    Total System Jitter     (TSJ):    0.050ns
    Total Input Jitter      (TIJ):    0.000ns
    Discrete Jitter          (DJ):    0.000ns
    Phase Error              (PE):    0.000ns

    Location             Delay type                Incr(ns)  Path(ns)    Netlist Resource(s)
  -------------------------------------------------------------------    -------------------
                         (clock MWCLK rise edge)      0.000     0.000 r  
                                                      0.000     0.000 r  clk (IN)
                         net (fo=7545, unset)         0.030     0.030    u_Parallel_LHT_Accumulator/u_Accumulator_with_Switches/clk
    SLICE_X70Y178        FDCE                                         r  u_Parallel_LHT_Accumulator/u_Accumulator_with_Switches/delayMatch362_reg_reg[1][0]/C
  -------------------------------------------------------------------    -------------------
    SLICE_X70Y178        FDCE (Prop_EFF2_SLICEM_C_Q)
                                                      0.079     0.109 f  u_Parallel_LHT_Accumulator/u_Accumulator_with_Switches/delayMatch362_reg_reg[1][0]/Q
                         net (fo=135, routed)         3.700     3.809    u_Parallel_LHT_Accumulator/u_Accumulator_with_Switches/GEN_LABEL[31].u_Accumulator/u_Block_RAM/u_Simple_Dual_Port_RAM/u_Simple_Dual_Port_RAM/m_axis_tdata[7]_INST_0_i_36[0]
    SLICE_X98Y84         LUT6 (Prop_A6LUT_SLICEL_I4_O)
                                                      0.149     3.958 r  u_Parallel_LHT_Accumulator/u_Accumulator_with_Switches/GEN_LABEL[31].u_Accumulator/u_Block_RAM/u_Simple_Dual_Port_RAM/u_Simple_Dual_Port_RAM/m_axis_tdata[9]_INST_0_i_68/O
                         net (fo=1, routed)           0.009     3.967    u_Parallel_LHT_Accumulator/u_Accumulator_with_Switches/GEN_LABEL[27].u_Accumulator/u_Block_RAM/u_Simple_Dual_Port_RAM/u_Simple_Dual_Port_RAM/m_axis_tdata[9]_INST_0_i_21
    SLICE_X98Y84         MUXF7 (Prop_F7MUX_AB_SLICEL_I1_O)
                                                      0.057     4.024 r  u_Parallel_LHT_Accumulator/u_Accumulator_with_Switches/GEN_LABEL[27].u_Accumulator/u_Block_RAM/u_Simple_Dual_Port_RAM/u_Simple_Dual_Port_RAM/m_axis_tdata[9]_INST_0_i_42/O
                         net (fo=1, routed)           0.000     4.024    u_Parallel_LHT_Accumulator/u_Accumulator_with_Switches/GEN_LABEL[19].u_Accumulator/u_Block_RAM/u_Simple_Dual_Port_RAM/u_Simple_Dual_Port_RAM/m_axis_tdata[9]_INST_0_i_7_0
    SLICE_X98Y84         MUXF8 (Prop_F8MUX_BOT_SLICEL_I1_O)
                                                      0.026     4.050 r  u_Parallel_LHT_Accumulator/u_Accumulator_with_Switches/GEN_LABEL[19].u_Accumulator/u_Block_RAM/u_Simple_Dual_Port_RAM/u_Simple_Dual_Port_RAM/m_axis_tdata[9]_INST_0_i_21/O
                         net (fo=1, routed)           1.424     5.474    u_Parallel_LHT_Accumulator/u_Accumulator_with_Switches/GEN_LABEL[51].u_Accumulator/u_Block_RAM/u_Simple_Dual_Port_RAM/u_Simple_Dual_Port_RAM/m_axis_tdata[9]_INST_0_i_2_1
    SLICE_X69Y197        LUT6 (Prop_H6LUT_SLICEL_I3_O)
                                                      0.051     5.525 r  u_Parallel_LHT_Accumulator/u_Accumulator_with_Switches/GEN_LABEL[51].u_Accumulator/u_Block_RAM/u_Simple_Dual_Port_RAM/u_Simple_Dual_Port_RAM/m_axis_tdata[9]_INST_0_i_7/O
                         net (fo=1, routed)           0.010     5.535    u_Parallel_LHT_Accumulator/u_Accumulator_with_Switches/GEN_LABEL[51].u_Accumulator/u_Block_RAM/u_Simple_Dual_Port_RAM/u_Simple_Dual_Port_RAM/m_axis_tdata[9]_INST_0_i_7_n_0
    SLICE_X69Y197        MUXF7 (Prop_F7MUX_GH_SLICEL_I0_O)
                                                      0.064     5.599 r  u_Parallel_LHT_Accumulator/u_Accumulator_with_Switches/GEN_LABEL[51].u_Accumulator/u_Block_RAM/u_Simple_Dual_Port_RAM/u_Simple_Dual_Port_RAM/m_axis_tdata[9]_INST_0_i_2/O
                         net (fo=1, routed)           1.473     7.072    u_Parallel_LHT_Accumulator/u_Accumulator_with_Switches/GEN_LABEL[179].u_Accumulator/u_Block_RAM/u_Simple_Dual_Port_RAM/u_Simple_Dual_Port_RAM/m_axis_tdata[9]_0
    SLICE_X66Y157        LUT6 (Prop_F6LUT_SLICEL_I3_O)
                                                      0.148     7.220 r  u_Parallel_LHT_Accumulator/u_Accumulator_with_Switches/GEN_LABEL[179].u_Accumulator/u_Block_RAM/u_Simple_Dual_Port_RAM/u_Simple_Dual_Port_RAM/m_axis_tdata[9]_INST_0/O
                         net (fo=0)                   0.000     7.220    m_axis_tdata[9]
                                                                      r  m_axis_tdata[9] (OUT)
  -------------------------------------------------------------------    -------------------

Slack:                    inf
  Source:                 u_Parallel_LHT_Accumulator/u_Accumulator_with_Switches/delayMatch362_reg_reg[1][0]/C
                            (rising edge-triggered cell FDCE clocked by MWCLK  {rise@0.000ns fall@3.333ns period=6.667ns})
  Destination:            m_axis_tdata[9]
                            (output port)
  Path Group:             (none)
  Path Type:              Max at Slow Process Corner
  Data Path Delay:        7.190ns  (logic 0.574ns (7.983%)  route 6.616ns (92.017%))
  Logic Levels:           6  (LUT6=3 MUXF7=2 MUXF8=1)
  Clock Uncertainty:      0.025ns  ((TSJ^2 + TIJ^2)^1/2 + DJ) / 2 + PE
    Total System Jitter     (TSJ):    0.050ns
    Total Input Jitter      (TIJ):    0.000ns
    Discrete Jitter          (DJ):    0.000ns
    Phase Error              (PE):    0.000ns

    Location             Delay type                Incr(ns)  Path(ns)    Netlist Resource(s)
  -------------------------------------------------------------------    -------------------
                         (clock MWCLK rise edge)      0.000     0.000 r  
                                                      0.000     0.000 r  clk (IN)
                         net (fo=7545, unset)         0.030     0.030    u_Parallel_LHT_Accumulator/u_Accumulator_with_Switches/clk
    SLICE_X70Y178        FDCE                                         r  u_Parallel_LHT_Accumulator/u_Accumulator_with_Switches/delayMatch362_reg_reg[1][0]/C
  -------------------------------------------------------------------    -------------------
    SLICE_X70Y178        FDCE (Prop_EFF2_SLICEM_C_Q)
                                                      0.079     0.109 r  u_Parallel_LHT_Accumulator/u_Accumulator_with_Switches/delayMatch362_reg_reg[1][0]/Q
                         net (fo=135, routed)         3.700     3.809    u_Parallel_LHT_Accumulator/u_Accumulator_with_Switches/GEN_LABEL[31].u_Accumulator/u_Block_RAM/u_Simple_Dual_Port_RAM/u_Simple_Dual_Port_RAM/m_axis_tdata[7]_INST_0_i_36[0]
    SLICE_X98Y84         LUT6 (Prop_A6LUT_SLICEL_I4_O)
                                                      0.149     3.958 f  u_Parallel_LHT_Accumulator/u_Accumulator_with_Switches/GEN_LABEL[31].u_Accumulator/u_Block_RAM/u_Simple_Dual_Port_RAM/u_Simple_Dual_Port_RAM/m_axis_tdata[9]_INST_0_i_68/O
                         net (fo=1, routed)           0.009     3.967    u_Parallel_LHT_Accumulator/u_Accumulator_with_Switches/GEN_LABEL[27].u_Accumulator/u_Block_RAM/u_Simple_Dual_Port_RAM/u_Simple_Dual_Port_RAM/m_axis_tdata[9]_INST_0_i_21
    SLICE_X98Y84         MUXF7 (Prop_F7MUX_AB_SLICEL_I1_O)
                                                      0.057     4.024 f  u_Parallel_LHT_Accumulator/u_Accumulator_with_Switches/GEN_LABEL[27].u_Accumulator/u_Block_RAM/u_Simple_Dual_Port_RAM/u_Simple_Dual_Port_RAM/m_axis_tdata[9]_INST_0_i_42/O
                         net (fo=1, routed)           0.000     4.024    u_Parallel_LHT_Accumulator/u_Accumulator_with_Switches/GEN_LABEL[19].u_Accumulator/u_Block_RAM/u_Simple_Dual_Port_RAM/u_Simple_Dual_Port_RAM/m_axis_tdata[9]_INST_0_i_7_0
    SLICE_X98Y84         MUXF8 (Prop_F8MUX_BOT_SLICEL_I1_O)
                                                      0.026     4.050 f  u_Parallel_LHT_Accumulator/u_Accumulator_with_Switches/GEN_LABEL[19].u_Accumulator/u_Block_RAM/u_Simple_Dual_Port_RAM/u_Simple_Dual_Port_RAM/m_axis_tdata[9]_INST_0_i_21/O
                         net (fo=1, routed)           1.424     5.474    u_Parallel_LHT_Accumulator/u_Accumulator_with_Switches/GEN_LABEL[51].u_Accumulator/u_Block_RAM/u_Simple_Dual_Port_RAM/u_Simple_Dual_Port_RAM/m_axis_tdata[9]_INST_0_i_2_1
    SLICE_X69Y197        LUT6 (Prop_H6LUT_SLICEL_I3_O)
                                                      0.051     5.525 f  u_Parallel_LHT_Accumulator/u_Accumulator_with_Switches/GEN_LABEL[51].u_Accumulator/u_Block_RAM/u_Simple_Dual_Port_RAM/u_Simple_Dual_Port_RAM/m_axis_tdata[9]_INST_0_i_7/O
                         net (fo=1, routed)           0.010     5.535    u_Parallel_LHT_Accumulator/u_Accumulator_with_Switches/GEN_LABEL[51].u_Accumulator/u_Block_RAM/u_Simple_Dual_Port_RAM/u_Simple_Dual_Port_RAM/m_axis_tdata[9]_INST_0_i_7_n_0
    SLICE_X69Y197        MUXF7 (Prop_F7MUX_GH_SLICEL_I0_O)
                                                      0.064     5.599 f  u_Parallel_LHT_Accumulator/u_Accumulator_with_Switches/GEN_LABEL[51].u_Accumulator/u_Block_RAM/u_Simple_Dual_Port_RAM/u_Simple_Dual_Port_RAM/m_axis_tdata[9]_INST_0_i_2/O
                         net (fo=1, routed)           1.473     7.072    u_Parallel_LHT_Accumulator/u_Accumulator_with_Switches/GEN_LABEL[179].u_Accumulator/u_Block_RAM/u_Simple_Dual_Port_RAM/u_Simple_Dual_Port_RAM/m_axis_tdata[9]_0
    SLICE_X66Y157        LUT6 (Prop_F6LUT_SLICEL_I3_O)
                                                      0.148     7.220 f  u_Parallel_LHT_Accumulator/u_Accumulator_with_Switches/GEN_LABEL[179].u_Accumulator/u_Block_RAM/u_Simple_Dual_Port_RAM/u_Simple_Dual_Port_RAM/m_axis_tdata[9]_INST_0/O
                         net (fo=0)                   0.000     7.220    m_axis_tdata[9]
                                                                      f  m_axis_tdata[9] (OUT)
  -------------------------------------------------------------------    -------------------





Min Delay Paths
--------------------------------------------------------------------------------------
Slack:                    inf
  Source:                 delayMatch1_reg_reg[1]/C
                            (rising edge-triggered cell FDCE clocked by MWCLK  {rise@0.000ns fall@3.333ns period=6.667ns})
  Destination:            m_axis_tuser
                            (output port)
  Path Group:             (none)
  Path Type:              Min at Fast Process Corner
  Data Path Delay:        0.038ns  (logic 0.038ns (100.000%)  route 0.000ns (0.000%))
  Logic Levels:           0  
  Clock Uncertainty:      0.025ns  ((TSJ^2 + TIJ^2)^1/2 + DJ) / 2 + PE
    Total System Jitter     (TSJ):    0.050ns
    Total Input Jitter      (TIJ):    0.000ns
    Discrete Jitter          (DJ):    0.000ns
    Phase Error              (PE):    0.000ns

    Location             Delay type                Incr(ns)  Path(ns)    Netlist Resource(s)
  -------------------------------------------------------------------    -------------------
                         (clock MWCLK rise edge)      0.000     0.000 r  
                                                      0.000     0.000 r  clk (IN)
                         net (fo=7545, unset)         0.013     0.013    clk
    SLICE_X71Y176        FDCE                                         r  delayMatch1_reg_reg[1]/C
  -------------------------------------------------------------------    -------------------
    SLICE_X71Y176        FDCE (Prop_EFF_SLICEM_C_Q)
                                                      0.038     0.051 r  delayMatch1_reg_reg[1]/Q
                         net (fo=0)                   0.000     0.051    m_axis_tuser
                                                                      r  m_axis_tuser (OUT)
  -------------------------------------------------------------------    -------------------

Slack:                    inf
  Source:                 delayMatch1_reg_reg[1]/C
                            (rising edge-triggered cell FDCE clocked by MWCLK  {rise@0.000ns fall@3.333ns period=6.667ns})
  Destination:            m_axis_tuser
                            (output port)
  Path Group:             (none)
  Path Type:              Min at Fast Process Corner
  Data Path Delay:        0.038ns  (logic 0.038ns (100.000%)  route 0.000ns (0.000%))
  Logic Levels:           0  
  Clock Uncertainty:      0.025ns  ((TSJ^2 + TIJ^2)^1/2 + DJ) / 2 + PE
    Total System Jitter     (TSJ):    0.050ns
    Total Input Jitter      (TIJ):    0.000ns
    Discrete Jitter          (DJ):    0.000ns
    Phase Error              (PE):    0.000ns

    Location             Delay type                Incr(ns)  Path(ns)    Netlist Resource(s)
  -------------------------------------------------------------------    -------------------
                         (clock MWCLK rise edge)      0.000     0.000 r  
                                                      0.000     0.000 r  clk (IN)
                         net (fo=7545, unset)         0.013     0.013    clk
    SLICE_X71Y176        FDCE                                         r  delayMatch1_reg_reg[1]/C
  -------------------------------------------------------------------    -------------------
    SLICE_X71Y176        FDCE (Prop_EFF_SLICEM_C_Q)
                                                      0.038     0.051 f  delayMatch1_reg_reg[1]/Q
                         net (fo=0)                   0.000     0.051    m_axis_tuser
                                                                      f  m_axis_tuser (OUT)
  -------------------------------------------------------------------    -------------------

Slack:                    inf
  Source:                 delayMatch_reg_reg[1]/C
                            (rising edge-triggered cell FDCE clocked by MWCLK  {rise@0.000ns fall@3.333ns period=6.667ns})
  Destination:            m_axis_tvalid
                            (output port)
  Path Group:             (none)
  Path Type:              Min at Fast Process Corner
  Data Path Delay:        0.039ns  (logic 0.039ns (100.000%)  route 0.000ns (0.000%))
  Logic Levels:           0  
  Clock Uncertainty:      0.025ns  ((TSJ^2 + TIJ^2)^1/2 + DJ) / 2 + PE
    Total System Jitter     (TSJ):    0.050ns
    Total Input Jitter      (TIJ):    0.000ns
    Discrete Jitter          (DJ):    0.000ns
    Phase Error              (PE):    0.000ns

    Location             Delay type                Incr(ns)  Path(ns)    Netlist Resource(s)
  -------------------------------------------------------------------    -------------------
                         (clock MWCLK rise edge)      0.000     0.000 r  
                                                      0.000     0.000 r  clk (IN)
                         net (fo=7545, unset)         0.013     0.013    clk
    SLICE_X71Y174        FDCE                                         r  delayMatch_reg_reg[1]/C
  -------------------------------------------------------------------    -------------------
    SLICE_X71Y174        FDCE (Prop_EFF2_SLICEM_C_Q)
                                                      0.039     0.052 r  delayMatch_reg_reg[1]/Q
                         net (fo=0)                   0.000     0.052    m_axis_tvalid
                                                                      r  m_axis_tvalid (OUT)
  -------------------------------------------------------------------    -------------------





--------------------------------------------------------------------------------------
Path Group:  (none)
From Clock:  
  To Clock:  MWCLK

Max Delay         14000 Endpoints
Min Delay         14000 Endpoints
--------------------------------------------------------------------------------------


Max Delay Paths
--------------------------------------------------------------------------------------
Slack:                    inf
  Source:                 clk_enable
                            (input port)
  Destination:            u_Parallel_LHT_Kernel/u_Hough_Kernel/u_Hough_Kernel_Symmetric_Look_Ahead/u_Look_Ahead_Hough/Unit_Delay_Enabled_Synchronous_out1_reg[78][0]/CE
                            (rising edge-triggered cell FDCE clocked by MWCLK  {rise@0.000ns fall@3.333ns period=6.667ns})
  Path Group:             (none)
  Path Type:              Setup (Max at Slow Process Corner)
  Data Path Delay:        4.352ns  (logic 0.051ns (1.172%)  route 4.301ns (98.828%))
  Logic Levels:           1  (LUT2=1)
  Clock Path Skew:        0.020ns (DCD - SCD + CPR)
    Destination Clock Delay (DCD):    0.020ns
    Source Clock Delay      (SCD):    0.000ns
    Clock Pessimism Removal (CPR):    0.000ns

    Location             Delay type                Incr(ns)  Path(ns)    Netlist Resource(s)
  -------------------------------------------------------------------    -------------------
                                                      0.000     0.000 r  clk_enable (IN)
                         net (fo=5859, unset)         0.000     0.000    u_Parallel_LHT_Kernel/u_Hough_Kernel/u_Hough_Kernel_Symmetric_Look_Ahead/u_Look_Ahead_Hough/clk_enable
    SLICE_X77Y208        LUT2 (Prop_E6LUT_SLICEL_I0_O)
                                                      0.051     0.051 r  u_Parallel_LHT_Kernel/u_Hough_Kernel/u_Hough_Kernel_Symmetric_Look_Ahead/u_Look_Ahead_Hough/Unit_Delay_Enabled_Synchronous_out1[0][8]_i_1/O
                         net (fo=819, routed)         4.301     4.352    u_Parallel_LHT_Kernel/u_Hough_Kernel/u_Hough_Kernel_Symmetric_Look_Ahead/u_Look_Ahead_Hough/Unit_Delay_Enabled_Synchronous_out1[0]__0
    SLICE_X102Y197       FDCE                                         r  u_Parallel_LHT_Kernel/u_Hough_Kernel/u_Hough_Kernel_Symmetric_Look_Ahead/u_Look_Ahead_Hough/Unit_Delay_Enabled_Synchronous_out1_reg[78][0]/CE
  -------------------------------------------------------------------    -------------------

                         (clock MWCLK rise edge)      0.000     0.000 r  
                                                      0.000     0.000 r  clk (IN)
                         net (fo=7545, unset)         0.020     0.020    u_Parallel_LHT_Kernel/u_Hough_Kernel/u_Hough_Kernel_Symmetric_Look_Ahead/u_Look_Ahead_Hough/clk
    SLICE_X102Y197       FDCE                                         r  u_Parallel_LHT_Kernel/u_Hough_Kernel/u_Hough_Kernel_Symmetric_Look_Ahead/u_Look_Ahead_Hough/Unit_Delay_Enabled_Synchronous_out1_reg[78][0]/C

Slack:                    inf
  Source:                 clk_enable
                            (input port)
  Destination:            u_Parallel_LHT_Kernel/u_Hough_Kernel/u_Hough_Kernel_Symmetric_Look_Ahead/u_Look_Ahead_Hough/Unit_Delay_Enabled_Synchronous_out1_reg[78][0]/CE
                            (rising edge-triggered cell FDCE clocked by MWCLK  {rise@0.000ns fall@3.333ns period=6.667ns})
  Path Group:             (none)
  Path Type:              Setup (Max at Slow Process Corner)
  Data Path Delay:        4.352ns  (logic 0.051ns (1.172%)  route 4.301ns (98.828%))
  Logic Levels:           1  (LUT2=1)
  Clock Path Skew:        0.020ns (DCD - SCD + CPR)
    Destination Clock Delay (DCD):    0.020ns
    Source Clock Delay      (SCD):    0.000ns
    Clock Pessimism Removal (CPR):    0.000ns

    Location             Delay type                Incr(ns)  Path(ns)    Netlist Resource(s)
  -------------------------------------------------------------------    -------------------
                                                      0.000     0.000 r  clk_enable (IN)
                         net (fo=5859, unset)         0.000     0.000    u_Parallel_LHT_Kernel/u_Hough_Kernel/u_Hough_Kernel_Symmetric_Look_Ahead/u_Look_Ahead_Hough/clk_enable
    SLICE_X77Y208        LUT2 (Prop_E6LUT_SLICEL_I0_O)
                                                      0.051     0.051 r  u_Parallel_LHT_Kernel/u_Hough_Kernel/u_Hough_Kernel_Symmetric_Look_Ahead/u_Look_Ahead_Hough/Unit_Delay_Enabled_Synchronous_out1[0][8]_i_1/O
                         net (fo=819, routed)         4.301     4.352    u_Parallel_LHT_Kernel/u_Hough_Kernel/u_Hough_Kernel_Symmetric_Look_Ahead/u_Look_Ahead_Hough/Unit_Delay_Enabled_Synchronous_out1[0]__0
    SLICE_X102Y197       FDCE                                         r  u_Parallel_LHT_Kernel/u_Hough_Kernel/u_Hough_Kernel_Symmetric_Look_Ahead/u_Look_Ahead_Hough/Unit_Delay_Enabled_Synchronous_out1_reg[78][0]/CE
  -------------------------------------------------------------------    -------------------

                         (clock MWCLK rise edge)      0.000     0.000 r  
                                                      0.000     0.000 r  clk (IN)
                         net (fo=7545, unset)         0.020     0.020    u_Parallel_LHT_Kernel/u_Hough_Kernel/u_Hough_Kernel_Symmetric_Look_Ahead/u_Look_Ahead_Hough/clk
    SLICE_X102Y197       FDCE                                         r  u_Parallel_LHT_Kernel/u_Hough_Kernel/u_Hough_Kernel_Symmetric_Look_Ahead/u_Look_Ahead_Hough/Unit_Delay_Enabled_Synchronous_out1_reg[78][0]/C

Slack:                    inf
  Source:                 clk_enable
                            (input port)
  Destination:            u_Parallel_LHT_Kernel/u_Hough_Kernel/u_Hough_Kernel_Symmetric_Look_Ahead/u_Look_Ahead_Hough/Unit_Delay_Enabled_Synchronous_out1_reg[78][0]/CE
                            (rising edge-triggered cell FDCE clocked by MWCLK  {rise@0.000ns fall@3.333ns period=6.667ns})
  Path Group:             (none)
  Path Type:              Setup (Max at Slow Process Corner)
  Data Path Delay:        4.352ns  (logic 0.051ns (1.172%)  route 4.301ns (98.828%))
  Logic Levels:           1  (LUT2=1)
  Clock Path Skew:        0.020ns (DCD - SCD + CPR)
    Destination Clock Delay (DCD):    0.020ns
    Source Clock Delay      (SCD):    0.000ns
    Clock Pessimism Removal (CPR):    0.000ns

    Location             Delay type                Incr(ns)  Path(ns)    Netlist Resource(s)
  -------------------------------------------------------------------    -------------------
                                                      0.000     0.000 f  clk_enable (IN)
                         net (fo=5859, unset)         0.000     0.000    u_Parallel_LHT_Kernel/u_Hough_Kernel/u_Hough_Kernel_Symmetric_Look_Ahead/u_Look_Ahead_Hough/clk_enable
    SLICE_X77Y208        LUT2 (Prop_E6LUT_SLICEL_I0_O)
                                                      0.051     0.051 f  u_Parallel_LHT_Kernel/u_Hough_Kernel/u_Hough_Kernel_Symmetric_Look_Ahead/u_Look_Ahead_Hough/Unit_Delay_Enabled_Synchronous_out1[0][8]_i_1/O
                         net (fo=819, routed)         4.301     4.352    u_Parallel_LHT_Kernel/u_Hough_Kernel/u_Hough_Kernel_Symmetric_Look_Ahead/u_Look_Ahead_Hough/Unit_Delay_Enabled_Synchronous_out1[0]__0
    SLICE_X102Y197       FDCE                                         f  u_Parallel_LHT_Kernel/u_Hough_Kernel/u_Hough_Kernel_Symmetric_Look_Ahead/u_Look_Ahead_Hough/Unit_Delay_Enabled_Synchronous_out1_reg[78][0]/CE
  -------------------------------------------------------------------    -------------------

                         (clock MWCLK rise edge)      0.000     0.000 r  
                                                      0.000     0.000 r  clk (IN)
                         net (fo=7545, unset)         0.020     0.020    u_Parallel_LHT_Kernel/u_Hough_Kernel/u_Hough_Kernel_Symmetric_Look_Ahead/u_Look_Ahead_Hough/clk
    SLICE_X102Y197       FDCE                                         r  u_Parallel_LHT_Kernel/u_Hough_Kernel/u_Hough_Kernel_Symmetric_Look_Ahead/u_Look_Ahead_Hough/Unit_Delay_Enabled_Synchronous_out1_reg[78][0]/C





Min Delay Paths
--------------------------------------------------------------------------------------
Slack:                    inf
  Source:                 clk_enable
                            (input port)
  Destination:            Unit_Delay_Enabled_Synchronous_out1_reg[8]_i_5/CE
                            (rising edge-triggered cell FDCE clocked by MWCLK  {rise@0.000ns fall@3.333ns period=6.667ns})
  Path Group:             (none)
  Path Type:              Hold (Min at Slow Process Corner)
  Data Path Delay:        0.000ns  (logic 0.000ns (0.000%)  route 0.000ns (0.000%))
  Logic Levels:           0  
  Clock Path Skew:        0.030ns (DCD - SCD - CPR)
    Destination Clock Delay (DCD):    0.030ns
    Source Clock Delay      (SCD):    0.000ns
    Clock Pessimism Removal (CPR):    -0.000ns

    Location             Delay type                Incr(ns)  Path(ns)    Netlist Resource(s)
  -------------------------------------------------------------------    -------------------
                                                      0.000     0.000 r  clk_enable (IN)
                         net (fo=5859, unset)         0.000     0.000    clk_enable
    SLICE_X63Y206        FDCE                                         r  Unit_Delay_Enabled_Synchronous_out1_reg[8]_i_5/CE
  -------------------------------------------------------------------    -------------------

                         (clock MWCLK rise edge)      0.000     0.000 r  
                                                      0.000     0.000 r  clk (IN)
                         net (fo=7545, unset)         0.030     0.030    clk
    SLICE_X63Y206        FDCE                                         r  Unit_Delay_Enabled_Synchronous_out1_reg[8]_i_5/C

Slack:                    inf
  Source:                 clk_enable
                            (input port)
  Destination:            Unit_Delay_Enabled_Synchronous_out1_reg[8]_i_5/CE
                            (rising edge-triggered cell FDCE clocked by MWCLK  {rise@0.000ns fall@3.333ns period=6.667ns})
  Path Group:             (none)
  Path Type:              Hold (Min at Slow Process Corner)
  Data Path Delay:        0.000ns  (logic 0.000ns (0.000%)  route 0.000ns (0.000%))
  Logic Levels:           0  
  Clock Path Skew:        0.030ns (DCD - SCD - CPR)
    Destination Clock Delay (DCD):    0.030ns
    Source Clock Delay      (SCD):    0.000ns
    Clock Pessimism Removal (CPR):    -0.000ns

    Location             Delay type                Incr(ns)  Path(ns)    Netlist Resource(s)
  -------------------------------------------------------------------    -------------------
                                                      0.000     0.000 r  clk_enable (IN)
                         net (fo=5859, unset)         0.000     0.000    clk_enable
    SLICE_X63Y206        FDCE                                         r  Unit_Delay_Enabled_Synchronous_out1_reg[8]_i_5/CE
  -------------------------------------------------------------------    -------------------

                         (clock MWCLK rise edge)      0.000     0.000 r  
                                                      0.000     0.000 r  clk (IN)
                         net (fo=7545, unset)         0.030     0.030    clk
    SLICE_X63Y206        FDCE                                         r  Unit_Delay_Enabled_Synchronous_out1_reg[8]_i_5/C

Slack:                    inf
  Source:                 clk_enable
                            (input port)
  Destination:            Unit_Delay_Enabled_Synchronous_out1_reg[8]_i_5/CE
                            (rising edge-triggered cell FDCE clocked by MWCLK  {rise@0.000ns fall@3.333ns period=6.667ns})
  Path Group:             (none)
  Path Type:              Hold (Min at Fast Process Corner)
  Data Path Delay:        0.000ns  (logic 0.000ns (0.000%)  route 0.000ns (0.000%))
  Logic Levels:           0  
  Clock Path Skew:        0.019ns (DCD - SCD - CPR)
    Destination Clock Delay (DCD):    0.019ns
    Source Clock Delay      (SCD):    0.000ns
    Clock Pessimism Removal (CPR):    -0.000ns

    Location             Delay type                Incr(ns)  Path(ns)    Netlist Resource(s)
  -------------------------------------------------------------------    -------------------
                                                      0.000     0.000 r  clk_enable (IN)
                         net (fo=5859, unset)         0.000     0.000    clk_enable
    SLICE_X63Y206        FDCE                                         r  Unit_Delay_Enabled_Synchronous_out1_reg[8]_i_5/CE
  -------------------------------------------------------------------    -------------------

                         (clock MWCLK rise edge)      0.000     0.000 r  
                                                      0.000     0.000 r  clk (IN)
                         net (fo=7545, unset)         0.019     0.019    clk
    SLICE_X63Y206        FDCE                                         r  Unit_Delay_Enabled_Synchronous_out1_reg[8]_i_5/C





