Copyright 1986-2019 Xilinx, Inc. All Rights Reserved.
-----------------------------------------------------------------------------------------------------------------------------------------------------------------------------------
| Tool Version      : Vivado v.2019.1 (win64) Build 2552052 Fri May 24 14:49:42 MDT 2019
| Date              : Thu Mar  5 10:04:07 2020
| Host              : eee-bumblebee running 64-bit major release  (build 9200)
| Command           : report_timing_summary -delay_type min_max -report_unconstrained -check_timing_verbose -max_paths 3 -nworst 3 -name timing_post_map -file timing_post_map.rpt
| Design            : Hybrid_LHT
| Device            : xczu7ev-ffvc1156
| Speed File        : -2  PRODUCTION 1.25 05-09-2019
| Temperature Grade : E
-----------------------------------------------------------------------------------------------------------------------------------------------------------------------------------

Timing Summary Report

------------------------------------------------------------------------------------------------
| Timer Settings
| --------------
------------------------------------------------------------------------------------------------

  Enable Multi Corner Analysis               :  Yes
  Enable Pessimism Removal                   :  Yes
  Pessimism Removal Resolution               :  Nearest Common Node
  Enable Input Delay Default Clock           :  No
  Enable Preset / Clear Arcs                 :  No
  Disable Flight Delays                      :  No
  Ignore I/O Paths                           :  No
  Timing Early Launch at Borrowing Latches   :  No
  Borrow Time for Max Delay Exceptions       :  Yes

  Corner  Analyze    Analyze    
  Name    Max Paths  Min Paths  
  ------  ---------  ---------  
  Slow    Yes        Yes        
  Fast    Yes        Yes        



check_timing report

Table of Contents
-----------------
1. checking no_clock
2. checking constant_clock
3. checking pulse_width_clock
4. checking unconstrained_internal_endpoints
5. checking no_input_delay
6. checking no_output_delay
7. checking multiple_clock
8. checking generated_clocks
9. checking loops
10. checking partial_input_delay
11. checking partial_output_delay
12. checking latch_loops

1. checking no_clock
--------------------
 There are 0 register/latch pins with no clock.


2. checking constant_clock
--------------------------
 There are 0 register/latch pins with constant_clock.


3. checking pulse_width_clock
-----------------------------
 There are 0 register/latch pins which need pulse_width check


4. checking unconstrained_internal_endpoints
--------------------------------------------
 There are 0 pins that are not constrained for maximum delay.

 There are 0 pins that are not constrained for maximum delay due to constant clock.


5. checking no_input_delay
--------------------------
 There are 14 input ports with no input delay specified. (HIGH)

clk_enable
reset
s_axis_tdata[0]
s_axis_tdata[1]
s_axis_tdata[2]
s_axis_tdata[3]
s_axis_tdata[4]
s_axis_tdata[5]
s_axis_tdata[6]
s_axis_tdata[7]
s_axis_tdata[8]
s_axis_tlast
s_axis_tuser
s_axis_tvalid

 There are 0 input ports with no input delay but user has a false path constraint.


6. checking no_output_delay
---------------------------
 There are 14 ports with no output delay specified. (HIGH)

m_axis_tdata[0]
m_axis_tdata[10]
m_axis_tdata[1]
m_axis_tdata[2]
m_axis_tdata[3]
m_axis_tdata[4]
m_axis_tdata[5]
m_axis_tdata[6]
m_axis_tdata[7]
m_axis_tdata[8]
m_axis_tdata[9]
m_axis_tlast
m_axis_tuser
m_axis_tvalid

 There are 0 ports with no output delay but user has a false path constraint

 There are 0 ports with no output delay but with a timing clock defined on it or propagating through it


7. checking multiple_clock
--------------------------
 There are 0 register/latch pins with multiple clocks.


8. checking generated_clocks
----------------------------
 There are 0 generated clocks that are not connected to a clock source.


9. checking loops
-----------------
 There are 0 combinational loops in the design.


10. checking partial_input_delay
--------------------------------
 There are 0 input ports with partial input delay specified.


11. checking partial_output_delay
---------------------------------
 There are 0 ports with partial output delay specified.


12. checking latch_loops
------------------------
 There are 0 combinational latch loops in the design through latch input



------------------------------------------------------------------------------------------------
| Design Timing Summary
| ---------------------
------------------------------------------------------------------------------------------------

    WNS(ns)      TNS(ns)  TNS Failing Endpoints  TNS Total Endpoints      WHS(ns)      THS(ns)  THS Failing Endpoints  THS Total Endpoints     WPWS(ns)     TPWS(ns)  TPWS Failing Endpoints  TPWS Total Endpoints  
    -------      -------  ---------------------  -------------------      -------      -------  ---------------------  -------------------     --------     --------  ----------------------  --------------------  
      4.480        0.000                      0                18219        0.070        0.000                      0                18219        3.625        0.000                       0                  8678  


All user specified timing constraints are met.


------------------------------------------------------------------------------------------------
| Clock Summary
| -------------
------------------------------------------------------------------------------------------------

Clock  Waveform(ns)         Period(ns)      Frequency(MHz)
-----  ------------         ----------      --------------
MWCLK  {0.000 4.167}        8.333           120.005         


------------------------------------------------------------------------------------------------
| Intra Clock Table
| -----------------
------------------------------------------------------------------------------------------------

Clock             WNS(ns)      TNS(ns)  TNS Failing Endpoints  TNS Total Endpoints      WHS(ns)      THS(ns)  THS Failing Endpoints  THS Total Endpoints     WPWS(ns)     TPWS(ns)  TPWS Failing Endpoints  TPWS Total Endpoints  
-----             -------      -------  ---------------------  -------------------      -------      -------  ---------------------  -------------------     --------     --------  ----------------------  --------------------  
MWCLK               4.480        0.000                      0                18219        0.070        0.000                      0                18219        3.625        0.000                       0                  8678  


------------------------------------------------------------------------------------------------
| Inter Clock Table
| -----------------
------------------------------------------------------------------------------------------------

From Clock    To Clock          WNS(ns)      TNS(ns)  TNS Failing Endpoints  TNS Total Endpoints      WHS(ns)      THS(ns)  THS Failing Endpoints  THS Total Endpoints  
----------    --------          -------      -------  ---------------------  -------------------      -------      -------  ---------------------  -------------------  


------------------------------------------------------------------------------------------------
| Other Path Groups Table
| -----------------------
------------------------------------------------------------------------------------------------

Path Group    From Clock    To Clock          WNS(ns)      TNS(ns)  TNS Failing Endpoints  TNS Total Endpoints      WHS(ns)      THS(ns)  THS Failing Endpoints  THS Total Endpoints  
----------    ----------    --------          -------      -------  ---------------------  -------------------      -------      -------  ---------------------  -------------------  


------------------------------------------------------------------------------------------------
| User Ignored Path Table
| -----------------------
------------------------------------------------------------------------------------------------

Path Group    From Clock    To Clock    
----------    ----------    --------    


------------------------------------------------------------------------------------------------
| Unconstrained Path Table
| ------------------------
------------------------------------------------------------------------------------------------

Path Group    From Clock    To Clock    
----------    ----------    --------    
(none)                                    
(none)        MWCLK                       
(none)                      MWCLK         


------------------------------------------------------------------------------------------------
| Timing Details
| --------------
------------------------------------------------------------------------------------------------


---------------------------------------------------------------------------------------------------
From Clock:  MWCLK
  To Clock:  MWCLK

Setup :            0  Failing Endpoints,  Worst Slack        4.480ns,  Total Violation        0.000ns
Hold  :            0  Failing Endpoints,  Worst Slack        0.070ns,  Total Violation        0.000ns
PW    :            0  Failing Endpoints,  Worst Slack        3.625ns,  Total Violation        0.000ns
---------------------------------------------------------------------------------------------------


Max Delay Paths
--------------------------------------------------------------------------------------
Slack (MET) :             4.480ns  (required time - arrival time)
  Source:                 u_Hybrid_LHT_Kernel/u_Gradient_Kernel_System/u_Hough_Kernel/u_Look_Ahead_Hough/u_Look_Ahead_Hough_Symmetric/delayMatch_reg_reg[1]_rep__8/C
                            (rising edge-triggered cell FDCE clocked by MWCLK  {rise@0.000ns fall@4.167ns period=8.333ns})
  Destination:            u_Hybrid_LHT_Accumulator/u_Accumulator_with_Switches/GEN_LABEL[3].u_Accumulator/Delay2_out1_reg/D
                            (rising edge-triggered cell FDCE clocked by MWCLK  {rise@0.000ns fall@4.167ns period=8.333ns})
  Path Group:             MWCLK
  Path Type:              Setup (Max at Slow Process Corner)
  Requirement:            8.333ns  (MWCLK rise@8.333ns - MWCLK rise@0.000ns)
  Data Path Delay:        3.843ns  (logic 1.047ns (27.244%)  route 2.796ns (72.756%))
  Logic Levels:           18  (CARRY8=2 LUT2=1 LUT3=4 LUT5=3 LUT6=6 MUXF7=2)
  Clock Uncertainty:      0.035ns  ((TSJ^2 + TIJ^2)^1/2 + DJ) / 2 + PE
    Total System Jitter     (TSJ):    0.071ns
    Total Input Jitter      (TIJ):    0.000ns
    Discrete Jitter          (DJ):    0.000ns
    Phase Error              (PE):    0.000ns

    Location             Delay type                Incr(ns)  Path(ns)    Netlist Resource(s)
  -------------------------------------------------------------------    -------------------
                         (clock MWCLK rise edge)      0.000     0.000 r  
                                                      0.000     0.000 r  clk (IN)
                         net (fo=8982, unset)         0.000     0.000    u_Hybrid_LHT_Kernel/u_Gradient_Kernel_System/u_Hough_Kernel/u_Look_Ahead_Hough/u_Look_Ahead_Hough_Symmetric/clk
                         FDCE                                         r  u_Hybrid_LHT_Kernel/u_Gradient_Kernel_System/u_Hough_Kernel/u_Look_Ahead_Hough/u_Look_Ahead_Hough_Symmetric/delayMatch_reg_reg[1]_rep__8/C
  -------------------------------------------------------------------    -------------------
                         FDCE (Prop_FDCE_C_Q)         0.077     0.077 r  u_Hybrid_LHT_Kernel/u_Gradient_Kernel_System/u_Hough_Kernel/u_Look_Ahead_Hough/u_Look_Ahead_Hough_Symmetric/delayMatch_reg_reg[1]_rep__8/Q
                         net (fo=119, unplaced)       0.226     0.303    u_Hybrid_LHT_Kernel/u_Gradient_Kernel_System/u_Hough_Kernel/u_Look_Ahead_Hough/u_Look_Ahead_Hough_Symmetric/delayMatch_reg_reg[1]_rep__8_n_0
                         LUT2 (Prop_LUT2_I1_O)        0.070     0.373 r  u_Hybrid_LHT_Kernel/u_Gradient_Kernel_System/u_Hough_Kernel/u_Look_Ahead_Hough/u_Look_Ahead_Hough_Symmetric/ram_reg_bram_0_i_1776/O
                         net (fo=28, unplaced)        0.242     0.615    u_Hybrid_LHT_Kernel/u_Gradient_Kernel_System/u_Hough_Kernel/u_Look_Ahead_Hough/u_Look_Ahead_Hough_Symmetric/Look_Ahead_Hough_out1[20]_132[2]
                         LUT6 (Prop_LUT6_I5_O)        0.038     0.653 r  u_Hybrid_LHT_Kernel/u_Gradient_Kernel_System/u_Hough_Kernel/u_Look_Ahead_Hough/u_Look_Ahead_Hough_Symmetric/ram_reg_bram_0_i_12121/O
                         net (fo=5, unplaced)         0.203     0.856    u_Hybrid_LHT_Kernel/u_Gradient_Kernel_System/u_Hough_Kernel/u_Look_Ahead_Hough/u_Look_Ahead_Hough_Symmetric/ram_reg_bram_0_i_12121_n_0
                         LUT6 (Prop_LUT6_I5_O)        0.038     0.894 r  u_Hybrid_LHT_Kernel/u_Gradient_Kernel_System/u_Hough_Kernel/u_Look_Ahead_Hough/u_Look_Ahead_Hough_Symmetric/ram_reg_bram_0_i_16445/O
                         net (fo=1, unplaced)         0.185     1.079    u_Hybrid_LHT_Kernel/u_Gradient_Kernel_System/u_Hough_Kernel/u_Look_Ahead_Hough/u_Look_Ahead_Hough_Symmetric/ram_reg_bram_0_i_16445_n_0
                         LUT6 (Prop_LUT6_I0_O)        0.038     1.117 r  u_Hybrid_LHT_Kernel/u_Gradient_Kernel_System/u_Hough_Kernel/u_Look_Ahead_Hough/u_Look_Ahead_Hough_Symmetric/ram_reg_bram_0_i_11442/O
                         net (fo=1, unplaced)         0.137     1.254    u_Hybrid_LHT_Kernel/u_Gradient_Kernel_System/u_Hough_Kernel/u_Look_Ahead_Hough/u_Look_Ahead_Hough_Symmetric/ram_reg_bram_0_i_11442_n_0
                         LUT5 (Prop_LUT5_I1_O)        0.038     1.292 r  u_Hybrid_LHT_Kernel/u_Gradient_Kernel_System/u_Hough_Kernel/u_Look_Ahead_Hough/u_Look_Ahead_Hough_Symmetric/ram_reg_bram_0_i_7191/O
                         net (fo=1, unplaced)         0.018     1.310    u_Hybrid_LHT_Kernel/u_Gradient_Kernel_System/u_Hough_Kernel/u_Look_Ahead_Hough/u_Look_Ahead_Hough_Symmetric/ram_reg_bram_0_i_7191_n_0
                         MUXF7 (Prop_MUXF7_I1_O)      0.065     1.375 r  u_Hybrid_LHT_Kernel/u_Gradient_Kernel_System/u_Hough_Kernel/u_Look_Ahead_Hough/u_Look_Ahead_Hough_Symmetric/ram_reg_bram_0_i_4527/O
                         net (fo=1, unplaced)         0.183     1.558    u_Hybrid_LHT_Kernel/u_Gradient_Kernel_System/u_Hough_Kernel/u_Hough_Kernel/ram_reg_bram_0_i_1067_2
                         LUT3 (Prop_LUT3_I2_O)        0.037     1.595 r  u_Hybrid_LHT_Kernel/u_Gradient_Kernel_System/u_Hough_Kernel/u_Hough_Kernel/ram_reg_bram_0_i_2593__0/O
                         net (fo=1, unplaced)         0.028     1.623    u_Hybrid_LHT_Kernel/u_Gradient_Kernel_System/u_Hough_Kernel/u_Hough_Kernel/ram_reg_bram_0_i_2593__0_n_0
                         CARRY8 (Prop_CARRY8_S[2]_CO[7])
                                                      0.168     1.791 r  u_Hybrid_LHT_Kernel/u_Gradient_Kernel_System/u_Hough_Kernel/u_Hough_Kernel/ram_reg_bram_0_i_1067/CO[7]
                         net (fo=1, unplaced)         0.005     1.796    u_Hybrid_LHT_Kernel/u_Gradient_Kernel_System/u_Hough_Kernel/u_Hough_Kernel/ram_reg_bram_0_i_1067_n_0
                         CARRY8 (Prop_CARRY8_CI_O[1])
                                                      0.076     1.872 r  u_Hybrid_LHT_Kernel/u_Gradient_Kernel_System/u_Hough_Kernel/u_Hough_Kernel/ram_reg_bram_0_i_1068__0/O[1]
                         net (fo=2, unplaced)         0.183     2.055    u_Hybrid_LHT_Accumulator/u_Accumulator_with_Switches/GEN_LABEL[36].u_Accumulator/u_Block_RAM/u_Simple_Dual_Port_RAM_Generator/u_simple_ram_0/Hough_Kernel_out1[32]_131[2]
                         LUT3 (Prop_LUT3_I2_O)        0.038     2.093 r  u_Hybrid_LHT_Accumulator/u_Accumulator_with_Switches/GEN_LABEL[36].u_Accumulator/u_Block_RAM/u_Simple_Dual_Port_RAM_Generator/u_simple_ram_0/ram_reg_bram_0_i_502__0/O
                         net (fo=6, unplaced)         0.207     2.300    u_Hybrid_LHT_Kernel/ram_reg_bram_0_i_204__54_0
                         LUT5 (Prop_LUT5_I4_O)        0.038     2.338 r  u_Hybrid_LHT_Kernel/ram_reg_bram_0_i_330__0/O
                         net (fo=3, unplaced)         0.191     2.529    u_Hybrid_LHT_Kernel/ram_reg_bram_0_i_330__0_n_0
                         LUT3 (Prop_LUT3_I2_O)        0.070     2.599 r  u_Hybrid_LHT_Kernel/ram_reg_bram_0_i_277__5/O
                         net (fo=11, unplaced)        0.220     2.819    u_Hybrid_LHT_Kernel/ram_reg_bram_0_i_277__5_n_0
                         LUT6 (Prop_LUT6_I5_O)        0.037     2.856 r  u_Hybrid_LHT_Kernel/ram_reg_bram_0_i_198__49/O
                         net (fo=1, unplaced)         0.024     2.880    u_Hybrid_LHT_Kernel/ram_reg_bram_0_i_198__49_n_0
                         MUXF7 (Prop_MUXF7_I0_O)      0.067     2.947 r  u_Hybrid_LHT_Kernel/ram_reg_bram_0_i_130__51/O
                         net (fo=1, unplaced)         0.135     3.082    u_Hybrid_LHT_Kernel/ram_reg_bram_0_i_130__51_n_0
                         LUT5 (Prop_LUT5_I2_O)        0.038     3.120 r  u_Hybrid_LHT_Kernel/ram_reg_bram_0_i_48__40/O
                         net (fo=1, unplaced)         0.185     3.305    u_Hybrid_LHT_Accumulator/u_Accumulator_with_Switches/GEN_LABEL[3].u_Accumulator/u_Block_RAM/u_Simple_Dual_Port_RAM_Generator/u_simple_ram_0/Hybrid_LHT_Kernel_out4[3][9]
                         LUT3 (Prop_LUT3_I0_O)        0.038     3.343 r  u_Hybrid_LHT_Accumulator/u_Accumulator_with_Switches/GEN_LABEL[3].u_Accumulator/u_Block_RAM/u_Simple_Dual_Port_RAM_Generator/u_simple_ram_0/ram_reg_bram_0_i_2__55/O
                         net (fo=3, unplaced)         0.191     3.534    u_Hybrid_LHT_Accumulator/u_Accumulator_with_Switches/GEN_LABEL[3].u_Accumulator/u_Block_RAM/u_Simple_Dual_Port_RAM_Generator/D[9]
                         LUT6 (Prop_LUT6_I1_O)        0.038     3.572 f  u_Hybrid_LHT_Accumulator/u_Accumulator_with_Switches/GEN_LABEL[3].u_Accumulator/u_Block_RAM/u_Simple_Dual_Port_RAM_Generator/Delay2_out1_i_3__46/O
                         net (fo=1, unplaced)         0.185     3.757    u_Hybrid_LHT_Accumulator/u_Accumulator_with_Switches/GEN_LABEL[3].u_Accumulator/u_Block_RAM/u_Simple_Dual_Port_RAM_Generator/Delay2_out1_i_3__46_n_0
                         LUT6 (Prop_LUT6_I4_O)        0.038     3.795 r  u_Hybrid_LHT_Accumulator/u_Accumulator_with_Switches/GEN_LABEL[3].u_Accumulator/u_Block_RAM/u_Simple_Dual_Port_RAM_Generator/Delay2_out1_i_1__49/O
                         net (fo=1, unplaced)         0.048     3.843    u_Hybrid_LHT_Accumulator/u_Accumulator_with_Switches/GEN_LABEL[3].u_Accumulator/AND_out1
                         FDCE                                         r  u_Hybrid_LHT_Accumulator/u_Accumulator_with_Switches/GEN_LABEL[3].u_Accumulator/Delay2_out1_reg/D
  -------------------------------------------------------------------    -------------------

                         (clock MWCLK rise edge)      8.333     8.333 r  
                                                      0.000     8.333 r  clk (IN)
                         net (fo=8982, unset)         0.000     8.333    u_Hybrid_LHT_Accumulator/u_Accumulator_with_Switches/GEN_LABEL[3].u_Accumulator/clk
                         FDCE                                         r  u_Hybrid_LHT_Accumulator/u_Accumulator_with_Switches/GEN_LABEL[3].u_Accumulator/Delay2_out1_reg/C
                         clock pessimism              0.000     8.333    
                         clock uncertainty           -0.035     8.298    
                         FDCE (Setup_FDCE_C_D)        0.025     8.323    u_Hybrid_LHT_Accumulator/u_Accumulator_with_Switches/GEN_LABEL[3].u_Accumulator/Delay2_out1_reg
  -------------------------------------------------------------------
                         required time                          8.323    
                         arrival time                          -3.843    
  -------------------------------------------------------------------
                         slack                                  4.480    

Slack (MET) :             4.480ns  (required time - arrival time)
  Source:                 u_Hybrid_LHT_Kernel/u_Gradient_Kernel_System/u_Hough_Kernel/u_Look_Ahead_Hough/u_Look_Ahead_Hough_Symmetric/delayMatch_reg_reg[1]_rep__8/C
                            (rising edge-triggered cell FDCE clocked by MWCLK  {rise@0.000ns fall@4.167ns period=8.333ns})
  Destination:            u_Hybrid_LHT_Accumulator/u_Accumulator_with_Switches/GEN_LABEL[3].u_Accumulator/Delay2_out1_reg/D
                            (rising edge-triggered cell FDCE clocked by MWCLK  {rise@0.000ns fall@4.167ns period=8.333ns})
  Path Group:             MWCLK
  Path Type:              Setup (Max at Slow Process Corner)
  Requirement:            8.333ns  (MWCLK rise@8.333ns - MWCLK rise@0.000ns)
  Data Path Delay:        3.843ns  (logic 1.047ns (27.244%)  route 2.796ns (72.756%))
  Logic Levels:           18  (CARRY8=2 LUT2=1 LUT3=4 LUT5=3 LUT6=6 MUXF7=2)
  Clock Uncertainty:      0.035ns  ((TSJ^2 + TIJ^2)^1/2 + DJ) / 2 + PE
    Total System Jitter     (TSJ):    0.071ns
    Total Input Jitter      (TIJ):    0.000ns
    Discrete Jitter          (DJ):    0.000ns
    Phase Error              (PE):    0.000ns

    Location             Delay type                Incr(ns)  Path(ns)    Netlist Resource(s)
  -------------------------------------------------------------------    -------------------
                         (clock MWCLK rise edge)      0.000     0.000 r  
                                                      0.000     0.000 r  clk (IN)
                         net (fo=8982, unset)         0.000     0.000    u_Hybrid_LHT_Kernel/u_Gradient_Kernel_System/u_Hough_Kernel/u_Look_Ahead_Hough/u_Look_Ahead_Hough_Symmetric/clk
                         FDCE                                         r  u_Hybrid_LHT_Kernel/u_Gradient_Kernel_System/u_Hough_Kernel/u_Look_Ahead_Hough/u_Look_Ahead_Hough_Symmetric/delayMatch_reg_reg[1]_rep__8/C
  -------------------------------------------------------------------    -------------------
                         FDCE (Prop_FDCE_C_Q)         0.077     0.077 r  u_Hybrid_LHT_Kernel/u_Gradient_Kernel_System/u_Hough_Kernel/u_Look_Ahead_Hough/u_Look_Ahead_Hough_Symmetric/delayMatch_reg_reg[1]_rep__8/Q
                         net (fo=119, unplaced)       0.226     0.303    u_Hybrid_LHT_Kernel/u_Gradient_Kernel_System/u_Hough_Kernel/u_Look_Ahead_Hough/u_Look_Ahead_Hough_Symmetric/delayMatch_reg_reg[1]_rep__8_n_0
                         LUT2 (Prop_LUT2_I1_O)        0.070     0.373 r  u_Hybrid_LHT_Kernel/u_Gradient_Kernel_System/u_Hough_Kernel/u_Look_Ahead_Hough/u_Look_Ahead_Hough_Symmetric/ram_reg_bram_0_i_1776/O
                         net (fo=28, unplaced)        0.242     0.615    u_Hybrid_LHT_Kernel/u_Gradient_Kernel_System/u_Hough_Kernel/u_Look_Ahead_Hough/u_Look_Ahead_Hough_Symmetric/Look_Ahead_Hough_out1[20]_132[2]
                         LUT6 (Prop_LUT6_I5_O)        0.038     0.653 r  u_Hybrid_LHT_Kernel/u_Gradient_Kernel_System/u_Hough_Kernel/u_Look_Ahead_Hough/u_Look_Ahead_Hough_Symmetric/ram_reg_bram_0_i_12121/O
                         net (fo=5, unplaced)         0.203     0.856    u_Hybrid_LHT_Kernel/u_Gradient_Kernel_System/u_Hough_Kernel/u_Look_Ahead_Hough/u_Look_Ahead_Hough_Symmetric/ram_reg_bram_0_i_12121_n_0
                         LUT6 (Prop_LUT6_I5_O)        0.038     0.894 r  u_Hybrid_LHT_Kernel/u_Gradient_Kernel_System/u_Hough_Kernel/u_Look_Ahead_Hough/u_Look_Ahead_Hough_Symmetric/ram_reg_bram_0_i_16445/O
                         net (fo=1, unplaced)         0.185     1.079    u_Hybrid_LHT_Kernel/u_Gradient_Kernel_System/u_Hough_Kernel/u_Look_Ahead_Hough/u_Look_Ahead_Hough_Symmetric/ram_reg_bram_0_i_16445_n_0
                         LUT6 (Prop_LUT6_I0_O)        0.038     1.117 r  u_Hybrid_LHT_Kernel/u_Gradient_Kernel_System/u_Hough_Kernel/u_Look_Ahead_Hough/u_Look_Ahead_Hough_Symmetric/ram_reg_bram_0_i_11442/O
                         net (fo=1, unplaced)         0.137     1.254    u_Hybrid_LHT_Kernel/u_Gradient_Kernel_System/u_Hough_Kernel/u_Look_Ahead_Hough/u_Look_Ahead_Hough_Symmetric/ram_reg_bram_0_i_11442_n_0
                         LUT5 (Prop_LUT5_I1_O)        0.038     1.292 r  u_Hybrid_LHT_Kernel/u_Gradient_Kernel_System/u_Hough_Kernel/u_Look_Ahead_Hough/u_Look_Ahead_Hough_Symmetric/ram_reg_bram_0_i_7191/O
                         net (fo=1, unplaced)         0.018     1.310    u_Hybrid_LHT_Kernel/u_Gradient_Kernel_System/u_Hough_Kernel/u_Look_Ahead_Hough/u_Look_Ahead_Hough_Symmetric/ram_reg_bram_0_i_7191_n_0
                         MUXF7 (Prop_MUXF7_I1_O)      0.065     1.375 r  u_Hybrid_LHT_Kernel/u_Gradient_Kernel_System/u_Hough_Kernel/u_Look_Ahead_Hough/u_Look_Ahead_Hough_Symmetric/ram_reg_bram_0_i_4527/O
                         net (fo=1, unplaced)         0.183     1.558    u_Hybrid_LHT_Kernel/u_Gradient_Kernel_System/u_Hough_Kernel/u_Hough_Kernel/ram_reg_bram_0_i_1067_2
                         LUT3 (Prop_LUT3_I2_O)        0.037     1.595 r  u_Hybrid_LHT_Kernel/u_Gradient_Kernel_System/u_Hough_Kernel/u_Hough_Kernel/ram_reg_bram_0_i_2593__0/O
                         net (fo=1, unplaced)         0.028     1.623    u_Hybrid_LHT_Kernel/u_Gradient_Kernel_System/u_Hough_Kernel/u_Hough_Kernel/ram_reg_bram_0_i_2593__0_n_0
                         CARRY8 (Prop_CARRY8_S[2]_CO[7])
                                                      0.168     1.791 r  u_Hybrid_LHT_Kernel/u_Gradient_Kernel_System/u_Hough_Kernel/u_Hough_Kernel/ram_reg_bram_0_i_1067/CO[7]
                         net (fo=1, unplaced)         0.005     1.796    u_Hybrid_LHT_Kernel/u_Gradient_Kernel_System/u_Hough_Kernel/u_Hough_Kernel/ram_reg_bram_0_i_1067_n_0
                         CARRY8 (Prop_CARRY8_CI_O[1])
                                                      0.076     1.872 f  u_Hybrid_LHT_Kernel/u_Gradient_Kernel_System/u_Hough_Kernel/u_Hough_Kernel/ram_reg_bram_0_i_1068__0/O[1]
                         net (fo=2, unplaced)         0.183     2.055    u_Hybrid_LHT_Accumulator/u_Accumulator_with_Switches/GEN_LABEL[36].u_Accumulator/u_Block_RAM/u_Simple_Dual_Port_RAM_Generator/u_simple_ram_0/Hough_Kernel_out1[32]_131[2]
                         LUT3 (Prop_LUT3_I2_O)        0.038     2.093 r  u_Hybrid_LHT_Accumulator/u_Accumulator_with_Switches/GEN_LABEL[36].u_Accumulator/u_Block_RAM/u_Simple_Dual_Port_RAM_Generator/u_simple_ram_0/ram_reg_bram_0_i_502__0/O
                         net (fo=6, unplaced)         0.207     2.300    u_Hybrid_LHT_Kernel/ram_reg_bram_0_i_204__54_0
                         LUT5 (Prop_LUT5_I4_O)        0.038     2.338 r  u_Hybrid_LHT_Kernel/ram_reg_bram_0_i_330__0/O
                         net (fo=3, unplaced)         0.191     2.529    u_Hybrid_LHT_Kernel/ram_reg_bram_0_i_330__0_n_0
                         LUT3 (Prop_LUT3_I2_O)        0.070     2.599 r  u_Hybrid_LHT_Kernel/ram_reg_bram_0_i_277__5/O
                         net (fo=11, unplaced)        0.220     2.819    u_Hybrid_LHT_Kernel/ram_reg_bram_0_i_277__5_n_0
                         LUT6 (Prop_LUT6_I5_O)        0.037     2.856 r  u_Hybrid_LHT_Kernel/ram_reg_bram_0_i_198__49/O
                         net (fo=1, unplaced)         0.024     2.880    u_Hybrid_LHT_Kernel/ram_reg_bram_0_i_198__49_n_0
                         MUXF7 (Prop_MUXF7_I0_O)      0.067     2.947 r  u_Hybrid_LHT_Kernel/ram_reg_bram_0_i_130__51/O
                         net (fo=1, unplaced)         0.135     3.082    u_Hybrid_LHT_Kernel/ram_reg_bram_0_i_130__51_n_0
                         LUT5 (Prop_LUT5_I2_O)        0.038     3.120 r  u_Hybrid_LHT_Kernel/ram_reg_bram_0_i_48__40/O
                         net (fo=1, unplaced)         0.185     3.305    u_Hybrid_LHT_Accumulator/u_Accumulator_with_Switches/GEN_LABEL[3].u_Accumulator/u_Block_RAM/u_Simple_Dual_Port_RAM_Generator/u_simple_ram_0/Hybrid_LHT_Kernel_out4[3][9]
                         LUT3 (Prop_LUT3_I0_O)        0.038     3.343 r  u_Hybrid_LHT_Accumulator/u_Accumulator_with_Switches/GEN_LABEL[3].u_Accumulator/u_Block_RAM/u_Simple_Dual_Port_RAM_Generator/u_simple_ram_0/ram_reg_bram_0_i_2__55/O
                         net (fo=3, unplaced)         0.191     3.534    u_Hybrid_LHT_Accumulator/u_Accumulator_with_Switches/GEN_LABEL[3].u_Accumulator/u_Block_RAM/u_Simple_Dual_Port_RAM_Generator/D[9]
                         LUT6 (Prop_LUT6_I1_O)        0.038     3.572 f  u_Hybrid_LHT_Accumulator/u_Accumulator_with_Switches/GEN_LABEL[3].u_Accumulator/u_Block_RAM/u_Simple_Dual_Port_RAM_Generator/Delay2_out1_i_3__46/O
                         net (fo=1, unplaced)         0.185     3.757    u_Hybrid_LHT_Accumulator/u_Accumulator_with_Switches/GEN_LABEL[3].u_Accumulator/u_Block_RAM/u_Simple_Dual_Port_RAM_Generator/Delay2_out1_i_3__46_n_0
                         LUT6 (Prop_LUT6_I4_O)        0.038     3.795 r  u_Hybrid_LHT_Accumulator/u_Accumulator_with_Switches/GEN_LABEL[3].u_Accumulator/u_Block_RAM/u_Simple_Dual_Port_RAM_Generator/Delay2_out1_i_1__49/O
                         net (fo=1, unplaced)         0.048     3.843    u_Hybrid_LHT_Accumulator/u_Accumulator_with_Switches/GEN_LABEL[3].u_Accumulator/AND_out1
                         FDCE                                         r  u_Hybrid_LHT_Accumulator/u_Accumulator_with_Switches/GEN_LABEL[3].u_Accumulator/Delay2_out1_reg/D
  -------------------------------------------------------------------    -------------------

                         (clock MWCLK rise edge)      8.333     8.333 r  
                                                      0.000     8.333 r  clk (IN)
                         net (fo=8982, unset)         0.000     8.333    u_Hybrid_LHT_Accumulator/u_Accumulator_with_Switches/GEN_LABEL[3].u_Accumulator/clk
                         FDCE                                         r  u_Hybrid_LHT_Accumulator/u_Accumulator_with_Switches/GEN_LABEL[3].u_Accumulator/Delay2_out1_reg/C
                         clock pessimism              0.000     8.333    
                         clock uncertainty           -0.035     8.298    
                         FDCE (Setup_FDCE_C_D)        0.025     8.323    u_Hybrid_LHT_Accumulator/u_Accumulator_with_Switches/GEN_LABEL[3].u_Accumulator/Delay2_out1_reg
  -------------------------------------------------------------------
                         required time                          8.323    
                         arrival time                          -3.843    
  -------------------------------------------------------------------
                         slack                                  4.480    

Slack (MET) :             4.480ns  (required time - arrival time)
  Source:                 u_Hybrid_LHT_Kernel/u_Gradient_Kernel_System/u_Hough_Kernel/u_Look_Ahead_Hough/u_Look_Ahead_Hough_Symmetric/delayMatch_reg_reg[1]_rep__8/C
                            (rising edge-triggered cell FDCE clocked by MWCLK  {rise@0.000ns fall@4.167ns period=8.333ns})
  Destination:            u_Hybrid_LHT_Accumulator/u_Accumulator_with_Switches/GEN_LABEL[3].u_Accumulator/Delay2_out1_reg/D
                            (rising edge-triggered cell FDCE clocked by MWCLK  {rise@0.000ns fall@4.167ns period=8.333ns})
  Path Group:             MWCLK
  Path Type:              Setup (Max at Slow Process Corner)
  Requirement:            8.333ns  (MWCLK rise@8.333ns - MWCLK rise@0.000ns)
  Data Path Delay:        3.843ns  (logic 1.047ns (27.244%)  route 2.796ns (72.756%))
  Logic Levels:           18  (CARRY8=2 LUT2=1 LUT3=4 LUT5=3 LUT6=6 MUXF7=2)
  Clock Uncertainty:      0.035ns  ((TSJ^2 + TIJ^2)^1/2 + DJ) / 2 + PE
    Total System Jitter     (TSJ):    0.071ns
    Total Input Jitter      (TIJ):    0.000ns
    Discrete Jitter          (DJ):    0.000ns
    Phase Error              (PE):    0.000ns

    Location             Delay type                Incr(ns)  Path(ns)    Netlist Resource(s)
  -------------------------------------------------------------------    -------------------
                         (clock MWCLK rise edge)      0.000     0.000 r  
                                                      0.000     0.000 r  clk (IN)
                         net (fo=8982, unset)         0.000     0.000    u_Hybrid_LHT_Kernel/u_Gradient_Kernel_System/u_Hough_Kernel/u_Look_Ahead_Hough/u_Look_Ahead_Hough_Symmetric/clk
                         FDCE                                         r  u_Hybrid_LHT_Kernel/u_Gradient_Kernel_System/u_Hough_Kernel/u_Look_Ahead_Hough/u_Look_Ahead_Hough_Symmetric/delayMatch_reg_reg[1]_rep__8/C
  -------------------------------------------------------------------    -------------------
                         FDCE (Prop_FDCE_C_Q)         0.077     0.077 r  u_Hybrid_LHT_Kernel/u_Gradient_Kernel_System/u_Hough_Kernel/u_Look_Ahead_Hough/u_Look_Ahead_Hough_Symmetric/delayMatch_reg_reg[1]_rep__8/Q
                         net (fo=119, unplaced)       0.226     0.303    u_Hybrid_LHT_Kernel/u_Gradient_Kernel_System/u_Hough_Kernel/u_Look_Ahead_Hough/u_Look_Ahead_Hough_Symmetric/delayMatch_reg_reg[1]_rep__8_n_0
                         LUT2 (Prop_LUT2_I1_O)        0.070     0.373 r  u_Hybrid_LHT_Kernel/u_Gradient_Kernel_System/u_Hough_Kernel/u_Look_Ahead_Hough/u_Look_Ahead_Hough_Symmetric/ram_reg_bram_0_i_1776/O
                         net (fo=28, unplaced)        0.242     0.615    u_Hybrid_LHT_Kernel/u_Gradient_Kernel_System/u_Hough_Kernel/u_Look_Ahead_Hough/u_Look_Ahead_Hough_Symmetric/Look_Ahead_Hough_out1[20]_132[2]
                         LUT6 (Prop_LUT6_I5_O)        0.038     0.653 r  u_Hybrid_LHT_Kernel/u_Gradient_Kernel_System/u_Hough_Kernel/u_Look_Ahead_Hough/u_Look_Ahead_Hough_Symmetric/ram_reg_bram_0_i_12121/O
                         net (fo=5, unplaced)         0.203     0.856    u_Hybrid_LHT_Kernel/u_Gradient_Kernel_System/u_Hough_Kernel/u_Look_Ahead_Hough/u_Look_Ahead_Hough_Symmetric/ram_reg_bram_0_i_12121_n_0
                         LUT6 (Prop_LUT6_I5_O)        0.038     0.894 r  u_Hybrid_LHT_Kernel/u_Gradient_Kernel_System/u_Hough_Kernel/u_Look_Ahead_Hough/u_Look_Ahead_Hough_Symmetric/ram_reg_bram_0_i_16445/O
                         net (fo=1, unplaced)         0.185     1.079    u_Hybrid_LHT_Kernel/u_Gradient_Kernel_System/u_Hough_Kernel/u_Look_Ahead_Hough/u_Look_Ahead_Hough_Symmetric/ram_reg_bram_0_i_16445_n_0
                         LUT6 (Prop_LUT6_I0_O)        0.038     1.117 r  u_Hybrid_LHT_Kernel/u_Gradient_Kernel_System/u_Hough_Kernel/u_Look_Ahead_Hough/u_Look_Ahead_Hough_Symmetric/ram_reg_bram_0_i_11442/O
                         net (fo=1, unplaced)         0.137     1.254    u_Hybrid_LHT_Kernel/u_Gradient_Kernel_System/u_Hough_Kernel/u_Look_Ahead_Hough/u_Look_Ahead_Hough_Symmetric/ram_reg_bram_0_i_11442_n_0
                         LUT5 (Prop_LUT5_I1_O)        0.038     1.292 r  u_Hybrid_LHT_Kernel/u_Gradient_Kernel_System/u_Hough_Kernel/u_Look_Ahead_Hough/u_Look_Ahead_Hough_Symmetric/ram_reg_bram_0_i_7191/O
                         net (fo=1, unplaced)         0.018     1.310    u_Hybrid_LHT_Kernel/u_Gradient_Kernel_System/u_Hough_Kernel/u_Look_Ahead_Hough/u_Look_Ahead_Hough_Symmetric/ram_reg_bram_0_i_7191_n_0
                         MUXF7 (Prop_MUXF7_I1_O)      0.065     1.375 r  u_Hybrid_LHT_Kernel/u_Gradient_Kernel_System/u_Hough_Kernel/u_Look_Ahead_Hough/u_Look_Ahead_Hough_Symmetric/ram_reg_bram_0_i_4527/O
                         net (fo=1, unplaced)         0.183     1.558    u_Hybrid_LHT_Kernel/u_Gradient_Kernel_System/u_Hough_Kernel/u_Hough_Kernel/ram_reg_bram_0_i_1067_2
                         LUT3 (Prop_LUT3_I2_O)        0.037     1.595 r  u_Hybrid_LHT_Kernel/u_Gradient_Kernel_System/u_Hough_Kernel/u_Hough_Kernel/ram_reg_bram_0_i_2593__0/O
                         net (fo=1, unplaced)         0.028     1.623    u_Hybrid_LHT_Kernel/u_Gradient_Kernel_System/u_Hough_Kernel/u_Hough_Kernel/ram_reg_bram_0_i_2593__0_n_0
                         CARRY8 (Prop_CARRY8_S[2]_CO[7])
                                                      0.168     1.791 r  u_Hybrid_LHT_Kernel/u_Gradient_Kernel_System/u_Hough_Kernel/u_Hough_Kernel/ram_reg_bram_0_i_1067/CO[7]
                         net (fo=1, unplaced)         0.005     1.796    u_Hybrid_LHT_Kernel/u_Gradient_Kernel_System/u_Hough_Kernel/u_Hough_Kernel/ram_reg_bram_0_i_1067_n_0
                         CARRY8 (Prop_CARRY8_CI_O[1])
                                                      0.076     1.872 r  u_Hybrid_LHT_Kernel/u_Gradient_Kernel_System/u_Hough_Kernel/u_Hough_Kernel/ram_reg_bram_0_i_1068__0/O[1]
                         net (fo=2, unplaced)         0.183     2.055    u_Hybrid_LHT_Accumulator/u_Accumulator_with_Switches/GEN_LABEL[36].u_Accumulator/u_Block_RAM/u_Simple_Dual_Port_RAM_Generator/u_simple_ram_0/Hough_Kernel_out1[32]_131[2]
                         LUT3 (Prop_LUT3_I2_O)        0.038     2.093 f  u_Hybrid_LHT_Accumulator/u_Accumulator_with_Switches/GEN_LABEL[36].u_Accumulator/u_Block_RAM/u_Simple_Dual_Port_RAM_Generator/u_simple_ram_0/ram_reg_bram_0_i_502__0/O
                         net (fo=6, unplaced)         0.207     2.300    u_Hybrid_LHT_Kernel/ram_reg_bram_0_i_204__54_0
                         LUT5 (Prop_LUT5_I4_O)        0.038     2.338 f  u_Hybrid_LHT_Kernel/ram_reg_bram_0_i_330__0/O
                         net (fo=3, unplaced)         0.191     2.529    u_Hybrid_LHT_Kernel/ram_reg_bram_0_i_330__0_n_0
                         LUT3 (Prop_LUT3_I2_O)        0.070     2.599 f  u_Hybrid_LHT_Kernel/ram_reg_bram_0_i_277__5/O
                         net (fo=11, unplaced)        0.220     2.819    u_Hybrid_LHT_Kernel/ram_reg_bram_0_i_277__5_n_0
                         LUT6 (Prop_LUT6_I5_O)        0.037     2.856 f  u_Hybrid_LHT_Kernel/ram_reg_bram_0_i_198__49/O
                         net (fo=1, unplaced)         0.024     2.880    u_Hybrid_LHT_Kernel/ram_reg_bram_0_i_198__49_n_0
                         MUXF7 (Prop_MUXF7_I0_O)      0.067     2.947 f  u_Hybrid_LHT_Kernel/ram_reg_bram_0_i_130__51/O
                         net (fo=1, unplaced)         0.135     3.082    u_Hybrid_LHT_Kernel/ram_reg_bram_0_i_130__51_n_0
                         LUT5 (Prop_LUT5_I2_O)        0.038     3.120 f  u_Hybrid_LHT_Kernel/ram_reg_bram_0_i_48__40/O
                         net (fo=1, unplaced)         0.185     3.305    u_Hybrid_LHT_Accumulator/u_Accumulator_with_Switches/GEN_LABEL[3].u_Accumulator/u_Block_RAM/u_Simple_Dual_Port_RAM_Generator/u_simple_ram_0/Hybrid_LHT_Kernel_out4[3][9]
                         LUT3 (Prop_LUT3_I0_O)        0.038     3.343 f  u_Hybrid_LHT_Accumulator/u_Accumulator_with_Switches/GEN_LABEL[3].u_Accumulator/u_Block_RAM/u_Simple_Dual_Port_RAM_Generator/u_simple_ram_0/ram_reg_bram_0_i_2__55/O
                         net (fo=3, unplaced)         0.191     3.534    u_Hybrid_LHT_Accumulator/u_Accumulator_with_Switches/GEN_LABEL[3].u_Accumulator/u_Block_RAM/u_Simple_Dual_Port_RAM_Generator/D[9]
                         LUT6 (Prop_LUT6_I1_O)        0.038     3.572 f  u_Hybrid_LHT_Accumulator/u_Accumulator_with_Switches/GEN_LABEL[3].u_Accumulator/u_Block_RAM/u_Simple_Dual_Port_RAM_Generator/Delay2_out1_i_3__46/O
                         net (fo=1, unplaced)         0.185     3.757    u_Hybrid_LHT_Accumulator/u_Accumulator_with_Switches/GEN_LABEL[3].u_Accumulator/u_Block_RAM/u_Simple_Dual_Port_RAM_Generator/Delay2_out1_i_3__46_n_0
                         LUT6 (Prop_LUT6_I4_O)        0.038     3.795 r  u_Hybrid_LHT_Accumulator/u_Accumulator_with_Switches/GEN_LABEL[3].u_Accumulator/u_Block_RAM/u_Simple_Dual_Port_RAM_Generator/Delay2_out1_i_1__49/O
                         net (fo=1, unplaced)         0.048     3.843    u_Hybrid_LHT_Accumulator/u_Accumulator_with_Switches/GEN_LABEL[3].u_Accumulator/AND_out1
                         FDCE                                         r  u_Hybrid_LHT_Accumulator/u_Accumulator_with_Switches/GEN_LABEL[3].u_Accumulator/Delay2_out1_reg/D
  -------------------------------------------------------------------    -------------------

                         (clock MWCLK rise edge)      8.333     8.333 r  
                                                      0.000     8.333 r  clk (IN)
                         net (fo=8982, unset)         0.000     8.333    u_Hybrid_LHT_Accumulator/u_Accumulator_with_Switches/GEN_LABEL[3].u_Accumulator/clk
                         FDCE                                         r  u_Hybrid_LHT_Accumulator/u_Accumulator_with_Switches/GEN_LABEL[3].u_Accumulator/Delay2_out1_reg/C
                         clock pessimism              0.000     8.333    
                         clock uncertainty           -0.035     8.298    
                         FDCE (Setup_FDCE_C_D)        0.025     8.323    u_Hybrid_LHT_Accumulator/u_Accumulator_with_Switches/GEN_LABEL[3].u_Accumulator/Delay2_out1_reg
  -------------------------------------------------------------------
                         required time                          8.323    
                         arrival time                          -3.843    
  -------------------------------------------------------------------
                         slack                                  4.480    





Min Delay Paths
--------------------------------------------------------------------------------------
Slack (MET) :             0.070ns  (arrival time - required time)
  Source:                 u_Hybrid_LHT_Accumulator/HDL_Counter_out1_reg[5]/C
                            (rising edge-triggered cell FDCE clocked by MWCLK  {rise@0.000ns fall@4.167ns period=8.333ns})
  Destination:            u_Hybrid_LHT_Accumulator/HDL_Counter_out1_reg[5]/D
                            (rising edge-triggered cell FDCE clocked by MWCLK  {rise@0.000ns fall@4.167ns period=8.333ns})
  Path Group:             MWCLK
  Path Type:              Hold (Min at Fast Process Corner)
  Requirement:            0.000ns  (MWCLK rise@0.000ns - MWCLK rise@0.000ns)
  Data Path Delay:        0.116ns  (logic 0.052ns (44.828%)  route 0.064ns (55.172%))
  Logic Levels:           1  (LUT5=1)

    Location             Delay type                Incr(ns)  Path(ns)    Netlist Resource(s)
  -------------------------------------------------------------------    -------------------
                         (clock MWCLK rise edge)      0.000     0.000 r  
                                                      0.000     0.000 r  clk (IN)
                         net (fo=8982, unset)         0.000     0.000    u_Hybrid_LHT_Accumulator/clk
                         FDCE                                         r  u_Hybrid_LHT_Accumulator/HDL_Counter_out1_reg[5]/C
  -------------------------------------------------------------------    -------------------
                         FDCE (Prop_FDCE_C_Q)         0.038     0.038 r  u_Hybrid_LHT_Accumulator/HDL_Counter_out1_reg[5]/Q
                         net (fo=3, unplaced)         0.048     0.086    u_Hybrid_LHT_Accumulator/HDL_Counter_out1_reg_n_0_[5]
                         LUT5 (Prop_LUT5_I1_O)        0.014     0.100 r  u_Hybrid_LHT_Accumulator/HDL_Counter_out1[5]_i_1/O
                         net (fo=1, unplaced)         0.016     0.116    u_Hybrid_LHT_Accumulator/HDL_Counter_out1[5]_i_1_n_0
                         FDCE                                         r  u_Hybrid_LHT_Accumulator/HDL_Counter_out1_reg[5]/D
  -------------------------------------------------------------------    -------------------

                         (clock MWCLK rise edge)      0.000     0.000 r  
                                                      0.000     0.000 r  clk (IN)
                         net (fo=8982, unset)         0.000     0.000    u_Hybrid_LHT_Accumulator/clk
                         FDCE                                         r  u_Hybrid_LHT_Accumulator/HDL_Counter_out1_reg[5]/C
                         clock pessimism              0.000     0.000    
                         FDCE (Hold_FDCE_C_D)         0.046     0.046    u_Hybrid_LHT_Accumulator/HDL_Counter_out1_reg[5]
  -------------------------------------------------------------------
                         required time                         -0.046    
                         arrival time                           0.116    
  -------------------------------------------------------------------
                         slack                                  0.070    

Slack (MET) :             0.070ns  (arrival time - required time)
  Source:                 u_Hybrid_LHT_Accumulator/HDL_Counter_out1_reg[5]/C
                            (rising edge-triggered cell FDCE clocked by MWCLK  {rise@0.000ns fall@4.167ns period=8.333ns})
  Destination:            u_Hybrid_LHT_Accumulator/HDL_Counter_out1_reg[5]/D
                            (rising edge-triggered cell FDCE clocked by MWCLK  {rise@0.000ns fall@4.167ns period=8.333ns})
  Path Group:             MWCLK
  Path Type:              Hold (Min at Fast Process Corner)
  Requirement:            0.000ns  (MWCLK rise@0.000ns - MWCLK rise@0.000ns)
  Data Path Delay:        0.116ns  (logic 0.052ns (44.828%)  route 0.064ns (55.172%))
  Logic Levels:           1  (LUT5=1)

    Location             Delay type                Incr(ns)  Path(ns)    Netlist Resource(s)
  -------------------------------------------------------------------    -------------------
                         (clock MWCLK rise edge)      0.000     0.000 r  
                                                      0.000     0.000 r  clk (IN)
                         net (fo=8982, unset)         0.000     0.000    u_Hybrid_LHT_Accumulator/clk
                         FDCE                                         r  u_Hybrid_LHT_Accumulator/HDL_Counter_out1_reg[5]/C
  -------------------------------------------------------------------    -------------------
                         FDCE (Prop_FDCE_C_Q)         0.038     0.038 f  u_Hybrid_LHT_Accumulator/HDL_Counter_out1_reg[5]/Q
                         net (fo=3, unplaced)         0.048     0.086    u_Hybrid_LHT_Accumulator/HDL_Counter_out1_reg_n_0_[5]
                         LUT5 (Prop_LUT5_I1_O)        0.014     0.100 r  u_Hybrid_LHT_Accumulator/HDL_Counter_out1[5]_i_1/O
                         net (fo=1, unplaced)         0.016     0.116    u_Hybrid_LHT_Accumulator/HDL_Counter_out1[5]_i_1_n_0
                         FDCE                                         r  u_Hybrid_LHT_Accumulator/HDL_Counter_out1_reg[5]/D
  -------------------------------------------------------------------    -------------------

                         (clock MWCLK rise edge)      0.000     0.000 r  
                                                      0.000     0.000 r  clk (IN)
                         net (fo=8982, unset)         0.000     0.000    u_Hybrid_LHT_Accumulator/clk
                         FDCE                                         r  u_Hybrid_LHT_Accumulator/HDL_Counter_out1_reg[5]/C
                         clock pessimism              0.000     0.000    
                         FDCE (Hold_FDCE_C_D)         0.046     0.046    u_Hybrid_LHT_Accumulator/HDL_Counter_out1_reg[5]
  -------------------------------------------------------------------
                         required time                         -0.046    
                         arrival time                           0.116    
  -------------------------------------------------------------------
                         slack                                  0.070    

Slack (MET) :             0.070ns  (arrival time - required time)
  Source:                 u_Hybrid_LHT_Accumulator/HDL_Counter_out1_reg[5]/C
                            (rising edge-triggered cell FDCE clocked by MWCLK  {rise@0.000ns fall@4.167ns period=8.333ns})
  Destination:            u_Hybrid_LHT_Accumulator/HDL_Counter_out1_reg[5]/D
                            (rising edge-triggered cell FDCE clocked by MWCLK  {rise@0.000ns fall@4.167ns period=8.333ns})
  Path Group:             MWCLK
  Path Type:              Hold (Min at Fast Process Corner)
  Requirement:            0.000ns  (MWCLK rise@0.000ns - MWCLK rise@0.000ns)
  Data Path Delay:        0.116ns  (logic 0.052ns (44.828%)  route 0.064ns (55.172%))
  Logic Levels:           1  (LUT5=1)

    Location             Delay type                Incr(ns)  Path(ns)    Netlist Resource(s)
  -------------------------------------------------------------------    -------------------
                         (clock MWCLK rise edge)      0.000     0.000 r  
                                                      0.000     0.000 r  clk (IN)
                         net (fo=8982, unset)         0.000     0.000    u_Hybrid_LHT_Accumulator/clk
                         FDCE                                         r  u_Hybrid_LHT_Accumulator/HDL_Counter_out1_reg[5]/C
  -------------------------------------------------------------------    -------------------
                         FDCE (Prop_FDCE_C_Q)         0.038     0.038 r  u_Hybrid_LHT_Accumulator/HDL_Counter_out1_reg[5]/Q
                         net (fo=3, unplaced)         0.048     0.086    u_Hybrid_LHT_Accumulator/HDL_Counter_out1_reg_n_0_[5]
                         LUT5 (Prop_LUT5_I1_O)        0.014     0.100 f  u_Hybrid_LHT_Accumulator/HDL_Counter_out1[5]_i_1/O
                         net (fo=1, unplaced)         0.016     0.116    u_Hybrid_LHT_Accumulator/HDL_Counter_out1[5]_i_1_n_0
                         FDCE                                         f  u_Hybrid_LHT_Accumulator/HDL_Counter_out1_reg[5]/D
  -------------------------------------------------------------------    -------------------

                         (clock MWCLK rise edge)      0.000     0.000 r  
                                                      0.000     0.000 r  clk (IN)
                         net (fo=8982, unset)         0.000     0.000    u_Hybrid_LHT_Accumulator/clk
                         FDCE                                         r  u_Hybrid_LHT_Accumulator/HDL_Counter_out1_reg[5]/C
                         clock pessimism              0.000     0.000    
                         FDCE (Hold_FDCE_C_D)         0.046     0.046    u_Hybrid_LHT_Accumulator/HDL_Counter_out1_reg[5]
  -------------------------------------------------------------------
                         required time                         -0.046    
                         arrival time                           0.116    
  -------------------------------------------------------------------
                         slack                                  0.070    





Pulse Width Checks
--------------------------------------------------------------------------------------
Clock Name:         MWCLK
Waveform(ns):       { 0.000 4.167 }
Period(ns):         8.333
Sources:            { clk }

Check Type        Corner  Lib Pin             Reference Pin  Required(ns)  Actual(ns)  Slack(ns)  Location  Pin
Min Period        n/a     RAMB36E2/CLKARDCLK  n/a            1.569         8.333       6.764                u_Hybrid_LHT_Accumulator/u_Accumulator_with_Switches/GEN_LABEL[34].u_Accumulator/u_Block_RAM/u_Simple_Dual_Port_RAM_Generator/u_simple_ram_0/ram_reg_bram_0/CLKARDCLK
Min Period        n/a     RAMB36E2/CLKARDCLK  n/a            1.569         8.333       6.764                u_Hybrid_LHT_Accumulator/u_Accumulator_with_Switches/GEN_LABEL[6].u_Accumulator/u_Block_RAM/u_Simple_Dual_Port_RAM_Generator/u_simple_ram_0/ram_reg_bram_0/CLKARDCLK
Min Period        n/a     RAMB18E2/CLKARDCLK  n/a            1.569         8.333       6.764                u_Hybrid_LHT_Accumulator/u_Accumulator_with_Switches/GEN_LABEL[34].u_Accumulator/u_Block_RAM/u_Simple_Dual_Port_RAM_Generator/u_simple_ram_1/ram_reg/CLKARDCLK
Low Pulse Width   Slow    RAMB36E2/CLKARDCLK  n/a            0.542         4.167       3.625                u_Hybrid_LHT_Accumulator/u_Accumulator_with_Switches/GEN_LABEL[34].u_Accumulator/u_Block_RAM/u_Simple_Dual_Port_RAM_Generator/u_simple_ram_0/ram_reg_bram_0/CLKARDCLK
Low Pulse Width   Fast    RAMB36E2/CLKARDCLK  n/a            0.542         4.167       3.625                u_Hybrid_LHT_Accumulator/u_Accumulator_with_Switches/GEN_LABEL[34].u_Accumulator/u_Block_RAM/u_Simple_Dual_Port_RAM_Generator/u_simple_ram_0/ram_reg_bram_0/CLKARDCLK
Low Pulse Width   Slow    RAMB36E2/CLKBWRCLK  n/a            0.542         4.167       3.625                u_Hybrid_LHT_Accumulator/u_Accumulator_with_Switches/GEN_LABEL[34].u_Accumulator/u_Block_RAM/u_Simple_Dual_Port_RAM_Generator/u_simple_ram_0/ram_reg_bram_0/CLKBWRCLK
High Pulse Width  Slow    RAMB36E2/CLKARDCLK  n/a            0.542         4.167       3.625                u_Hybrid_LHT_Accumulator/u_Accumulator_with_Switches/GEN_LABEL[34].u_Accumulator/u_Block_RAM/u_Simple_Dual_Port_RAM_Generator/u_simple_ram_0/ram_reg_bram_0/CLKARDCLK
High Pulse Width  Fast    RAMB36E2/CLKARDCLK  n/a            0.542         4.167       3.625                u_Hybrid_LHT_Accumulator/u_Accumulator_with_Switches/GEN_LABEL[34].u_Accumulator/u_Block_RAM/u_Simple_Dual_Port_RAM_Generator/u_simple_ram_0/ram_reg_bram_0/CLKARDCLK
High Pulse Width  Slow    RAMB36E2/CLKBWRCLK  n/a            0.542         4.167       3.625                u_Hybrid_LHT_Accumulator/u_Accumulator_with_Switches/GEN_LABEL[34].u_Accumulator/u_Block_RAM/u_Simple_Dual_Port_RAM_Generator/u_simple_ram_0/ram_reg_bram_0/CLKBWRCLK



--------------------------------------------------------------------------------------
Path Group:  (none)
From Clock:  
  To Clock:  

Max Delay             1 Endpoint
Min Delay             1 Endpoint
--------------------------------------------------------------------------------------


Max Delay Paths
--------------------------------------------------------------------------------------
Slack:                    inf
  Source:                 clk_enable
                            (input port)
  Destination:            ce_out
                            (output port)
  Path Group:             (none)
  Path Type:              Max at Slow Process Corner
  Data Path Delay:        0.000ns  (logic 0.000ns (0.000%)  route 0.000ns (0.000%))
  Logic Levels:           0  

    Location             Delay type                Incr(ns)  Path(ns)    Netlist Resource(s)
  -------------------------------------------------------------------    -------------------
                                                      0.000     0.000 r  clk_enable (IN)
                         net (fo=7252, unset)         0.000     0.000    clk_enable
                                                                      r  ce_out (OUT)
  -------------------------------------------------------------------    -------------------

Slack:                    inf
  Source:                 clk_enable
                            (input port)
  Destination:            ce_out
                            (output port)
  Path Group:             (none)
  Path Type:              Max at Fast Process Corner
  Data Path Delay:        0.000ns  (logic 0.000ns (0.000%)  route 0.000ns (0.000%))
  Logic Levels:           0  

    Location             Delay type                Incr(ns)  Path(ns)    Netlist Resource(s)
  -------------------------------------------------------------------    -------------------
                                                      0.000     0.000 r  clk_enable (IN)
                         net (fo=7252, unset)         0.000     0.000    clk_enable
                                                                      r  ce_out (OUT)
  -------------------------------------------------------------------    -------------------

Slack:                    inf
  Source:                 clk_enable
                            (input port)
  Destination:            ce_out
                            (output port)
  Path Group:             (none)
  Path Type:              Max at Slow Process Corner
  Data Path Delay:        0.000ns  (logic 0.000ns (0.000%)  route 0.000ns (0.000%))
  Logic Levels:           0  

    Location             Delay type                Incr(ns)  Path(ns)    Netlist Resource(s)
  -------------------------------------------------------------------    -------------------
                                                      0.000     0.000 f  clk_enable (IN)
                         net (fo=7252, unset)         0.000     0.000    clk_enable
                                                                      f  ce_out (OUT)
  -------------------------------------------------------------------    -------------------





Min Delay Paths
--------------------------------------------------------------------------------------
Slack:                    inf
  Source:                 clk_enable
                            (input port)
  Destination:            ce_out
                            (output port)
  Path Group:             (none)
  Path Type:              Min at Slow Process Corner
  Data Path Delay:        0.000ns  (logic 0.000ns (0.000%)  route 0.000ns (0.000%))
  Logic Levels:           0  

    Location             Delay type                Incr(ns)  Path(ns)    Netlist Resource(s)
  -------------------------------------------------------------------    -------------------
                                                      0.000     0.000 r  clk_enable (IN)
                         net (fo=7252, unset)         0.000     0.000    clk_enable
                                                                      r  ce_out (OUT)
  -------------------------------------------------------------------    -------------------

Slack:                    inf
  Source:                 clk_enable
                            (input port)
  Destination:            ce_out
                            (output port)
  Path Group:             (none)
  Path Type:              Min at Fast Process Corner
  Data Path Delay:        0.000ns  (logic 0.000ns (0.000%)  route 0.000ns (0.000%))
  Logic Levels:           0  

    Location             Delay type                Incr(ns)  Path(ns)    Netlist Resource(s)
  -------------------------------------------------------------------    -------------------
                                                      0.000     0.000 r  clk_enable (IN)
                         net (fo=7252, unset)         0.000     0.000    clk_enable
                                                                      r  ce_out (OUT)
  -------------------------------------------------------------------    -------------------

Slack:                    inf
  Source:                 clk_enable
                            (input port)
  Destination:            ce_out
                            (output port)
  Path Group:             (none)
  Path Type:              Min at Slow Process Corner
  Data Path Delay:        0.000ns  (logic 0.000ns (0.000%)  route 0.000ns (0.000%))
  Logic Levels:           0  

    Location             Delay type                Incr(ns)  Path(ns)    Netlist Resource(s)
  -------------------------------------------------------------------    -------------------
                                                      0.000     0.000 f  clk_enable (IN)
                         net (fo=7252, unset)         0.000     0.000    clk_enable
                                                                      f  ce_out (OUT)
  -------------------------------------------------------------------    -------------------





--------------------------------------------------------------------------------------
Path Group:  (none)
From Clock:  MWCLK
  To Clock:  

Max Delay            14 Endpoints
Min Delay            14 Endpoints
--------------------------------------------------------------------------------------


Max Delay Paths
--------------------------------------------------------------------------------------
Slack:                    inf
  Source:                 u_Hybrid_LHT_Accumulator/u_Accumulator_with_Switches/GEN_LABEL[57].u_Accumulator/u_Block_RAM/u_Simple_Dual_Port_RAM_Generator/u_simple_ram_0/ram_reg_bram_0/CLKBWRCLK
                            (rising edge-triggered cell RAMB36E2 clocked by MWCLK  {rise@0.000ns fall@4.167ns period=8.333ns})
  Destination:            m_axis_tdata[9]
                            (output port)
  Path Group:             (none)
  Path Type:              Max at Slow Process Corner
  Data Path Delay:        2.910ns  (logic 1.249ns (42.921%)  route 1.661ns (57.079%))
  Logic Levels:           9  (LUT3=1 LUT5=2 LUT6=6)
  Clock Uncertainty:      0.025ns  ((TSJ^2 + TIJ^2)^1/2 + DJ) / 2 + PE
    Total System Jitter     (TSJ):    0.050ns
    Total Input Jitter      (TIJ):    0.000ns
    Discrete Jitter          (DJ):    0.000ns
    Phase Error              (PE):    0.000ns

    Location             Delay type                Incr(ns)  Path(ns)    Netlist Resource(s)
  -------------------------------------------------------------------    -------------------
                         (clock MWCLK rise edge)      0.000     0.000 r  
                                                      0.000     0.000 r  clk (IN)
                         net (fo=8982, unset)         0.000     0.000    u_Hybrid_LHT_Accumulator/u_Accumulator_with_Switches/GEN_LABEL[57].u_Accumulator/u_Block_RAM/u_Simple_Dual_Port_RAM_Generator/u_simple_ram_0/clk
                         RAMB36E2                                     r  u_Hybrid_LHT_Accumulator/u_Accumulator_with_Switches/GEN_LABEL[57].u_Accumulator/u_Block_RAM/u_Simple_Dual_Port_RAM_Generator/u_simple_ram_0/ram_reg_bram_0/CLKBWRCLK
  -------------------------------------------------------------------    -------------------
                         RAMB36E2 (Prop_RAMB36E2_CLKBWRCLK_DOUTBDOUT[10])
                                                      0.875     0.875 r  u_Hybrid_LHT_Accumulator/u_Accumulator_with_Switches/GEN_LABEL[57].u_Accumulator/u_Block_RAM/u_Simple_Dual_Port_RAM_Generator/u_simple_ram_0/ram_reg_bram_0/DOUTBDOUT[10]
                         net (fo=2, unplaced)         0.195     1.070    u_Hybrid_LHT_Accumulator/u_Accumulator_with_Switches/GEN_LABEL[57].u_Accumulator/u_Block_RAM/u_Simple_Dual_Port_RAM_Generator/u_simple_ram_0/rd_dout[10]
                         LUT6 (Prop_LUT6_I3_O)        0.038     1.108 r  u_Hybrid_LHT_Accumulator/u_Accumulator_with_Switches/GEN_LABEL[57].u_Accumulator/u_Block_RAM/u_Simple_Dual_Port_RAM_Generator/u_simple_ram_0/m_axis_tdata[8]_INST_0_i_289/O
                         net (fo=1, unplaced)         0.185     1.293    u_Hybrid_LHT_Accumulator/u_Accumulator_with_Switches/GEN_LABEL[57].u_Accumulator/u_Block_RAM/u_Simple_Dual_Port_RAM_Generator/u_simple_ram_0/m_axis_tdata[8]_INST_0_i_289_n_0
                         LUT6 (Prop_LUT6_I3_O)        0.038     1.331 r  u_Hybrid_LHT_Accumulator/u_Accumulator_with_Switches/GEN_LABEL[57].u_Accumulator/u_Block_RAM/u_Simple_Dual_Port_RAM_Generator/u_simple_ram_0/m_axis_tdata[8]_INST_0_i_174/O
                         net (fo=3, unplaced)         0.191     1.522    u_Hybrid_LHT_Accumulator/u_Accumulator_with_Switches/GEN_LABEL[57].u_Accumulator/u_Block_RAM/u_Simple_Dual_Port_RAM_Generator/u_simple_ram_1/m_axis_tdata[5]_INST_0_i_36_1
                         LUT6 (Prop_LUT6_I5_O)        0.038     1.560 r  u_Hybrid_LHT_Accumulator/u_Accumulator_with_Switches/GEN_LABEL[57].u_Accumulator/u_Block_RAM/u_Simple_Dual_Port_RAM_Generator/u_simple_ram_1/m_axis_tdata[8]_INST_0_i_94/O
                         net (fo=3, unplaced)         0.191     1.751    u_Hybrid_LHT_Accumulator/u_Accumulator_with_Switches/GEN_LABEL[57].u_Accumulator/u_Block_RAM/u_Simple_Dual_Port_RAM_Generator/u_simple_ram_1/m_axis_tdata[8]_INST_0_i_94_n_0
                         LUT5 (Prop_LUT5_I4_O)        0.038     1.789 r  u_Hybrid_LHT_Accumulator/u_Accumulator_with_Switches/GEN_LABEL[57].u_Accumulator/u_Block_RAM/u_Simple_Dual_Port_RAM_Generator/u_simple_ram_1/ram_reg_bram_0_i_246__53/O
                         net (fo=2, unplaced)         0.185     1.974    u_Hybrid_LHT_Accumulator/u_Accumulator_with_Switches/GEN_LABEL[57].u_Accumulator/u_Block_RAM/u_Simple_Dual_Port_RAM_Generator/u_simple_ram_1/ram_reg_bram_0_i_246__53_n_0
                         LUT5 (Prop_LUT5_I3_O)        0.038     2.012 r  u_Hybrid_LHT_Accumulator/u_Accumulator_with_Switches/GEN_LABEL[57].u_Accumulator/u_Block_RAM/u_Simple_Dual_Port_RAM_Generator/u_simple_ram_1/ram_reg_bram_0_i_184__55/O
                         net (fo=6, unplaced)         0.207     2.219    u_Hybrid_LHT_Accumulator/u_Accumulator_with_Switches/GEN_LABEL[57].u_Accumulator/u_Block_RAM/u_Simple_Dual_Port_RAM_Generator/u_simple_ram_1/hps2_out[9]
                         LUT3 (Prop_LUT3_I0_O)        0.070     2.289 r  u_Hybrid_LHT_Accumulator/u_Accumulator_with_Switches/GEN_LABEL[57].u_Accumulator/u_Block_RAM/u_Simple_Dual_Port_RAM_Generator/u_simple_ram_1/m_axis_tdata[9]_INST_0_i_15/O
                         net (fo=1, unplaced)         0.185     2.474    u_Hybrid_LHT_Accumulator/u_Accumulator_with_Switches/GEN_LABEL[59].u_Accumulator/u_Block_RAM/u_Simple_Dual_Port_RAM_Generator/u_simple_ram_0/m_axis_tdata[9]_INST_0_i_2_0
                         LUT6 (Prop_LUT6_I5_O)        0.038     2.512 r  u_Hybrid_LHT_Accumulator/u_Accumulator_with_Switches/GEN_LABEL[59].u_Accumulator/u_Block_RAM/u_Simple_Dual_Port_RAM_Generator/u_simple_ram_0/m_axis_tdata[9]_INST_0_i_5/O
                         net (fo=1, unplaced)         0.185     2.697    u_Hybrid_LHT_Accumulator/u_Accumulator_with_Switches/GEN_LABEL[59].u_Accumulator/u_Block_RAM/u_Simple_Dual_Port_RAM_Generator/u_simple_ram_0/m_axis_tdata[9]_INST_0_i_5_n_0
                         LUT6 (Prop_LUT6_I0_O)        0.038     2.735 r  u_Hybrid_LHT_Accumulator/u_Accumulator_with_Switches/GEN_LABEL[59].u_Accumulator/u_Block_RAM/u_Simple_Dual_Port_RAM_Generator/u_simple_ram_0/m_axis_tdata[9]_INST_0_i_2/O
                         net (fo=1, unplaced)         0.137     2.872    u_Hybrid_LHT_Accumulator/u_Accumulator_with_Switches/GEN_LABEL[59].u_Accumulator/u_Block_RAM/u_Simple_Dual_Port_RAM_Generator/u_simple_ram_0/m_axis_tdata[9]_INST_0_i_2_n_0
                         LUT6 (Prop_LUT6_I1_O)        0.038     2.910 r  u_Hybrid_LHT_Accumulator/u_Accumulator_with_Switches/GEN_LABEL[59].u_Accumulator/u_Block_RAM/u_Simple_Dual_Port_RAM_Generator/u_simple_ram_0/m_axis_tdata[9]_INST_0/O
                         net (fo=0)                   0.000     2.910    m_axis_tdata[9]
                                                                      r  m_axis_tdata[9] (OUT)
  -------------------------------------------------------------------    -------------------

Slack:                    inf
  Source:                 u_Hybrid_LHT_Accumulator/u_Accumulator_with_Switches/GEN_LABEL[57].u_Accumulator/u_Block_RAM/u_Simple_Dual_Port_RAM_Generator/u_simple_ram_0/ram_reg_bram_0/CLKBWRCLK
                            (rising edge-triggered cell RAMB36E2 clocked by MWCLK  {rise@0.000ns fall@4.167ns period=8.333ns})
  Destination:            m_axis_tdata[9]
                            (output port)
  Path Group:             (none)
  Path Type:              Max at Slow Process Corner
  Data Path Delay:        2.910ns  (logic 1.249ns (42.921%)  route 1.661ns (57.079%))
  Logic Levels:           9  (LUT3=1 LUT5=2 LUT6=6)
  Clock Uncertainty:      0.025ns  ((TSJ^2 + TIJ^2)^1/2 + DJ) / 2 + PE
    Total System Jitter     (TSJ):    0.050ns
    Total Input Jitter      (TIJ):    0.000ns
    Discrete Jitter          (DJ):    0.000ns
    Phase Error              (PE):    0.000ns

    Location             Delay type                Incr(ns)  Path(ns)    Netlist Resource(s)
  -------------------------------------------------------------------    -------------------
                         (clock MWCLK rise edge)      0.000     0.000 r  
                                                      0.000     0.000 r  clk (IN)
                         net (fo=8982, unset)         0.000     0.000    u_Hybrid_LHT_Accumulator/u_Accumulator_with_Switches/GEN_LABEL[57].u_Accumulator/u_Block_RAM/u_Simple_Dual_Port_RAM_Generator/u_simple_ram_0/clk
                         RAMB36E2                                     r  u_Hybrid_LHT_Accumulator/u_Accumulator_with_Switches/GEN_LABEL[57].u_Accumulator/u_Block_RAM/u_Simple_Dual_Port_RAM_Generator/u_simple_ram_0/ram_reg_bram_0/CLKBWRCLK
  -------------------------------------------------------------------    -------------------
                         RAMB36E2 (Prop_RAMB36E2_CLKBWRCLK_DOUTBDOUT[10])
                                                      0.875     0.875 f  u_Hybrid_LHT_Accumulator/u_Accumulator_with_Switches/GEN_LABEL[57].u_Accumulator/u_Block_RAM/u_Simple_Dual_Port_RAM_Generator/u_simple_ram_0/ram_reg_bram_0/DOUTBDOUT[10]
                         net (fo=2, unplaced)         0.195     1.070    u_Hybrid_LHT_Accumulator/u_Accumulator_with_Switches/GEN_LABEL[57].u_Accumulator/u_Block_RAM/u_Simple_Dual_Port_RAM_Generator/u_simple_ram_0/rd_dout[10]
                         LUT6 (Prop_LUT6_I3_O)        0.038     1.108 f  u_Hybrid_LHT_Accumulator/u_Accumulator_with_Switches/GEN_LABEL[57].u_Accumulator/u_Block_RAM/u_Simple_Dual_Port_RAM_Generator/u_simple_ram_0/m_axis_tdata[8]_INST_0_i_289/O
                         net (fo=1, unplaced)         0.185     1.293    u_Hybrid_LHT_Accumulator/u_Accumulator_with_Switches/GEN_LABEL[57].u_Accumulator/u_Block_RAM/u_Simple_Dual_Port_RAM_Generator/u_simple_ram_0/m_axis_tdata[8]_INST_0_i_289_n_0
                         LUT6 (Prop_LUT6_I3_O)        0.038     1.331 f  u_Hybrid_LHT_Accumulator/u_Accumulator_with_Switches/GEN_LABEL[57].u_Accumulator/u_Block_RAM/u_Simple_Dual_Port_RAM_Generator/u_simple_ram_0/m_axis_tdata[8]_INST_0_i_174/O
                         net (fo=3, unplaced)         0.191     1.522    u_Hybrid_LHT_Accumulator/u_Accumulator_with_Switches/GEN_LABEL[57].u_Accumulator/u_Block_RAM/u_Simple_Dual_Port_RAM_Generator/u_simple_ram_1/m_axis_tdata[5]_INST_0_i_36_1
                         LUT6 (Prop_LUT6_I5_O)        0.038     1.560 f  u_Hybrid_LHT_Accumulator/u_Accumulator_with_Switches/GEN_LABEL[57].u_Accumulator/u_Block_RAM/u_Simple_Dual_Port_RAM_Generator/u_simple_ram_1/m_axis_tdata[8]_INST_0_i_94/O
                         net (fo=3, unplaced)         0.191     1.751    u_Hybrid_LHT_Accumulator/u_Accumulator_with_Switches/GEN_LABEL[57].u_Accumulator/u_Block_RAM/u_Simple_Dual_Port_RAM_Generator/u_simple_ram_1/m_axis_tdata[8]_INST_0_i_94_n_0
                         LUT5 (Prop_LUT5_I4_O)        0.038     1.789 f  u_Hybrid_LHT_Accumulator/u_Accumulator_with_Switches/GEN_LABEL[57].u_Accumulator/u_Block_RAM/u_Simple_Dual_Port_RAM_Generator/u_simple_ram_1/ram_reg_bram_0_i_246__53/O
                         net (fo=2, unplaced)         0.185     1.974    u_Hybrid_LHT_Accumulator/u_Accumulator_with_Switches/GEN_LABEL[57].u_Accumulator/u_Block_RAM/u_Simple_Dual_Port_RAM_Generator/u_simple_ram_1/ram_reg_bram_0_i_246__53_n_0
                         LUT5 (Prop_LUT5_I3_O)        0.038     2.012 f  u_Hybrid_LHT_Accumulator/u_Accumulator_with_Switches/GEN_LABEL[57].u_Accumulator/u_Block_RAM/u_Simple_Dual_Port_RAM_Generator/u_simple_ram_1/ram_reg_bram_0_i_184__55/O
                         net (fo=6, unplaced)         0.207     2.219    u_Hybrid_LHT_Accumulator/u_Accumulator_with_Switches/GEN_LABEL[57].u_Accumulator/u_Block_RAM/u_Simple_Dual_Port_RAM_Generator/u_simple_ram_1/hps2_out[9]
                         LUT3 (Prop_LUT3_I0_O)        0.070     2.289 f  u_Hybrid_LHT_Accumulator/u_Accumulator_with_Switches/GEN_LABEL[57].u_Accumulator/u_Block_RAM/u_Simple_Dual_Port_RAM_Generator/u_simple_ram_1/m_axis_tdata[9]_INST_0_i_15/O
                         net (fo=1, unplaced)         0.185     2.474    u_Hybrid_LHT_Accumulator/u_Accumulator_with_Switches/GEN_LABEL[59].u_Accumulator/u_Block_RAM/u_Simple_Dual_Port_RAM_Generator/u_simple_ram_0/m_axis_tdata[9]_INST_0_i_2_0
                         LUT6 (Prop_LUT6_I5_O)        0.038     2.512 f  u_Hybrid_LHT_Accumulator/u_Accumulator_with_Switches/GEN_LABEL[59].u_Accumulator/u_Block_RAM/u_Simple_Dual_Port_RAM_Generator/u_simple_ram_0/m_axis_tdata[9]_INST_0_i_5/O
                         net (fo=1, unplaced)         0.185     2.697    u_Hybrid_LHT_Accumulator/u_Accumulator_with_Switches/GEN_LABEL[59].u_Accumulator/u_Block_RAM/u_Simple_Dual_Port_RAM_Generator/u_simple_ram_0/m_axis_tdata[9]_INST_0_i_5_n_0
                         LUT6 (Prop_LUT6_I0_O)        0.038     2.735 f  u_Hybrid_LHT_Accumulator/u_Accumulator_with_Switches/GEN_LABEL[59].u_Accumulator/u_Block_RAM/u_Simple_Dual_Port_RAM_Generator/u_simple_ram_0/m_axis_tdata[9]_INST_0_i_2/O
                         net (fo=1, unplaced)         0.137     2.872    u_Hybrid_LHT_Accumulator/u_Accumulator_with_Switches/GEN_LABEL[59].u_Accumulator/u_Block_RAM/u_Simple_Dual_Port_RAM_Generator/u_simple_ram_0/m_axis_tdata[9]_INST_0_i_2_n_0
                         LUT6 (Prop_LUT6_I1_O)        0.038     2.910 f  u_Hybrid_LHT_Accumulator/u_Accumulator_with_Switches/GEN_LABEL[59].u_Accumulator/u_Block_RAM/u_Simple_Dual_Port_RAM_Generator/u_simple_ram_0/m_axis_tdata[9]_INST_0/O
                         net (fo=0)                   0.000     2.910    m_axis_tdata[9]
                                                                      f  m_axis_tdata[9] (OUT)
  -------------------------------------------------------------------    -------------------

Slack:                    inf
  Source:                 u_Hybrid_LHT_Accumulator/u_Accumulator_with_Switches/GEN_LABEL[57].u_Accumulator/u_Block_RAM/u_Simple_Dual_Port_RAM_Generator/u_simple_ram_0/ram_reg_bram_0/CLKBWRCLK
                            (rising edge-triggered cell RAMB36E2 clocked by MWCLK  {rise@0.000ns fall@4.167ns period=8.333ns})
  Destination:            m_axis_tdata[9]
                            (output port)
  Path Group:             (none)
  Path Type:              Max at Slow Process Corner
  Data Path Delay:        2.906ns  (logic 1.340ns (46.111%)  route 1.566ns (53.889%))
  Logic Levels:           9  (LUT3=1 LUT4=1 LUT5=3 LUT6=4)
  Clock Uncertainty:      0.025ns  ((TSJ^2 + TIJ^2)^1/2 + DJ) / 2 + PE
    Total System Jitter     (TSJ):    0.050ns
    Total Input Jitter      (TIJ):    0.000ns
    Discrete Jitter          (DJ):    0.000ns
    Phase Error              (PE):    0.000ns

    Location             Delay type                Incr(ns)  Path(ns)    Netlist Resource(s)
  -------------------------------------------------------------------    -------------------
                         (clock MWCLK rise edge)      0.000     0.000 r  
                                                      0.000     0.000 r  clk (IN)
                         net (fo=8982, unset)         0.000     0.000    u_Hybrid_LHT_Accumulator/u_Accumulator_with_Switches/GEN_LABEL[57].u_Accumulator/u_Block_RAM/u_Simple_Dual_Port_RAM_Generator/u_simple_ram_0/clk
                         RAMB36E2                                     r  u_Hybrid_LHT_Accumulator/u_Accumulator_with_Switches/GEN_LABEL[57].u_Accumulator/u_Block_RAM/u_Simple_Dual_Port_RAM_Generator/u_simple_ram_0/ram_reg_bram_0/CLKBWRCLK
  -------------------------------------------------------------------    -------------------
                         RAMB36E2 (Prop_RAMB36E2_CLKBWRCLK_DOUTPBDOUTP[0])
                                                      0.882     0.882 r  u_Hybrid_LHT_Accumulator/u_Accumulator_with_Switches/GEN_LABEL[57].u_Accumulator/u_Block_RAM/u_Simple_Dual_Port_RAM_Generator/u_simple_ram_0/ram_reg_bram_0/DOUTPBDOUTP[0]
                         net (fo=1, unplaced)         0.142     1.024    u_Hybrid_LHT_Accumulator/u_Accumulator_with_Switches/GEN_LABEL[57].u_Accumulator/u_Block_RAM/u_Simple_Dual_Port_RAM_Generator/u_simple_ram_1/rd_dout[32]
                         LUT5 (Prop_LUT5_I2_O)        0.090     1.114 r  u_Hybrid_LHT_Accumulator/u_Accumulator_with_Switches/GEN_LABEL[57].u_Accumulator/u_Block_RAM/u_Simple_Dual_Port_RAM_Generator/u_simple_ram_1/ram_reg_bram_0_i_197__55/O
                         net (fo=4, unplaced)         0.197     1.311    u_Hybrid_LHT_Accumulator/u_Accumulator_with_Switches/GEN_LABEL[57].u_Accumulator/u_Block_RAM/u_Simple_Dual_Port_RAM_Generator/u_simple_ram_1/delay_out1_reg[0][3]
                         LUT4 (Prop_LUT4_I1_O)        0.070     1.381 r  u_Hybrid_LHT_Accumulator/u_Accumulator_with_Switches/GEN_LABEL[57].u_Accumulator/u_Block_RAM/u_Simple_Dual_Port_RAM_Generator/u_simple_ram_1/m_axis_tdata[8]_INST_0_i_175/O
                         net (fo=3, unplaced)         0.191     1.572    u_Hybrid_LHT_Accumulator/u_Accumulator_with_Switches/GEN_LABEL[57].u_Accumulator/u_Block_RAM/u_Simple_Dual_Port_RAM_Generator/u_simple_ram_1/m_axis_tdata[8]_INST_0_i_175_n_0
                         LUT6 (Prop_LUT6_I3_O)        0.038     1.610 r  u_Hybrid_LHT_Accumulator/u_Accumulator_with_Switches/GEN_LABEL[57].u_Accumulator/u_Block_RAM/u_Simple_Dual_Port_RAM_Generator/u_simple_ram_1/ram_reg_bram_0_i_250__53/O
                         net (fo=1, unplaced)         0.137     1.747    u_Hybrid_LHT_Accumulator/u_Accumulator_with_Switches/GEN_LABEL[57].u_Accumulator/u_Block_RAM/u_Simple_Dual_Port_RAM_Generator/u_simple_ram_1/ram_reg_bram_0_i_250__53_n_0
                         LUT5 (Prop_LUT5_I0_O)        0.038     1.785 r  u_Hybrid_LHT_Accumulator/u_Accumulator_with_Switches/GEN_LABEL[57].u_Accumulator/u_Block_RAM/u_Simple_Dual_Port_RAM_Generator/u_simple_ram_1/ram_reg_bram_0_i_246__53/O
                         net (fo=2, unplaced)         0.185     1.970    u_Hybrid_LHT_Accumulator/u_Accumulator_with_Switches/GEN_LABEL[57].u_Accumulator/u_Block_RAM/u_Simple_Dual_Port_RAM_Generator/u_simple_ram_1/ram_reg_bram_0_i_246__53_n_0
                         LUT5 (Prop_LUT5_I3_O)        0.038     2.008 r  u_Hybrid_LHT_Accumulator/u_Accumulator_with_Switches/GEN_LABEL[57].u_Accumulator/u_Block_RAM/u_Simple_Dual_Port_RAM_Generator/u_simple_ram_1/ram_reg_bram_0_i_184__55/O
                         net (fo=6, unplaced)         0.207     2.215    u_Hybrid_LHT_Accumulator/u_Accumulator_with_Switches/GEN_LABEL[57].u_Accumulator/u_Block_RAM/u_Simple_Dual_Port_RAM_Generator/u_simple_ram_1/hps2_out[9]
                         LUT3 (Prop_LUT3_I0_O)        0.070     2.285 r  u_Hybrid_LHT_Accumulator/u_Accumulator_with_Switches/GEN_LABEL[57].u_Accumulator/u_Block_RAM/u_Simple_Dual_Port_RAM_Generator/u_simple_ram_1/m_axis_tdata[9]_INST_0_i_15/O
                         net (fo=1, unplaced)         0.185     2.470    u_Hybrid_LHT_Accumulator/u_Accumulator_with_Switches/GEN_LABEL[59].u_Accumulator/u_Block_RAM/u_Simple_Dual_Port_RAM_Generator/u_simple_ram_0/m_axis_tdata[9]_INST_0_i_2_0
                         LUT6 (Prop_LUT6_I5_O)        0.038     2.508 r  u_Hybrid_LHT_Accumulator/u_Accumulator_with_Switches/GEN_LABEL[59].u_Accumulator/u_Block_RAM/u_Simple_Dual_Port_RAM_Generator/u_simple_ram_0/m_axis_tdata[9]_INST_0_i_5/O
                         net (fo=1, unplaced)         0.185     2.693    u_Hybrid_LHT_Accumulator/u_Accumulator_with_Switches/GEN_LABEL[59].u_Accumulator/u_Block_RAM/u_Simple_Dual_Port_RAM_Generator/u_simple_ram_0/m_axis_tdata[9]_INST_0_i_5_n_0
                         LUT6 (Prop_LUT6_I0_O)        0.038     2.731 r  u_Hybrid_LHT_Accumulator/u_Accumulator_with_Switches/GEN_LABEL[59].u_Accumulator/u_Block_RAM/u_Simple_Dual_Port_RAM_Generator/u_simple_ram_0/m_axis_tdata[9]_INST_0_i_2/O
                         net (fo=1, unplaced)         0.137     2.868    u_Hybrid_LHT_Accumulator/u_Accumulator_with_Switches/GEN_LABEL[59].u_Accumulator/u_Block_RAM/u_Simple_Dual_Port_RAM_Generator/u_simple_ram_0/m_axis_tdata[9]_INST_0_i_2_n_0
                         LUT6 (Prop_LUT6_I1_O)        0.038     2.906 r  u_Hybrid_LHT_Accumulator/u_Accumulator_with_Switches/GEN_LABEL[59].u_Accumulator/u_Block_RAM/u_Simple_Dual_Port_RAM_Generator/u_simple_ram_0/m_axis_tdata[9]_INST_0/O
                         net (fo=0)                   0.000     2.906    m_axis_tdata[9]
                                                                      r  m_axis_tdata[9] (OUT)
  -------------------------------------------------------------------    -------------------





Min Delay Paths
--------------------------------------------------------------------------------------
Slack:                    inf
  Source:                 delayMatch1_reg_reg[1]/C
                            (rising edge-triggered cell FDCE clocked by MWCLK  {rise@0.000ns fall@4.167ns period=8.333ns})
  Destination:            m_axis_tlast
                            (output port)
  Path Group:             (none)
  Path Type:              Min at Fast Process Corner
  Data Path Delay:        0.038ns  (logic 0.038ns (100.000%)  route 0.000ns (0.000%))
  Logic Levels:           0  
  Clock Uncertainty:      0.025ns  ((TSJ^2 + TIJ^2)^1/2 + DJ) / 2 + PE
    Total System Jitter     (TSJ):    0.050ns
    Total Input Jitter      (TIJ):    0.000ns
    Discrete Jitter          (DJ):    0.000ns
    Phase Error              (PE):    0.000ns

    Location             Delay type                Incr(ns)  Path(ns)    Netlist Resource(s)
  -------------------------------------------------------------------    -------------------
                         (clock MWCLK rise edge)      0.000     0.000 r  
                                                      0.000     0.000 r  clk (IN)
                         net (fo=8982, unset)         0.000     0.000    clk
                         FDCE                                         r  delayMatch1_reg_reg[1]/C
  -------------------------------------------------------------------    -------------------
                         FDCE (Prop_FDCE_C_Q)         0.038     0.038 r  delayMatch1_reg_reg[1]/Q
                         net (fo=0)                   0.000     0.038    m_axis_tlast
                                                                      r  m_axis_tlast (OUT)
  -------------------------------------------------------------------    -------------------

Slack:                    inf
  Source:                 delayMatch1_reg_reg[1]/C
                            (rising edge-triggered cell FDCE clocked by MWCLK  {rise@0.000ns fall@4.167ns period=8.333ns})
  Destination:            m_axis_tlast
                            (output port)
  Path Group:             (none)
  Path Type:              Min at Fast Process Corner
  Data Path Delay:        0.038ns  (logic 0.038ns (100.000%)  route 0.000ns (0.000%))
  Logic Levels:           0  
  Clock Uncertainty:      0.025ns  ((TSJ^2 + TIJ^2)^1/2 + DJ) / 2 + PE
    Total System Jitter     (TSJ):    0.050ns
    Total Input Jitter      (TIJ):    0.000ns
    Discrete Jitter          (DJ):    0.000ns
    Phase Error              (PE):    0.000ns

    Location             Delay type                Incr(ns)  Path(ns)    Netlist Resource(s)
  -------------------------------------------------------------------    -------------------
                         (clock MWCLK rise edge)      0.000     0.000 r  
                                                      0.000     0.000 r  clk (IN)
                         net (fo=8982, unset)         0.000     0.000    clk
                         FDCE                                         r  delayMatch1_reg_reg[1]/C
  -------------------------------------------------------------------    -------------------
                         FDCE (Prop_FDCE_C_Q)         0.038     0.038 f  delayMatch1_reg_reg[1]/Q
                         net (fo=0)                   0.000     0.038    m_axis_tlast
                                                                      f  m_axis_tlast (OUT)
  -------------------------------------------------------------------    -------------------

Slack:                    inf
  Source:                 delayMatch_reg_reg[1]/C
                            (rising edge-triggered cell FDCE clocked by MWCLK  {rise@0.000ns fall@4.167ns period=8.333ns})
  Destination:            m_axis_tvalid
                            (output port)
  Path Group:             (none)
  Path Type:              Min at Fast Process Corner
  Data Path Delay:        0.038ns  (logic 0.038ns (100.000%)  route 0.000ns (0.000%))
  Logic Levels:           0  
  Clock Uncertainty:      0.025ns  ((TSJ^2 + TIJ^2)^1/2 + DJ) / 2 + PE
    Total System Jitter     (TSJ):    0.050ns
    Total Input Jitter      (TIJ):    0.000ns
    Discrete Jitter          (DJ):    0.000ns
    Phase Error              (PE):    0.000ns

    Location             Delay type                Incr(ns)  Path(ns)    Netlist Resource(s)
  -------------------------------------------------------------------    -------------------
                         (clock MWCLK rise edge)      0.000     0.000 r  
                                                      0.000     0.000 r  clk (IN)
                         net (fo=8982, unset)         0.000     0.000    clk
                         FDCE                                         r  delayMatch_reg_reg[1]/C
  -------------------------------------------------------------------    -------------------
                         FDCE (Prop_FDCE_C_Q)         0.038     0.038 r  delayMatch_reg_reg[1]/Q
                         net (fo=0)                   0.000     0.038    m_axis_tvalid
                                                                      r  m_axis_tvalid (OUT)
  -------------------------------------------------------------------    -------------------





--------------------------------------------------------------------------------------
Path Group:  (none)
From Clock:  
  To Clock:  MWCLK

Max Delay         19011 Endpoints
Min Delay         19011 Endpoints
--------------------------------------------------------------------------------------


Max Delay Paths
--------------------------------------------------------------------------------------
Slack:                    inf
  Source:                 s_axis_tdata[6]
                            (input port)
  Destination:            u_Hybrid_LHT_Kernel/u_Gradient_Kernel_System/u_Hough_Kernel/u_Hough_Kernel/Selector_out1_60_reg[52][15]/D
                            (rising edge-triggered cell FDCE clocked by MWCLK  {rise@0.000ns fall@4.167ns period=8.333ns})
  Path Group:             (none)
  Path Type:              Setup (Max at Slow Process Corner)
  Data Path Delay:        1.070ns  (logic 0.408ns (38.131%)  route 0.662ns (61.869%))
  Logic Levels:           4  (LUT4=1 LUT5=1 LUT6=2)

    Location             Delay type                Incr(ns)  Path(ns)    Netlist Resource(s)
  -------------------------------------------------------------------    -------------------
                                                      0.000     0.000 r  s_axis_tdata[6] (IN)
                         net (fo=177, unset)          0.000     0.000    u_Hybrid_LHT_Kernel/u_Gradient_Kernel_System/u_Get_Index_and_Fix_Limits/s_axis_tdata[6]
                         LUT6 (Prop_LUT6_I0_O)        0.150     0.150 r  u_Hybrid_LHT_Kernel/u_Gradient_Kernel_System/u_Get_Index_and_Fix_Limits/delayMatch_1_reg_54[0][2]_i_1/O
                         net (fo=50, unplaced)        0.175     0.325    u_Hybrid_LHT_Kernel/u_Gradient_Kernel_System/u_Get_Index_and_Fix_Limits/s_axis_tdata[2]_3[0]
                         LUT6 (Prop_LUT6_I0_O)        0.150     0.475 r  u_Hybrid_LHT_Kernel/u_Gradient_Kernel_System/u_Get_Index_and_Fix_Limits/Add_out1_i_6__8/O
                         net (fo=49, unplaced)        0.254     0.729    u_Hybrid_LHT_Kernel/u_Gradient_Kernel_System/u_Get_Index_and_Fix_Limits/s_axis_tdata[1]_22[0]
                         LUT4 (Prop_LUT4_I2_O)        0.070     0.799 r  u_Hybrid_LHT_Kernel/u_Gradient_Kernel_System/u_Get_Index_and_Fix_Limits/Selector_out1_60[52][15]_i_2/O
                         net (fo=2, unplaced)         0.185     0.984    u_Hybrid_LHT_Kernel/u_Gradient_Kernel_System/u_Hough_Kernel/u_Hough_Kernel/Selector_out1_60_reg[52][15]_0
                         LUT5 (Prop_LUT5_I2_O)        0.038     1.022 r  u_Hybrid_LHT_Kernel/u_Gradient_Kernel_System/u_Hough_Kernel/u_Hough_Kernel/p_0_out_inferred__8/Selector_out1_60[52][15]_i_1/O
                         net (fo=1, unplaced)         0.048     1.070    u_Hybrid_LHT_Kernel/u_Gradient_Kernel_System/u_Hough_Kernel/u_Hough_Kernel/p_0_out_inferred__8/Selector_out1_60[52][15]_i_1_n_0
                         FDCE                                         r  u_Hybrid_LHT_Kernel/u_Gradient_Kernel_System/u_Hough_Kernel/u_Hough_Kernel/Selector_out1_60_reg[52][15]/D
  -------------------------------------------------------------------    -------------------

                         (clock MWCLK rise edge)      0.000     0.000 r  
                                                      0.000     0.000 r  clk (IN)
                         net (fo=8982, unset)         0.000     0.000    u_Hybrid_LHT_Kernel/u_Gradient_Kernel_System/u_Hough_Kernel/u_Hough_Kernel/clk
                         FDCE                                         r  u_Hybrid_LHT_Kernel/u_Gradient_Kernel_System/u_Hough_Kernel/u_Hough_Kernel/Selector_out1_60_reg[52][15]/C

Slack:                    inf
  Source:                 s_axis_tdata[6]
                            (input port)
  Destination:            u_Hybrid_LHT_Kernel/u_Gradient_Kernel_System/u_Hough_Kernel/u_Hough_Kernel/Selector_out1_60_reg[52][15]/D
                            (rising edge-triggered cell FDCE clocked by MWCLK  {rise@0.000ns fall@4.167ns period=8.333ns})
  Path Group:             (none)
  Path Type:              Setup (Max at Slow Process Corner)
  Data Path Delay:        1.070ns  (logic 0.408ns (38.131%)  route 0.662ns (61.869%))
  Logic Levels:           4  (LUT4=1 LUT5=1 LUT6=2)

    Location             Delay type                Incr(ns)  Path(ns)    Netlist Resource(s)
  -------------------------------------------------------------------    -------------------
                                                      0.000     0.000 r  s_axis_tdata[6] (IN)
                         net (fo=177, unset)          0.000     0.000    u_Hybrid_LHT_Kernel/u_Gradient_Kernel_System/u_Get_Index_and_Fix_Limits/s_axis_tdata[6]
                         LUT6 (Prop_LUT6_I0_O)        0.150     0.150 r  u_Hybrid_LHT_Kernel/u_Gradient_Kernel_System/u_Get_Index_and_Fix_Limits/delayMatch_1_reg_54[0][2]_i_1/O
                         net (fo=50, unplaced)        0.175     0.325    u_Hybrid_LHT_Kernel/u_Gradient_Kernel_System/u_Get_Index_and_Fix_Limits/s_axis_tdata[2]_3[0]
                         LUT6 (Prop_LUT6_I0_O)        0.150     0.475 r  u_Hybrid_LHT_Kernel/u_Gradient_Kernel_System/u_Get_Index_and_Fix_Limits/Add_out1_i_6__8/O
                         net (fo=49, unplaced)        0.254     0.729    u_Hybrid_LHT_Kernel/u_Gradient_Kernel_System/u_Get_Index_and_Fix_Limits/s_axis_tdata[1]_22[0]
                         LUT4 (Prop_LUT4_I2_O)        0.070     0.799 r  u_Hybrid_LHT_Kernel/u_Gradient_Kernel_System/u_Get_Index_and_Fix_Limits/Selector_out1_60[52][15]_i_2/O
                         net (fo=2, unplaced)         0.185     0.984    u_Hybrid_LHT_Kernel/u_Gradient_Kernel_System/u_Hough_Kernel/u_Hough_Kernel/Selector_out1_60_reg[52][15]_0
                         LUT5 (Prop_LUT5_I2_O)        0.038     1.022 r  u_Hybrid_LHT_Kernel/u_Gradient_Kernel_System/u_Hough_Kernel/u_Hough_Kernel/p_0_out_inferred__8/Selector_out1_60[52][15]_i_1/O
                         net (fo=1, unplaced)         0.048     1.070    u_Hybrid_LHT_Kernel/u_Gradient_Kernel_System/u_Hough_Kernel/u_Hough_Kernel/p_0_out_inferred__8/Selector_out1_60[52][15]_i_1_n_0
                         FDCE                                         r  u_Hybrid_LHT_Kernel/u_Gradient_Kernel_System/u_Hough_Kernel/u_Hough_Kernel/Selector_out1_60_reg[52][15]/D
  -------------------------------------------------------------------    -------------------

                         (clock MWCLK rise edge)      0.000     0.000 r  
                                                      0.000     0.000 r  clk (IN)
                         net (fo=8982, unset)         0.000     0.000    u_Hybrid_LHT_Kernel/u_Gradient_Kernel_System/u_Hough_Kernel/u_Hough_Kernel/clk
                         FDCE                                         r  u_Hybrid_LHT_Kernel/u_Gradient_Kernel_System/u_Hough_Kernel/u_Hough_Kernel/Selector_out1_60_reg[52][15]/C

Slack:                    inf
  Source:                 s_axis_tdata[6]
                            (input port)
  Destination:            u_Hybrid_LHT_Kernel/u_Gradient_Kernel_System/u_Hough_Kernel/u_Hough_Kernel/Selector_out1_60_reg[52][15]/D
                            (rising edge-triggered cell FDCE clocked by MWCLK  {rise@0.000ns fall@4.167ns period=8.333ns})
  Path Group:             (none)
  Path Type:              Setup (Max at Slow Process Corner)
  Data Path Delay:        1.070ns  (logic 0.408ns (38.131%)  route 0.662ns (61.869%))
  Logic Levels:           4  (LUT4=1 LUT5=1 LUT6=2)

    Location             Delay type                Incr(ns)  Path(ns)    Netlist Resource(s)
  -------------------------------------------------------------------    -------------------
                                                      0.000     0.000 f  s_axis_tdata[6] (IN)
                         net (fo=177, unset)          0.000     0.000    u_Hybrid_LHT_Kernel/u_Gradient_Kernel_System/u_Get_Index_and_Fix_Limits/s_axis_tdata[6]
                         LUT6 (Prop_LUT6_I0_O)        0.150     0.150 r  u_Hybrid_LHT_Kernel/u_Gradient_Kernel_System/u_Get_Index_and_Fix_Limits/delayMatch_1_reg_54[0][2]_i_1/O
                         net (fo=50, unplaced)        0.175     0.325    u_Hybrid_LHT_Kernel/u_Gradient_Kernel_System/u_Get_Index_and_Fix_Limits/s_axis_tdata[2]_3[0]
                         LUT6 (Prop_LUT6_I0_O)        0.150     0.475 r  u_Hybrid_LHT_Kernel/u_Gradient_Kernel_System/u_Get_Index_and_Fix_Limits/Add_out1_i_6__8/O
                         net (fo=49, unplaced)        0.254     0.729    u_Hybrid_LHT_Kernel/u_Gradient_Kernel_System/u_Get_Index_and_Fix_Limits/s_axis_tdata[1]_22[0]
                         LUT4 (Prop_LUT4_I2_O)        0.070     0.799 r  u_Hybrid_LHT_Kernel/u_Gradient_Kernel_System/u_Get_Index_and_Fix_Limits/Selector_out1_60[52][15]_i_2/O
                         net (fo=2, unplaced)         0.185     0.984    u_Hybrid_LHT_Kernel/u_Gradient_Kernel_System/u_Hough_Kernel/u_Hough_Kernel/Selector_out1_60_reg[52][15]_0
                         LUT5 (Prop_LUT5_I2_O)        0.038     1.022 r  u_Hybrid_LHT_Kernel/u_Gradient_Kernel_System/u_Hough_Kernel/u_Hough_Kernel/p_0_out_inferred__8/Selector_out1_60[52][15]_i_1/O
                         net (fo=1, unplaced)         0.048     1.070    u_Hybrid_LHT_Kernel/u_Gradient_Kernel_System/u_Hough_Kernel/u_Hough_Kernel/p_0_out_inferred__8/Selector_out1_60[52][15]_i_1_n_0
                         FDCE                                         r  u_Hybrid_LHT_Kernel/u_Gradient_Kernel_System/u_Hough_Kernel/u_Hough_Kernel/Selector_out1_60_reg[52][15]/D
  -------------------------------------------------------------------    -------------------

                         (clock MWCLK rise edge)      0.000     0.000 r  
                                                      0.000     0.000 r  clk (IN)
                         net (fo=8982, unset)         0.000     0.000    u_Hybrid_LHT_Kernel/u_Gradient_Kernel_System/u_Hough_Kernel/u_Hough_Kernel/clk
                         FDCE                                         r  u_Hybrid_LHT_Kernel/u_Gradient_Kernel_System/u_Hough_Kernel/u_Hough_Kernel/Selector_out1_60_reg[52][15]/C





Min Delay Paths
--------------------------------------------------------------------------------------
Slack:                    inf
  Source:                 clk_enable
                            (input port)
  Destination:            Unit_Delay_Enabled_Synchronous_out1_reg[9]_i_5/CE
                            (rising edge-triggered cell FDCE clocked by MWCLK  {rise@0.000ns fall@4.167ns period=8.333ns})
  Path Group:             (none)
  Path Type:              Hold (Min at Slow Process Corner)
  Data Path Delay:        0.000ns  (logic 0.000ns (0.000%)  route 0.000ns (0.000%))
  Logic Levels:           0  

    Location             Delay type                Incr(ns)  Path(ns)    Netlist Resource(s)
  -------------------------------------------------------------------    -------------------
                                                      0.000     0.000 r  clk_enable (IN)
                         net (fo=7252, unset)         0.000     0.000    clk_enable
                         FDCE                                         r  Unit_Delay_Enabled_Synchronous_out1_reg[9]_i_5/CE
  -------------------------------------------------------------------    -------------------

                         (clock MWCLK rise edge)      0.000     0.000 r  
                                                      0.000     0.000 r  clk (IN)
                         net (fo=8982, unset)         0.000     0.000    clk
                         FDCE                                         r  Unit_Delay_Enabled_Synchronous_out1_reg[9]_i_5/C

Slack:                    inf
  Source:                 clk_enable
                            (input port)
  Destination:            Unit_Delay_Enabled_Synchronous_out1_reg[9]_i_5/CE
                            (rising edge-triggered cell FDCE clocked by MWCLK  {rise@0.000ns fall@4.167ns period=8.333ns})
  Path Group:             (none)
  Path Type:              Hold (Min at Slow Process Corner)
  Data Path Delay:        0.000ns  (logic 0.000ns (0.000%)  route 0.000ns (0.000%))
  Logic Levels:           0  

    Location             Delay type                Incr(ns)  Path(ns)    Netlist Resource(s)
  -------------------------------------------------------------------    -------------------
                                                      0.000     0.000 r  clk_enable (IN)
                         net (fo=7252, unset)         0.000     0.000    clk_enable
                         FDCE                                         r  Unit_Delay_Enabled_Synchronous_out1_reg[9]_i_5/CE
  -------------------------------------------------------------------    -------------------

                         (clock MWCLK rise edge)      0.000     0.000 r  
                                                      0.000     0.000 r  clk (IN)
                         net (fo=8982, unset)         0.000     0.000    clk
                         FDCE                                         r  Unit_Delay_Enabled_Synchronous_out1_reg[9]_i_5/C

Slack:                    inf
  Source:                 clk_enable
                            (input port)
  Destination:            Unit_Delay_Enabled_Synchronous_out1_reg[9]_i_5/CE
                            (rising edge-triggered cell FDCE clocked by MWCLK  {rise@0.000ns fall@4.167ns period=8.333ns})
  Path Group:             (none)
  Path Type:              Hold (Min at Fast Process Corner)
  Data Path Delay:        0.000ns  (logic 0.000ns (0.000%)  route 0.000ns (0.000%))
  Logic Levels:           0  

    Location             Delay type                Incr(ns)  Path(ns)    Netlist Resource(s)
  -------------------------------------------------------------------    -------------------
                                                      0.000     0.000 r  clk_enable (IN)
                         net (fo=7252, unset)         0.000     0.000    clk_enable
                         FDCE                                         r  Unit_Delay_Enabled_Synchronous_out1_reg[9]_i_5/CE
  -------------------------------------------------------------------    -------------------

                         (clock MWCLK rise edge)      0.000     0.000 r  
                                                      0.000     0.000 r  clk (IN)
                         net (fo=8982, unset)         0.000     0.000    clk
                         FDCE                                         r  Unit_Delay_Enabled_Synchronous_out1_reg[9]_i_5/C





